Error while parsing hooks JSON. Error: "ENOENT: no such file or directory, open '/home/gman72/.dotfiles/config/Microsoft/Microsoft Teams/hooks.json'"
(node:263775) [DEP0005] DeprecationWarning: Buffer() is deprecated due to security and usability issues. Please use the Buffer.alloc(), Buffer.allocUnsafe(), or Buffer.from() methods instead.
(node:263775) MaxListenersExceededWarning: Possible EventEmitter memory leak detected. 11 ecsSettingsUpdated listeners added to [EventEmitter]. Use emitter.setMaxListeners() to increase limit
(node:263775) MaxListenersExceededWarning: Possible EventEmitter memory leak detected. 11 appInitialized listeners added to [EventEmitter]. Use emitter.setMaxListeners() to increase limit
(node:263775) UnhandledPromiseRejectionWarning: Error: LocalStorageService: key or value not defined
    at f.setValue (/usr/share/teams/resources/app.asar/main.bundle.js:1:420349)
    at t.AppLevel.set (/usr/share/teams/resources/app.asar/main.bundle.js:16:714686)
    at /usr/share/teams/resources/app.asar/main.bundle.js:16:721131
    at Array.forEach (<anonymous>)
    at t.appPreferenceKeys.reduce.n (/usr/share/teams/resources/app.asar/main.bundle.js:16:721078)
    at Object.t.loadAppPreferencesFromLocalStorage (/usr/share/teams/resources/app.asar/main.bundle.js:16:721164)
    at /usr/share/teams/resources/app.asar/main.bundle.js:148:254655
    at /usr/share/teams/resources/app.asar/main.bundle.js:148:254757
    at Object.dispatch (/usr/share/teams/resources/app.asar/main.bundle.js:148:223433)
    at Object.t.createStore (/usr/share/teams/resources/app.asar/main.bundle.js:148:191390)
(node:263775) UnhandledPromiseRejectionWarning: Unhandled promise rejection. This error originated either by throwing inside of an async function without a catch block, or by rejecting a promise which was not handled with .catch(). To terminate the node process on unhandled promise rejection, use the CLI flag `--unhandled-rejections=strict` (see https://nodejs.org/api/cli.html#cli_unhandled_rejections_mode). (rejection id: 1)
(node:263775) [DEP0018] DeprecationWarning: Unhandled promise rejections are deprecated. In the future, promise rejections that are not handled will terminate the Node.js process with a non-zero exit code.
(node:263775) UnhandledPromiseRejectionWarning: Error: LocalStorageService: key or value not defined
    at f.setValue (/usr/share/teams/resources/app.asar/main.bundle.js:1:420349)
    at t.AppLevel.set (/usr/share/teams/resources/app.asar/main.bundle.js:16:714686)
    at /usr/share/teams/resources/app.asar/main.bundle.js:16:721131
    at Array.forEach (<anonymous>)
    at t.appPreferenceKeys.reduce.n (/usr/share/teams/resources/app.asar/main.bundle.js:16:721078)
    at Object.t.loadAppPreferencesFromLocalStorage (/usr/share/teams/resources/app.asar/main.bundle.js:16:721164)
    at /usr/share/teams/resources/app.asar/main.bundle.js:148:254655
    at /usr/share/teams/resources/app.asar/main.bundle.js:148:254757
    at Object.dispatch (/usr/share/teams/resources/app.asar/main.bundle.js:148:223433)
    at Object.t.createStore (/usr/share/teams/resources/app.asar/main.bundle.js:148:191390)
(node:263775) UnhandledPromiseRejectionWarning: Unhandled promise rejection. This error originated either by throwing inside of an async function without a catch block, or by rejecting a promise which was not handled with .catch(). To terminate the node process on unhandled promise rejection, use the CLI flag `--unhandled-rejections=strict` (see https://nodejs.org/api/cli.html#cli_unhandled_rejections_mode). (rejection id: 2)
