00:00:00.011183 VirtualBox DHCP Server 6.1.32 r149290 linux.amd64 (Feb 10 2022 14:02:19) release log
00:00:00.011185 Log opened 2022-09-01T01:00:27.302608000Z
00:00:00.011185 Build Type: release
00:00:00.011188 OS Product: Linux
00:00:00.011190 OS Release: 5.16.15-zen1-1-zen
00:00:00.011191 OS Version: #1 ZEN SMP PREEMPT Thu, 17 Mar 2022 00:30:11 +0000
00:00:00.011218 DMI Product Name: System Product Name
00:00:00.011227 DMI Product Version: System Version
00:00:00.011234 Firmware type: BIOS
00:00:00.011273 Host RAM: 32068MB (31.3GB) total, 21408MB (20.9GB) available
00:00:00.011276 Executable: /usr/lib/virtualbox/VBoxNetDHCP
00:00:00.011277 Process ID: 1288860
00:00:00.011277 Package type: LINUX_64BITS_GENERIC (OSE)
00:00:00.011298 --config:  HostInterfaceNetworking-vboxnet0
00:00:00.011302 --comment: HostInterfaceNetworking-vboxnet0
00:00:00.011435 IP address:   192.168.56.100/24
00:00:00.011442 Address pool: 192.168.56.101 - 192.168.56.254
00:00:00.011472 MAC address is not specified: will use generated MAC 08:00:27:84:0d:96
00:00:00.011479 Db::i_enterFixedAddressAssignment: 08:00:27:84:0d:96: 192.168.56.100
00:00:00.011485 loading leases from /home/gman72/.config/VirtualBox/HostInterfaceNetworking-vboxnet0-Dhcpd.leases
00:00:00.012133 > LOAD: EXPIRED lease 192.168.56.113 to 08:00:27:03:51:cf, expired, valid from 2022-09-01T00:09:01Z for 600s until 2022-09-01T00:19:01Z
00:00:00.012165 > LOAD: EXPIRED lease 192.168.56.112 to 08:00:27:59:74:42, expired, valid from 2022-09-01T00:07:50Z for 600s until 2022-09-01T00:17:50Z
00:00:00.012177 > LOAD:         lease 192.168.56.111 to 08:00:27:f7:ad:08, expired, valid from 2022-04-22T11:54:06Z for 600s until 2022-04-22T12:04:06Z
00:00:00.012186 > LOAD:         lease 192.168.56.110 to 08:00:27:ca:6d:ea, expired, valid from 2022-04-22T11:33:54Z for 600s until 2022-04-22T11:43:54Z
00:00:00.012194 > LOAD: EXPIRED lease 192.168.56.109 to 08:00:27:59:ce:ff, expired, valid from 2022-09-01T00:04:34Z for 600s until 2022-09-01T00:14:34Z
00:00:00.012201 > LOAD:         lease 192.168.56.108 to 08:00:27:1f:73:24, expired, valid from 2021-12-22T15:20:21Z for 600s until 2021-12-22T15:30:21Z
00:00:00.012209 > LOAD:         lease 192.168.56.107 to 08:00:27:db:c8:66, expired, valid from 2021-12-22T21:17:32Z for 600s until 2021-12-22T21:27:32Z
00:00:00.012217 > LOAD:         lease 192.168.56.106 to 08:00:27:e7:62:9f, expired, valid from 2021-10-28T17:02:16Z for 600s until 2021-10-28T17:12:16Z
00:00:00.012225 > LOAD:         lease 192.168.56.105 to 08:00:27:ed:01:79, expired, valid from 2021-10-28T14:35:27Z for 600s until 2021-10-28T14:45:27Z
00:00:00.012233 > LOAD:         lease 192.168.56.104 to 08:00:27:50:27:37, expired, valid from 2021-10-11T13:10:41Z for 600s until 2021-10-11T13:20:41Z
00:00:00.012240 > LOAD:         lease 192.168.56.103 to 08:00:27:e6:1d:6b, expired, valid from 2021-10-11T12:54:16Z for 600s until 2021-10-11T13:04:16Z
00:00:00.012248 > LOAD:         lease 192.168.56.102 to 08:00:27:2a:45:66, expired, valid from 2021-10-11T12:43:39Z for 600s until 2021-10-11T12:53:39Z
00:00:00.012256 > LOAD:         lease 192.168.56.101 to 08:00:27:d1:ed:26, expired, valid from 2021-10-11T12:38:05Z for 600s until 2021-10-11T12:48:05Z
00:00:18.963439 DISCOVER xid 0x00003d20 chaddr 08:00:27:03:51:cf
00:00:18.963492  ciaddr 0.0.0.0
00:00:18.963503  params { 1 3 6 28 }
00:00:18.963528 > allocateAddress to client 08:00:27:03:51:cf
00:00:18.963536 > ... found existing binding 192.168.56.113 to 08:00:27:03:51:cf, expired, valid from 2022-09-01T00:09:01Z for 600s until 2022-09-01T00:19:01Z
00:00:18.963550 Lease time 600 secs (default)
00:00:18.963558 >>> requested option 1 (SubnetMask)
00:00:18.963563 ... always supplied
00:00:18.963567 >>> requested option 3 (Routers)
00:00:18.963572 ... not found
00:00:18.963576 >>> requested option 6 (DNSes)
00:00:18.963580 ... not found
00:00:18.963585 >>> requested option 28 (BroadcastAddress)
00:00:18.963589 ... not found
00:00:18.963600 encoding option 1 (SubnetMask)
00:00:18.963605 encoding option 51 (LeaseTime)
00:00:18.963612 OFFER xid 0x00003d20 chaddr 08:00:27:03:51:cf
00:00:18.963639  ciaddr 0.0.0.0 yiaddr 192.168.56.113
00:00:18.963653 encoded message: 548 bytes
00:00:18.963656 00007f91bc0011e0/0000: 02 01 06 00 20 3d 00 00-00 00 00 00 00 00 00 00 .... =..........
00:00:18.963668 00007f91bc0011f0/0010: c0 a8 38 71 00 00 00 00-00 00 00 00 08 00 27 03 ..8q..........'.
00:00:18.963672 00007f91bc001200/0020: 51 cf 00 00 00 00 00 00-00 00 00 00 00 00 00 00 Q...............
00:00:18.963675 00007f91bc001210/0030: 00 00 00 00 00 00 00 00-00 00 00 00 00 00 00 00 ................
00:00:18.963679 00007f91bc001220/0040: 00 00 00 00 00 00 00 00-00 00 00 00 00 00 00 00 ................
00:00:18.963682 00007f91bc001230/0050: 00 00 00 00 00 00 00 00-00 00 00 00 00 00 00 00 ................
00:00:18.963685 00007f91bc001240/0060: 00 00 00 00 00 00 00 00-00 00 00 00 00 00 00 00 ................
00:00:18.963689 00007f91bc001250/0070: 00 00 00 00 00 00 00 00-00 00 00 00 00 00 00 00 ................
00:00:18.963692 00007f91bc001260/0080: 00 00 00 00 00 00 00 00-00 00 00 00 00 00 00 00 ................
00:00:18.963696 00007f91bc001270/0090: 00 00 00 00 00 00 00 00-00 00 00 00 00 00 00 00 ................
00:00:18.963699 00007f91bc001280/00a0: 00 00 00 00 00 00 00 00-00 00 00 00 00 00 00 00 ................
00:00:18.963702 00007f91bc001290/00b0: 00 00 00 00 00 00 00 00-00 00 00 00 00 00 00 00 ................
00:00:18.963706 00007f91bc0012a0/00c0: 00 00 00 00 00 00 00 00-00 00 00 00 00 00 00 00 ................
00:00:18.963709 00007f91bc0012b0/00d0: 00 00 00 00 00 00 00 00-00 00 00 00 00 00 00 00 ................
00:00:18.963713 00007f91bc0012c0/00e0: 00 00 00 00 00 00 00 00-00 00 00 00 63 82 53 63 ............c.Sc
00:00:18.963716 00007f91bc0012d0/00f0: 36 04 c0 a8 38 64 35 01-02 01 04 ff ff ff 00 33 6...8d5........3
00:00:18.963720 00007f91bc0012e0/0100: 04 00 00 02 58 ff 00 00-00 00 00 00 00 00 00 00 ....X...........
00:00:18.963723 00007f91bc0012f0/0110: 00 00 00 00 00 00 00 00-00 00 00 00 00 00 00 00 ................
00:00:18.963727 00007f91bc001300/0120: 00 00 00 00 00 00 00 00-00 00 00 00 00 00 00 00 ................
00:00:18.963730 00007f91bc001310/0130: 00 00 00 00 00 00 00 00-00 00 00 00 00 00 00 00 ................
00:00:18.963733 00007f91bc001320/0140: 00 00 00 00 00 00 00 00-00 00 00 00 00 00 00 00 ................
00:00:18.963737 00007f91bc001330/0150: 00 00 00 00 00 00 00 00-00 00 00 00 00 00 00 00 ................
00:00:18.963740 00007f91bc001340/0160: 00 00 00 00 00 00 00 00-00 00 00 00 00 00 00 00 ................
00:00:18.963744 00007f91bc001350/0170: 00 00 00 00 00 00 00 00-00 00 00 00 00 00 00 00 ................
00:00:18.963747 00007f91bc001360/0180: 00 00 00 00 00 00 00 00-00 00 00 00 00 00 00 00 ................
00:00:18.963750 00007f91bc001370/0190: 00 00 00 00 00 00 00 00-00 00 00 00 00 00 00 00 ................
00:00:18.963754 00007f91bc001380/01a0: 00 00 00 00 00 00 00 00-00 00 00 00 00 00 00 00 ................
00:00:18.963757 00007f91bc001390/01b0: 00 00 00 00 00 00 00 00-00 00 00 00 00 00 00 00 ................
00:00:18.963761 00007f91bc0013a0/01c0: 00 00 00 00 00 00 00 00-00 00 00 00 00 00 00 00 ................
00:00:18.963764 00007f91bc0013b0/01d0: 00 00 00 00 00 00 00 00-00 00 00 00 00 00 00 00 ................
00:00:18.963767 00007f91bc0013c0/01e0: 00 00 00 00 00 00 00 00-00 00 00 00 00 00 00 00 ................
00:00:18.963771 00007f91bc0013d0/01f0: 00 00 00 00 00 00 00 00-00 00 00 00 00 00 00 00 ................
00:00:18.963775 00007f91bc0013e0/0200: 00 00 00 00 00 00 00 00-00 00 00 00 00 00 00 00 ................
00:00:18.963778 00007f91bc0013f0/0210: 00 00 00 00 00 00 00 00-00 00 00 00 00 00 00 00 ................
00:00:18.963782 00007f91bc001400/0220: 00 00 00 00                                     ....
00:00:18.964302 REQUEST xid 0x00003d21 chaddr 08:00:27:03:51:cf
00:00:18.964322  ciaddr 0.0.0.0
00:00:18.964331  for server 192.168.56.100 requested address 192.168.56.113
00:00:18.964344  params { 1 3 6 28 }
00:00:18.964366   54: c0 a8 38 64
00:00:18.964373 > allocateAddress 192.168.56.113 to client 08:00:27:03:51:cf
00:00:18.964380 > ... found existing binding 192.168.56.113 to 08:00:27:03:51:cf, offered, valid from 2022-09-01T01:00:46Z for 600s until 2022-09-01T01:10:46Z
00:00:18.964399 Lease time 600 secs (default)
00:00:18.964405 writing leases to /home/gman72/.config/VirtualBox/HostInterfaceNetworking-vboxnet0-Dhcpd.leases
00:00:18.982731 >>> requested option 1 (SubnetMask)
00:00:18.982759 ... always supplied
00:00:18.982761 >>> requested option 3 (Routers)
00:00:18.982764 ... not found
00:00:18.982766 >>> requested option 6 (DNSes)
00:00:18.982768 ... not found
00:00:18.982770 >>> requested option 28 (BroadcastAddress)
00:00:18.982772 ... not found
00:00:18.982777 encoding option 1 (SubnetMask)
00:00:18.982780 encoding option 51 (LeaseTime)
00:00:18.982783 ACK xid 0x00003d21 chaddr 08:00:27:03:51:cf
00:00:18.982791  ciaddr 0.0.0.0 yiaddr 192.168.56.113
00:00:18.982798 encoded message: 548 bytes
00:00:18.982800 00007f91bc0011e0/0000: 02 01 06 00 21 3d 00 00-00 00 00 00 00 00 00 00 ....!=..........
00:00:18.982802 00007f91bc0011f0/0010: c0 a8 38 71 00 00 00 00-00 00 00 00 08 00 27 03 ..8q..........'.
00:00:18.982804 00007f91bc001200/0020: 51 cf 00 00 00 00 00 00-00 00 00 00 00 00 00 00 Q...............
00:00:18.982806 00007f91bc001210/0030: 00 00 00 00 00 00 00 00-00 00 00 00 00 00 00 00 ................
00:00:18.982808 00007f91bc001220/0040: 00 00 00 00 00 00 00 00-00 00 00 00 00 00 00 00 ................
00:00:18.982810 00007f91bc001230/0050: 00 00 00 00 00 00 00 00-00 00 00 00 00 00 00 00 ................
00:00:18.982811 00007f91bc001240/0060: 00 00 00 00 00 00 00 00-00 00 00 00 00 00 00 00 ................
00:00:18.982813 00007f91bc001250/0070: 00 00 00 00 00 00 00 00-00 00 00 00 00 00 00 00 ................
00:00:18.982815 00007f91bc001260/0080: 00 00 00 00 00 00 00 00-00 00 00 00 00 00 00 00 ................
00:00:18.982817 00007f91bc001270/0090: 00 00 00 00 00 00 00 00-00 00 00 00 00 00 00 00 ................
00:00:18.982818 00007f91bc001280/00a0: 00 00 00 00 00 00 00 00-00 00 00 00 00 00 00 00 ................
00:00:18.982820 00007f91bc001290/00b0: 00 00 00 00 00 00 00 00-00 00 00 00 00 00 00 00 ................
00:00:18.982822 00007f91bc0012a0/00c0: 00 00 00 00 00 00 00 00-00 00 00 00 00 00 00 00 ................
00:00:18.982824 00007f91bc0012b0/00d0: 00 00 00 00 00 00 00 00-00 00 00 00 00 00 00 00 ................
00:00:18.982826 00007f91bc0012c0/00e0: 00 00 00 00 00 00 00 00-00 00 00 00 63 82 53 63 ............c.Sc
00:00:18.982827 00007f91bc0012d0/00f0: 36 04 c0 a8 38 64 35 01-05 01 04 ff ff ff 00 33 6...8d5........3
00:00:18.982829 00007f91bc0012e0/0100: 04 00 00 02 58 ff 00 00-00 00 00 00 00 00 00 00 ....X...........
00:00:18.982831 00007f91bc0012f0/0110: 00 00 00 00 00 00 00 00-00 00 00 00 00 00 00 00 ................
00:00:18.982833 00007f91bc001300/0120: 00 00 00 00 00 00 00 00-00 00 00 00 00 00 00 00 ................
00:00:18.982834 00007f91bc001310/0130: 00 00 00 00 00 00 00 00-00 00 00 00 00 00 00 00 ................
00:00:18.982836 00007f91bc001320/0140: 00 00 00 00 00 00 00 00-00 00 00 00 00 00 00 00 ................
00:00:18.982838 00007f91bc001330/0150: 00 00 00 00 00 00 00 00-00 00 00 00 00 00 00 00 ................
00:00:18.982840 00007f91bc001340/0160: 00 00 00 00 00 00 00 00-00 00 00 00 00 00 00 00 ................
00:00:18.982841 00007f91bc001350/0170: 00 00 00 00 00 00 00 00-00 00 00 00 00 00 00 00 ................
00:00:18.982843 00007f91bc001360/0180: 00 00 00 00 00 00 00 00-00 00 00 00 00 00 00 00 ................
00:00:18.982845 00007f91bc001370/0190: 00 00 00 00 00 00 00 00-00 00 00 00 00 00 00 00 ................
00:00:18.982847 00007f91bc001380/01a0: 00 00 00 00 00 00 00 00-00 00 00 00 00 00 00 00 ................
00:00:18.982848 00007f91bc001390/01b0: 00 00 00 00 00 00 00 00-00 00 00 00 00 00 00 00 ................
00:00:18.982850 00007f91bc0013a0/01c0: 00 00 00 00 00 00 00 00-00 00 00 00 00 00 00 00 ................
00:00:18.982852 00007f91bc0013b0/01d0: 00 00 00 00 00 00 00 00-00 00 00 00 00 00 00 00 ................
00:00:18.982854 00007f91bc0013c0/01e0: 00 00 00 00 00 00 00 00-00 00 00 00 00 00 00 00 ................
00:00:18.982855 00007f91bc0013d0/01f0: 00 00 00 00 00 00 00 00-00 00 00 00 00 00 00 00 ................
00:00:18.982857 00007f91bc0013e0/0200: 00 00 00 00 00 00 00 00-00 00 00 00 00 00 00 00 ................
00:00:18.982859 00007f91bc0013f0/0210: 00 00 00 00 00 00 00 00-00 00 00 00 00 00 00 00 ................
00:00:18.982861 00007f91bc001400/0220: 00 00 00 00                                     ....
00:02:31.750241 DISCOVER xid 0x00003611 chaddr 08:00:27:59:ce:ff
00:02:31.750277  ciaddr 0.0.0.0
00:02:31.750284  params { 1 3 6 28 }
00:02:31.750298 > allocateAddress to client 08:00:27:59:ce:ff
00:02:31.750305 > .... noted expired binding 192.168.56.112 to 08:00:27:59:74:42, expired, valid from 2022-09-01T00:07:50Z for 600s until 2022-09-01T00:17:50Z
00:02:31.750318 > ... found existing binding 192.168.56.109 to 08:00:27:59:ce:ff, expired, valid from 2022-09-01T00:04:34Z for 600s until 2022-09-01T00:14:34Z
00:02:31.750328 Lease time 600 secs (default)
00:02:31.750334 >>> requested option 1 (SubnetMask)
00:02:31.750337 ... always supplied
00:02:31.750339 >>> requested option 3 (Routers)
00:02:31.750341 ... not found
00:02:31.750345 >>> requested option 6 (DNSes)
00:02:31.750348 ... not found
00:02:31.750352 >>> requested option 28 (BroadcastAddress)
00:02:31.750356 ... not found
00:02:31.750363 encoding option 1 (SubnetMask)
00:02:31.750367 encoding option 51 (LeaseTime)
00:02:31.750373 OFFER xid 0x00003611 chaddr 08:00:27:59:ce:ff
00:02:31.750383  ciaddr 0.0.0.0 yiaddr 192.168.56.109
00:02:31.750394 encoded message: 548 bytes
00:02:31.750396 00007f91bc0011e0/0000: 02 01 06 00 11 36 00 00-00 00 00 00 00 00 00 00 .....6..........
00:02:31.750398 00007f91bc0011f0/0010: c0 a8 38 6d 00 00 00 00-00 00 00 00 08 00 27 59 ..8m..........'Y
00:02:31.750400 00007f91bc001200/0020: ce ff 00 00 00 00 00 00-00 00 00 00 00 00 00 00 ................
00:02:31.750402 00007f91bc001210/0030: 00 00 00 00 00 00 00 00-00 00 00 00 00 00 00 00 ................
00:02:31.750404 00007f91bc001220/0040: 00 00 00 00 00 00 00 00-00 00 00 00 00 00 00 00 ................
00:02:31.750407 00007f91bc001230/0050: 00 00 00 00 00 00 00 00-00 00 00 00 00 00 00 00 ................
00:02:31.750410 00007f91bc001240/0060: 00 00 00 00 00 00 00 00-00 00 00 00 00 00 00 00 ................
00:02:31.750413 00007f91bc001250/0070: 00 00 00 00 00 00 00 00-00 00 00 00 00 00 00 00 ................
00:02:31.750416 00007f91bc001260/0080: 00 00 00 00 00 00 00 00-00 00 00 00 00 00 00 00 ................
00:02:31.750420 00007f91bc001270/0090: 00 00 00 00 00 00 00 00-00 00 00 00 00 00 00 00 ................
00:02:31.750423 00007f91bc001280/00a0: 00 00 00 00 00 00 00 00-00 00 00 00 00 00 00 00 ................
00:02:31.750426 00007f91bc001290/00b0: 00 00 00 00 00 00 00 00-00 00 00 00 00 00 00 00 ................
00:02:31.750428 00007f91bc0012a0/00c0: 00 00 00 00 00 00 00 00-00 00 00 00 00 00 00 00 ................
00:02:31.750431 00007f91bc0012b0/00d0: 00 00 00 00 00 00 00 00-00 00 00 00 00 00 00 00 ................
00:02:31.750434 00007f91bc0012c0/00e0: 00 00 00 00 00 00 00 00-00 00 00 00 63 82 53 63 ............c.Sc
00:02:31.750437 00007f91bc0012d0/00f0: 36 04 c0 a8 38 64 35 01-02 01 04 ff ff ff 00 33 6...8d5........3
00:02:31.750440 00007f91bc0012e0/0100: 04 00 00 02 58 ff 00 00-00 00 00 00 00 00 00 00 ....X...........
00:02:31.750443 00007f91bc0012f0/0110: 00 00 00 00 00 00 00 00-00 00 00 00 00 00 00 00 ................
00:02:31.750444 00007f91bc001300/0120: 00 00 00 00 00 00 00 00-00 00 00 00 00 00 00 00 ................
00:02:31.750446 00007f91bc001310/0130: 00 00 00 00 00 00 00 00-00 00 00 00 00 00 00 00 ................
00:02:31.750448 00007f91bc001320/0140: 00 00 00 00 00 00 00 00-00 00 00 00 00 00 00 00 ................
00:02:31.750450 00007f91bc001330/0150: 00 00 00 00 00 00 00 00-00 00 00 00 00 00 00 00 ................
00:02:31.750451 00007f91bc001340/0160: 00 00 00 00 00 00 00 00-00 00 00 00 00 00 00 00 ................
00:02:31.750453 00007f91bc001350/0170: 00 00 00 00 00 00 00 00-00 00 00 00 00 00 00 00 ................
00:02:31.750455 00007f91bc001360/0180: 00 00 00 00 00 00 00 00-00 00 00 00 00 00 00 00 ................
00:02:31.750457 00007f91bc001370/0190: 00 00 00 00 00 00 00 00-00 00 00 00 00 00 00 00 ................
00:02:31.750458 00007f91bc001380/01a0: 00 00 00 00 00 00 00 00-00 00 00 00 00 00 00 00 ................
00:02:31.750460 00007f91bc001390/01b0: 00 00 00 00 00 00 00 00-00 00 00 00 00 00 00 00 ................
00:02:31.750462 00007f91bc0013a0/01c0: 00 00 00 00 00 00 00 00-00 00 00 00 00 00 00 00 ................
00:02:31.750464 00007f91bc0013b0/01d0: 00 00 00 00 00 00 00 00-00 00 00 00 00 00 00 00 ................
00:02:31.750465 00007f91bc0013c0/01e0: 00 00 00 00 00 00 00 00-00 00 00 00 00 00 00 00 ................
00:02:31.750467 00007f91bc0013d0/01f0: 00 00 00 00 00 00 00 00-00 00 00 00 00 00 00 00 ................
00:02:31.750469 00007f91bc0013e0/0200: 00 00 00 00 00 00 00 00-00 00 00 00 00 00 00 00 ................
00:02:31.750471 00007f91bc0013f0/0210: 00 00 00 00 00 00 00 00-00 00 00 00 00 00 00 00 ................
00:02:31.750472 00007f91bc001400/0220: 00 00 00 00                                     ....
00:02:31.750964 REQUEST xid 0x00003612 chaddr 08:00:27:59:ce:ff
00:02:31.750982  ciaddr 0.0.0.0
00:02:31.750989  for server 192.168.56.100 requested address 192.168.56.109
00:02:31.751000  params { 1 3 6 28 }
00:02:31.751017   54: c0 a8 38 64
00:02:31.751023 > allocateAddress 192.168.56.109 to client 08:00:27:59:ce:ff
00:02:31.751028 > .... noted expired binding 192.168.56.112 to 08:00:27:59:74:42, expired, valid from 2022-09-01T00:07:50Z for 600s until 2022-09-01T00:17:50Z
00:02:31.751037 > ... found existing binding 192.168.56.109 to 08:00:27:59:ce:ff, offered, valid from 2022-09-01T01:02:59Z for 600s until 2022-09-01T01:12:59Z
00:02:31.751044 Lease time 600 secs (default)
00:02:31.751048 writing leases to /home/gman72/.config/VirtualBox/HostInterfaceNetworking-vboxnet0-Dhcpd.leases
00:02:31.763193 >>> requested option 1 (SubnetMask)
00:02:31.763211 ... always supplied
00:02:31.763215 >>> requested option 3 (Routers)
00:02:31.763219 ... not found
00:02:31.763222 >>> requested option 6 (DNSes)
00:02:31.763225 ... not found
00:02:31.763228 >>> requested option 28 (BroadcastAddress)
00:02:31.763231 ... not found
00:02:31.763237 encoding option 1 (SubnetMask)
00:02:31.763241 encoding option 51 (LeaseTime)
00:02:31.763246 ACK xid 0x00003612 chaddr 08:00:27:59:ce:ff
00:02:31.763257  ciaddr 0.0.0.0 yiaddr 192.168.56.109
00:02:31.763267 encoded message: 548 bytes
00:02:31.763269 00007f91bc0011e0/0000: 02 01 06 00 12 36 00 00-00 00 00 00 00 00 00 00 .....6..........
00:02:31.763273 00007f91bc0011f0/0010: c0 a8 38 6d 00 00 00 00-00 00 00 00 08 00 27 59 ..8m..........'Y
00:02:31.763276 00007f91bc001200/0020: ce ff 00 00 00 00 00 00-00 00 00 00 00 00 00 00 ................
00:02:31.763279 00007f91bc001210/0030: 00 00 00 00 00 00 00 00-00 00 00 00 00 00 00 00 ................
00:02:31.763282 00007f91bc001220/0040: 00 00 00 00 00 00 00 00-00 00 00 00 00 00 00 00 ................
00:02:31.763285 00007f91bc001230/0050: 00 00 00 00 00 00 00 00-00 00 00 00 00 00 00 00 ................
00:02:31.763288 00007f91bc001240/0060: 00 00 00 00 00 00 00 00-00 00 00 00 00 00 00 00 ................
00:02:31.763291 00007f91bc001250/0070: 00 00 00 00 00 00 00 00-00 00 00 00 00 00 00 00 ................
00:02:31.763294 00007f91bc001260/0080: 00 00 00 00 00 00 00 00-00 00 00 00 00 00 00 00 ................
00:02:31.763297 00007f91bc001270/0090: 00 00 00 00 00 00 00 00-00 00 00 00 00 00 00 00 ................
00:02:31.763301 00007f91bc001280/00a0: 00 00 00 00 00 00 00 00-00 00 00 00 00 00 00 00 ................
00:02:31.763304 00007f91bc001290/00b0: 00 00 00 00 00 00 00 00-00 00 00 00 00 00 00 00 ................
00:02:31.763307 00007f91bc0012a0/00c0: 00 00 00 00 00 00 00 00-00 00 00 00 00 00 00 00 ................
00:02:31.763310 00007f91bc0012b0/00d0: 00 00 00 00 00 00 00 00-00 00 00 00 00 00 00 00 ................
00:02:31.763313 00007f91bc0012c0/00e0: 00 00 00 00 00 00 00 00-00 00 00 00 63 82 53 63 ............c.Sc
00:02:31.763316 00007f91bc0012d0/00f0: 36 04 c0 a8 38 64 35 01-05 01 04 ff ff ff 00 33 6...8d5........3
00:02:31.763319 00007f91bc0012e0/0100: 04 00 00 02 58 ff 00 00-00 00 00 00 00 00 00 00 ....X...........
00:02:31.763322 00007f91bc0012f0/0110: 00 00 00 00 00 00 00 00-00 00 00 00 00 00 00 00 ................
00:02:31.763325 00007f91bc001300/0120: 00 00 00 00 00 00 00 00-00 00 00 00 00 00 00 00 ................
00:02:31.763328 00007f91bc001310/0130: 00 00 00 00 00 00 00 00-00 00 00 00 00 00 00 00 ................
00:02:31.763331 00007f91bc001320/0140: 00 00 00 00 00 00 00 00-00 00 00 00 00 00 00 00 ................
00:02:31.763334 00007f91bc001330/0150: 00 00 00 00 00 00 00 00-00 00 00 00 00 00 00 00 ................
00:02:31.763337 00007f91bc001340/0160: 00 00 00 00 00 00 00 00-00 00 00 00 00 00 00 00 ................
00:02:31.763340 00007f91bc001350/0170: 00 00 00 00 00 00 00 00-00 00 00 00 00 00 00 00 ................
00:02:31.763344 00007f91bc001360/0180: 00 00 00 00 00 00 00 00-00 00 00 00 00 00 00 00 ................
00:02:31.763347 00007f91bc001370/0190: 00 00 00 00 00 00 00 00-00 00 00 00 00 00 00 00 ................
00:02:31.763350 00007f91bc001380/01a0: 00 00 00 00 00 00 00 00-00 00 00 00 00 00 00 00 ................
00:02:31.763353 00007f91bc001390/01b0: 00 00 00 00 00 00 00 00-00 00 00 00 00 00 00 00 ................
00:02:31.763356 00007f91bc0013a0/01c0: 00 00 00 00 00 00 00 00-00 00 00 00 00 00 00 00 ................
00:02:31.763359 00007f91bc0013b0/01d0: 00 00 00 00 00 00 00 00-00 00 00 00 00 00 00 00 ................
00:02:31.763362 00007f91bc0013c0/01e0: 00 00 00 00 00 00 00 00-00 00 00 00 00 00 00 00 ................
00:02:31.763365 00007f91bc0013d0/01f0: 00 00 00 00 00 00 00 00-00 00 00 00 00 00 00 00 ................
00:02:31.763368 00007f91bc0013e0/0200: 00 00 00 00 00 00 00 00-00 00 00 00 00 00 00 00 ................
00:02:31.763371 00007f91bc0013f0/0210: 00 00 00 00 00 00 00 00-00 00 00 00 00 00 00 00 ................
00:02:31.763374 00007f91bc001400/0220: 00 00 00 00                                     ....
00:04:06.834955 DISCOVER xid 0x0000453f chaddr 08:00:27:59:74:42
00:04:06.835011  ciaddr 0.0.0.0
00:04:06.835020  params { 1 3 6 28 }
00:04:06.835040 > allocateAddress to client 08:00:27:59:74:42
00:04:06.835046 > ... found existing binding 192.168.56.112 to 08:00:27:59:74:42, expired, valid from 2022-09-01T00:07:50Z for 600s until 2022-09-01T00:17:50Z
00:04:06.835055 Lease time 600 secs (default)
00:04:06.835060 >>> requested option 1 (SubnetMask)
00:04:06.835062 ... always supplied
00:04:06.835065 >>> requested option 3 (Routers)
00:04:06.835067 ... not found
00:04:06.835069 >>> requested option 6 (DNSes)
00:04:06.835071 ... not found
00:04:06.835073 >>> requested option 28 (BroadcastAddress)
00:04:06.835075 ... not found
00:04:06.835079 encoding option 1 (SubnetMask)
00:04:06.835082 encoding option 51 (LeaseTime)
00:04:06.835085 OFFER xid 0x0000453f chaddr 08:00:27:59:74:42
00:04:06.835091  ciaddr 0.0.0.0 yiaddr 192.168.56.112
00:04:06.835098 encoded message: 548 bytes
00:04:06.835100 00007f91bc0011e0/0000: 02 01 06 00 3f 45 00 00-00 00 00 00 00 00 00 00 ....?E..........
00:04:06.835102 00007f91bc0011f0/0010: c0 a8 38 70 00 00 00 00-00 00 00 00 08 00 27 59 ..8p..........'Y
00:04:06.835104 00007f91bc001200/0020: 74 42 00 00 00 00 00 00-00 00 00 00 00 00 00 00 tB..............
00:04:06.835106 00007f91bc001210/0030: 00 00 00 00 00 00 00 00-00 00 00 00 00 00 00 00 ................
00:04:06.835108 00007f91bc001220/0040: 00 00 00 00 00 00 00 00-00 00 00 00 00 00 00 00 ................
00:04:06.835110 00007f91bc001230/0050: 00 00 00 00 00 00 00 00-00 00 00 00 00 00 00 00 ................
00:04:06.835111 00007f91bc001240/0060: 00 00 00 00 00 00 00 00-00 00 00 00 00 00 00 00 ................
00:04:06.835113 00007f91bc001250/0070: 00 00 00 00 00 00 00 00-00 00 00 00 00 00 00 00 ................
00:04:06.835115 00007f91bc001260/0080: 00 00 00 00 00 00 00 00-00 00 00 00 00 00 00 00 ................
00:04:06.835116 00007f91bc001270/0090: 00 00 00 00 00 00 00 00-00 00 00 00 00 00 00 00 ................
00:04:06.835118 00007f91bc001280/00a0: 00 00 00 00 00 00 00 00-00 00 00 00 00 00 00 00 ................
00:04:06.835120 00007f91bc001290/00b0: 00 00 00 00 00 00 00 00-00 00 00 00 00 00 00 00 ................
00:04:06.835122 00007f91bc0012a0/00c0: 00 00 00 00 00 00 00 00-00 00 00 00 00 00 00 00 ................
00:04:06.835124 00007f91bc0012b0/00d0: 00 00 00 00 00 00 00 00-00 00 00 00 00 00 00 00 ................
00:04:06.835125 00007f91bc0012c0/00e0: 00 00 00 00 00 00 00 00-00 00 00 00 63 82 53 63 ............c.Sc
00:04:06.835127 00007f91bc0012d0/00f0: 36 04 c0 a8 38 64 35 01-02 01 04 ff ff ff 00 33 6...8d5........3
00:04:06.835129 00007f91bc0012e0/0100: 04 00 00 02 58 ff 00 00-00 00 00 00 00 00 00 00 ....X...........
00:04:06.835131 00007f91bc0012f0/0110: 00 00 00 00 00 00 00 00-00 00 00 00 00 00 00 00 ................
00:04:06.835133 00007f91bc001300/0120: 00 00 00 00 00 00 00 00-00 00 00 00 00 00 00 00 ................
00:04:06.835134 00007f91bc001310/0130: 00 00 00 00 00 00 00 00-00 00 00 00 00 00 00 00 ................
00:04:06.835136 00007f91bc001320/0140: 00 00 00 00 00 00 00 00-00 00 00 00 00 00 00 00 ................
00:04:06.835138 00007f91bc001330/0150: 00 00 00 00 00 00 00 00-00 00 00 00 00 00 00 00 ................
00:04:06.835140 00007f91bc001340/0160: 00 00 00 00 00 00 00 00-00 00 00 00 00 00 00 00 ................
00:04:06.835141 00007f91bc001350/0170: 00 00 00 00 00 00 00 00-00 00 00 00 00 00 00 00 ................
00:04:06.835154 00007f91bc001360/0180: 00 00 00 00 00 00 00 00-00 00 00 00 00 00 00 00 ................
00:04:06.835156 00007f91bc001370/0190: 00 00 00 00 00 00 00 00-00 00 00 00 00 00 00 00 ................
00:04:06.835158 00007f91bc001380/01a0: 00 00 00 00 00 00 00 00-00 00 00 00 00 00 00 00 ................
00:04:06.835160 00007f91bc001390/01b0: 00 00 00 00 00 00 00 00-00 00 00 00 00 00 00 00 ................
00:04:06.835162 00007f91bc0013a0/01c0: 00 00 00 00 00 00 00 00-00 00 00 00 00 00 00 00 ................
00:04:06.835163 00007f91bc0013b0/01d0: 00 00 00 00 00 00 00 00-00 00 00 00 00 00 00 00 ................
00:04:06.835165 00007f91bc0013c0/01e0: 00 00 00 00 00 00 00 00-00 00 00 00 00 00 00 00 ................
00:04:06.835167 00007f91bc0013d0/01f0: 00 00 00 00 00 00 00 00-00 00 00 00 00 00 00 00 ................
00:04:06.835169 00007f91bc0013e0/0200: 00 00 00 00 00 00 00 00-00 00 00 00 00 00 00 00 ................
00:04:06.835170 00007f91bc0013f0/0210: 00 00 00 00 00 00 00 00-00 00 00 00 00 00 00 00 ................
00:04:06.835172 00007f91bc001400/0220: 00 00 00 00                                     ....
00:04:06.835708 REQUEST xid 0x00004540 chaddr 08:00:27:59:74:42
00:04:06.835728  ciaddr 0.0.0.0
00:04:06.835739  for server 192.168.56.100 requested address 192.168.56.112
00:04:06.835756  params { 1 3 6 28 }
00:04:06.835774   54: c0 a8 38 64
00:04:06.835778 > allocateAddress 192.168.56.112 to client 08:00:27:59:74:42
00:04:06.835782 > ... found existing binding 192.168.56.112 to 08:00:27:59:74:42, offered, valid from 2022-09-01T01:04:34Z for 600s until 2022-09-01T01:14:34Z
00:04:06.835788 Lease time 600 secs (default)
00:04:06.835791 writing leases to /home/gman72/.config/VirtualBox/HostInterfaceNetworking-vboxnet0-Dhcpd.leases
00:04:06.840463 >>> requested option 1 (SubnetMask)
00:04:06.840485 ... always supplied
00:04:06.840489 >>> requested option 3 (Routers)
00:04:06.840493 ... not found
00:04:06.840495 >>> requested option 6 (DNSes)
00:04:06.840497 ... not found
00:04:06.840499 >>> requested option 28 (BroadcastAddress)
00:04:06.840502 ... not found
00:04:06.840506 encoding option 1 (SubnetMask)
00:04:06.840509 encoding option 51 (LeaseTime)
00:04:06.840512 ACK xid 0x00004540 chaddr 08:00:27:59:74:42
00:04:06.840520  ciaddr 0.0.0.0 yiaddr 192.168.56.112
00:04:06.840527 encoded message: 548 bytes
00:04:06.840528 00007f91bc0011e0/0000: 02 01 06 00 40 45 00 00-00 00 00 00 00 00 00 00 ....@E..........
00:04:06.840531 00007f91bc0011f0/0010: c0 a8 38 70 00 00 00 00-00 00 00 00 08 00 27 59 ..8p..........'Y
00:04:06.840533 00007f91bc001200/0020: 74 42 00 00 00 00 00 00-00 00 00 00 00 00 00 00 tB..............
00:04:06.840534 00007f91bc001210/0030: 00 00 00 00 00 00 00 00-00 00 00 00 00 00 00 00 ................
00:04:06.840536 00007f91bc001220/0040: 00 00 00 00 00 00 00 00-00 00 00 00 00 00 00 00 ................
00:04:06.840538 00007f91bc001230/0050: 00 00 00 00 00 00 00 00-00 00 00 00 00 00 00 00 ................
00:04:06.840540 00007f91bc001240/0060: 00 00 00 00 00 00 00 00-00 00 00 00 00 00 00 00 ................
00:04:06.840541 00007f91bc001250/0070: 00 00 00 00 00 00 00 00-00 00 00 00 00 00 00 00 ................
00:04:06.840543 00007f91bc001260/0080: 00 00 00 00 00 00 00 00-00 00 00 00 00 00 00 00 ................
00:04:06.840545 00007f91bc001270/0090: 00 00 00 00 00 00 00 00-00 00 00 00 00 00 00 00 ................
00:04:06.840547 00007f91bc001280/00a0: 00 00 00 00 00 00 00 00-00 00 00 00 00 00 00 00 ................
00:04:06.840549 00007f91bc001290/00b0: 00 00 00 00 00 00 00 00-00 00 00 00 00 00 00 00 ................
00:04:06.840550 00007f91bc0012a0/00c0: 00 00 00 00 00 00 00 00-00 00 00 00 00 00 00 00 ................
00:04:06.840552 00007f91bc0012b0/00d0: 00 00 00 00 00 00 00 00-00 00 00 00 00 00 00 00 ................
00:04:06.840554 00007f91bc0012c0/00e0: 00 00 00 00 00 00 00 00-00 00 00 00 63 82 53 63 ............c.Sc
00:04:06.840556 00007f91bc0012d0/00f0: 36 04 c0 a8 38 64 35 01-05 01 04 ff ff ff 00 33 6...8d5........3
00:04:06.840557 00007f91bc0012e0/0100: 04 00 00 02 58 ff 00 00-00 00 00 00 00 00 00 00 ....X...........
00:04:06.840559 00007f91bc0012f0/0110: 00 00 00 00 00 00 00 00-00 00 00 00 00 00 00 00 ................
00:04:06.840561 00007f91bc001300/0120: 00 00 00 00 00 00 00 00-00 00 00 00 00 00 00 00 ................
00:04:06.840563 00007f91bc001310/0130: 00 00 00 00 00 00 00 00-00 00 00 00 00 00 00 00 ................
00:04:06.840564 00007f91bc001320/0140: 00 00 00 00 00 00 00 00-00 00 00 00 00 00 00 00 ................
00:04:06.840566 00007f91bc001330/0150: 00 00 00 00 00 00 00 00-00 00 00 00 00 00 00 00 ................
00:04:06.840568 00007f91bc001340/0160: 00 00 00 00 00 00 00 00-00 00 00 00 00 00 00 00 ................
00:04:06.840570 00007f91bc001350/0170: 00 00 00 00 00 00 00 00-00 00 00 00 00 00 00 00 ................
00:04:06.840571 00007f91bc001360/0180: 00 00 00 00 00 00 00 00-00 00 00 00 00 00 00 00 ................
00:04:06.840573 00007f91bc001370/0190: 00 00 00 00 00 00 00 00-00 00 00 00 00 00 00 00 ................
00:04:06.840575 00007f91bc001380/01a0: 00 00 00 00 00 00 00 00-00 00 00 00 00 00 00 00 ................
00:04:06.840577 00007f91bc001390/01b0: 00 00 00 00 00 00 00 00-00 00 00 00 00 00 00 00 ................
00:04:06.840578 00007f91bc0013a0/01c0: 00 00 00 00 00 00 00 00-00 00 00 00 00 00 00 00 ................
00:04:06.840580 00007f91bc0013b0/01d0: 00 00 00 00 00 00 00 00-00 00 00 00 00 00 00 00 ................
00:04:06.840582 00007f91bc0013c0/01e0: 00 00 00 00 00 00 00 00-00 00 00 00 00 00 00 00 ................
00:04:06.840584 00007f91bc0013d0/01f0: 00 00 00 00 00 00 00 00-00 00 00 00 00 00 00 00 ................
00:04:06.840585 00007f91bc0013e0/0200: 00 00 00 00 00 00 00 00-00 00 00 00 00 00 00 00 ................
00:04:06.840587 00007f91bc0013f0/0210: 00 00 00 00 00 00 00 00-00 00 00 00 00 00 00 00 ................
00:04:06.840589 00007f91bc001400/0220: 00 00 00 00                                     ....
00:32:55.300592 DISCOVER xid 0x00003998 chaddr 08:00:27:59:ce:ff
00:32:55.307540  ciaddr 0.0.0.0
00:32:55.307550  params { 1 3 6 28 }
00:32:55.307569 > allocateAddress to client 08:00:27:59:ce:ff
00:32:55.307576 > .... noted expired binding 192.168.56.113 to 08:00:27:03:51:cf, expired, valid from 2022-09-01T01:00:46Z for 600s until 2022-09-01T01:10:46Z
00:32:55.307586 > ... found existing binding 192.168.56.109 to 08:00:27:59:ce:ff, expired, valid from 2022-09-01T01:02:59Z for 600s until 2022-09-01T01:12:59Z
00:32:55.307591 Lease time 600 secs (default)
00:32:55.307597 >>> requested option 1 (SubnetMask)
00:32:55.307600 ... always supplied
00:32:55.307602 >>> requested option 3 (Routers)
00:32:55.307604 ... not found
00:32:55.307606 >>> requested option 6 (DNSes)
00:32:55.307608 ... not found
00:32:55.307611 >>> requested option 28 (BroadcastAddress)
00:32:55.307620 ... not found
00:32:55.307625 encoding option 1 (SubnetMask)
00:32:55.307628 encoding option 51 (LeaseTime)
00:32:55.307631 OFFER xid 0x00003998 chaddr 08:00:27:59:ce:ff
00:32:55.307638  ciaddr 0.0.0.0 yiaddr 192.168.56.109
00:32:55.307644 encoded message: 548 bytes
00:32:55.307647 00007f91bc0011e0/0000: 02 01 06 00 98 39 00 00-00 00 00 00 00 00 00 00 .....9..........
00:32:55.307649 00007f91bc0011f0/0010: c0 a8 38 6d 00 00 00 00-00 00 00 00 08 00 27 59 ..8m..........'Y
00:32:55.307651 00007f91bc001200/0020: ce ff 00 00 00 00 00 00-00 00 00 00 00 00 00 00 ................
00:32:55.307653 00007f91bc001210/0030: 00 00 00 00 00 00 00 00-00 00 00 00 00 00 00 00 ................
00:32:55.307655 00007f91bc001220/0040: 00 00 00 00 00 00 00 00-00 00 00 00 00 00 00 00 ................
00:32:55.307657 00007f91bc001230/0050: 00 00 00 00 00 00 00 00-00 00 00 00 00 00 00 00 ................
00:32:55.307658 00007f91bc001240/0060: 00 00 00 00 00 00 00 00-00 00 00 00 00 00 00 00 ................
00:32:55.307660 00007f91bc001250/0070: 00 00 00 00 00 00 00 00-00 00 00 00 00 00 00 00 ................
00:32:55.307662 00007f91bc001260/0080: 00 00 00 00 00 00 00 00-00 00 00 00 00 00 00 00 ................
00:32:55.307664 00007f91bc001270/0090: 00 00 00 00 00 00 00 00-00 00 00 00 00 00 00 00 ................
00:32:55.307665 00007f91bc001280/00a0: 00 00 00 00 00 00 00 00-00 00 00 00 00 00 00 00 ................
00:32:55.307667 00007f91bc001290/00b0: 00 00 00 00 00 00 00 00-00 00 00 00 00 00 00 00 ................
00:32:55.307669 00007f91bc0012a0/00c0: 00 00 00 00 00 00 00 00-00 00 00 00 00 00 00 00 ................
00:32:55.307671 00007f91bc0012b0/00d0: 00 00 00 00 00 00 00 00-00 00 00 00 00 00 00 00 ................
00:32:55.307673 00007f91bc0012c0/00e0: 00 00 00 00 00 00 00 00-00 00 00 00 63 82 53 63 ............c.Sc
00:32:55.307674 00007f91bc0012d0/00f0: 36 04 c0 a8 38 64 35 01-02 01 04 ff ff ff 00 33 6...8d5........3
00:32:55.307676 00007f91bc0012e0/0100: 04 00 00 02 58 ff 00 00-00 00 00 00 00 00 00 00 ....X...........
00:32:55.307678 00007f91bc0012f0/0110: 00 00 00 00 00 00 00 00-00 00 00 00 00 00 00 00 ................
00:32:55.307680 00007f91bc001300/0120: 00 00 00 00 00 00 00 00-00 00 00 00 00 00 00 00 ................
00:32:55.307682 00007f91bc001310/0130: 00 00 00 00 00 00 00 00-00 00 00 00 00 00 00 00 ................
00:32:55.307683 00007f91bc001320/0140: 00 00 00 00 00 00 00 00-00 00 00 00 00 00 00 00 ................
00:32:55.307685 00007f91bc001330/0150: 00 00 00 00 00 00 00 00-00 00 00 00 00 00 00 00 ................
00:32:55.307687 00007f91bc001340/0160: 00 00 00 00 00 00 00 00-00 00 00 00 00 00 00 00 ................
00:32:55.307688 00007f91bc001350/0170: 00 00 00 00 00 00 00 00-00 00 00 00 00 00 00 00 ................
00:32:55.307690 00007f91bc001360/0180: 00 00 00 00 00 00 00 00-00 00 00 00 00 00 00 00 ................
00:32:55.307692 00007f91bc001370/0190: 00 00 00 00 00 00 00 00-00 00 00 00 00 00 00 00 ................
00:32:55.307694 00007f91bc001380/01a0: 00 00 00 00 00 00 00 00-00 00 00 00 00 00 00 00 ................
00:32:55.307695 00007f91bc001390/01b0: 00 00 00 00 00 00 00 00-00 00 00 00 00 00 00 00 ................
00:32:55.307697 00007f91bc0013a0/01c0: 00 00 00 00 00 00 00 00-00 00 00 00 00 00 00 00 ................
00:32:55.307699 00007f91bc0013b0/01d0: 00 00 00 00 00 00 00 00-00 00 00 00 00 00 00 00 ................
00:32:55.307701 00007f91bc0013c0/01e0: 00 00 00 00 00 00 00 00-00 00 00 00 00 00 00 00 ................
00:32:55.307702 00007f91bc0013d0/01f0: 00 00 00 00 00 00 00 00-00 00 00 00 00 00 00 00 ................
00:32:55.307704 00007f91bc0013e0/0200: 00 00 00 00 00 00 00 00-00 00 00 00 00 00 00 00 ................
00:32:55.307706 00007f91bc0013f0/0210: 00 00 00 00 00 00 00 00-00 00 00 00 00 00 00 00 ................
00:32:55.307708 00007f91bc001400/0220: 00 00 00 00                                     ....
00:32:55.308101 REQUEST xid 0x00003999 chaddr 08:00:27:59:ce:ff
00:32:55.308125  ciaddr 0.0.0.0
00:32:55.308136  for server 192.168.56.100 requested address 192.168.56.109
00:32:55.308197  params { 1 3 6 28 }
00:32:55.308209   54: c0 a8 38 64
00:32:55.308213 > allocateAddress 192.168.56.109 to client 08:00:27:59:ce:ff
00:32:55.308218 > .... noted expired binding 192.168.56.113 to 08:00:27:03:51:cf, expired, valid from 2022-09-01T01:00:46Z for 600s until 2022-09-01T01:10:46Z
00:32:55.308224 > ... found existing binding 192.168.56.109 to 08:00:27:59:ce:ff, offered, valid from 2022-09-01T01:33:22Z for 600s until 2022-09-01T01:43:22Z
00:32:55.308228 Lease time 600 secs (default)
00:32:55.308231 writing leases to /home/gman72/.config/VirtualBox/HostInterfaceNetworking-vboxnet0-Dhcpd.leases
00:32:55.320202 >>> requested option 1 (SubnetMask)
00:32:55.320221 ... always supplied
00:32:55.320224 >>> requested option 3 (Routers)
00:32:55.320226 ... not found
00:32:55.320229 >>> requested option 6 (DNSes)
00:32:55.320231 ... not found
00:32:55.320233 >>> requested option 28 (BroadcastAddress)
00:32:55.320235 ... not found
00:32:55.320245 encoding option 1 (SubnetMask)
00:32:55.320248 encoding option 51 (LeaseTime)
00:32:55.320252 ACK xid 0x00003999 chaddr 08:00:27:59:ce:ff
00:32:55.320260  ciaddr 0.0.0.0 yiaddr 192.168.56.109
00:32:55.320268 encoded message: 548 bytes
00:32:55.320270 00007f91bc0011e0/0000: 02 01 06 00 99 39 00 00-00 00 00 00 00 00 00 00 .....9..........
00:32:55.320272 00007f91bc0011f0/0010: c0 a8 38 6d 00 00 00 00-00 00 00 00 08 00 27 59 ..8m..........'Y
00:32:55.320274 00007f91bc001200/0020: ce ff 00 00 00 00 00 00-00 00 00 00 00 00 00 00 ................
00:32:55.320276 00007f91bc001210/0030: 00 00 00 00 00 00 00 00-00 00 00 00 00 00 00 00 ................
00:32:55.320277 00007f91bc001220/0040: 00 00 00 00 00 00 00 00-00 00 00 00 00 00 00 00 ................
00:32:55.320279 00007f91bc001230/0050: 00 00 00 00 00 00 00 00-00 00 00 00 00 00 00 00 ................
00:32:55.320281 00007f91bc001240/0060: 00 00 00 00 00 00 00 00-00 00 00 00 00 00 00 00 ................
00:32:55.320283 00007f91bc001250/0070: 00 00 00 00 00 00 00 00-00 00 00 00 00 00 00 00 ................
00:32:55.320284 00007f91bc001260/0080: 00 00 00 00 00 00 00 00-00 00 00 00 00 00 00 00 ................
00:32:55.320286 00007f91bc001270/0090: 00 00 00 00 00 00 00 00-00 00 00 00 00 00 00 00 ................
00:32:55.320288 00007f91bc001280/00a0: 00 00 00 00 00 00 00 00-00 00 00 00 00 00 00 00 ................
00:32:55.320290 00007f91bc001290/00b0: 00 00 00 00 00 00 00 00-00 00 00 00 00 00 00 00 ................
00:32:55.320292 00007f91bc0012a0/00c0: 00 00 00 00 00 00 00 00-00 00 00 00 00 00 00 00 ................
00:32:55.320293 00007f91bc0012b0/00d0: 00 00 00 00 00 00 00 00-00 00 00 00 00 00 00 00 ................
00:32:55.320295 00007f91bc0012c0/00e0: 00 00 00 00 00 00 00 00-00 00 00 00 63 82 53 63 ............c.Sc
00:32:55.320297 00007f91bc0012d0/00f0: 36 04 c0 a8 38 64 35 01-05 01 04 ff ff ff 00 33 6...8d5........3
00:32:55.320299 00007f91bc0012e0/0100: 04 00 00 02 58 ff 00 00-00 00 00 00 00 00 00 00 ....X...........
00:32:55.320301 00007f91bc0012f0/0110: 00 00 00 00 00 00 00 00-00 00 00 00 00 00 00 00 ................
00:32:55.320302 00007f91bc001300/0120: 00 00 00 00 00 00 00 00-00 00 00 00 00 00 00 00 ................
00:32:55.320304 00007f91bc001310/0130: 00 00 00 00 00 00 00 00-00 00 00 00 00 00 00 00 ................
00:32:55.320306 00007f91bc001320/0140: 00 00 00 00 00 00 00 00-00 00 00 00 00 00 00 00 ................
00:32:55.320308 00007f91bc001330/0150: 00 00 00 00 00 00 00 00-00 00 00 00 00 00 00 00 ................
00:32:55.320309 00007f91bc001340/0160: 00 00 00 00 00 00 00 00-00 00 00 00 00 00 00 00 ................
00:32:55.320311 00007f91bc001350/0170: 00 00 00 00 00 00 00 00-00 00 00 00 00 00 00 00 ................
00:32:55.320313 00007f91bc001360/0180: 00 00 00 00 00 00 00 00-00 00 00 00 00 00 00 00 ................
00:32:55.320315 00007f91bc001370/0190: 00 00 00 00 00 00 00 00-00 00 00 00 00 00 00 00 ................
00:32:55.320316 00007f91bc001380/01a0: 00 00 00 00 00 00 00 00-00 00 00 00 00 00 00 00 ................
00:32:55.320318 00007f91bc001390/01b0: 00 00 00 00 00 00 00 00-00 00 00 00 00 00 00 00 ................
00:32:55.320320 00007f91bc0013a0/01c0: 00 00 00 00 00 00 00 00-00 00 00 00 00 00 00 00 ................
00:32:55.320322 00007f91bc0013b0/01d0: 00 00 00 00 00 00 00 00-00 00 00 00 00 00 00 00 ................
00:32:55.320323 00007f91bc0013c0/01e0: 00 00 00 00 00 00 00 00-00 00 00 00 00 00 00 00 ................
00:32:55.320325 00007f91bc0013d0/01f0: 00 00 00 00 00 00 00 00-00 00 00 00 00 00 00 00 ................
00:32:55.320327 00007f91bc0013e0/0200: 00 00 00 00 00 00 00 00-00 00 00 00 00 00 00 00 ................
00:32:55.320329 00007f91bc0013f0/0210: 00 00 00 00 00 00 00 00-00 00 00 00 00 00 00 00 ................
00:32:55.320330 00007f91bc001400/0220: 00 00 00 00                                     ....
00:38:10.563067 DISCOVER xid 0x00003d40 chaddr 08:00:27:03:51:cf
00:38:10.563126  ciaddr 0.0.0.0
00:38:10.563139  params { 1 3 6 28 }
00:38:10.563181 > allocateAddress to client 08:00:27:03:51:cf
00:38:10.563190 > ... found existing binding 192.168.56.113 to 08:00:27:03:51:cf, expired, valid from 2022-09-01T01:00:46Z for 600s until 2022-09-01T01:10:46Z
00:38:10.563206 Lease time 600 secs (default)
00:38:10.563216 >>> requested option 1 (SubnetMask)
00:38:10.563221 ... always supplied
00:38:10.563226 >>> requested option 3 (Routers)
00:38:10.563231 ... not found
00:38:10.563236 >>> requested option 6 (DNSes)
00:38:10.563241 ... not found
00:38:10.563245 >>> requested option 28 (BroadcastAddress)
00:38:10.563250 ... not found
00:38:10.563258 encoding option 1 (SubnetMask)
00:38:10.563263 encoding option 51 (LeaseTime)
00:38:10.563270 OFFER xid 0x00003d40 chaddr 08:00:27:03:51:cf
00:38:10.563284  ciaddr 0.0.0.0 yiaddr 192.168.56.113
00:38:10.563299 encoded message: 548 bytes
00:38:10.563302 00007f91bc0011e0/0000: 02 01 06 00 40 3d 00 00-00 00 00 00 00 00 00 00 ....@=..........
00:38:10.563308 00007f91bc0011f0/0010: c0 a8 38 71 00 00 00 00-00 00 00 00 08 00 27 03 ..8q..........'.
00:38:10.563312 00007f91bc001200/0020: 51 cf 00 00 00 00 00 00-00 00 00 00 00 00 00 00 Q...............
00:38:10.563316 00007f91bc001210/0030: 00 00 00 00 00 00 00 00-00 00 00 00 00 00 00 00 ................
00:38:10.563320 00007f91bc001220/0040: 00 00 00 00 00 00 00 00-00 00 00 00 00 00 00 00 ................
00:38:10.563324 00007f91bc001230/0050: 00 00 00 00 00 00 00 00-00 00 00 00 00 00 00 00 ................
00:38:10.563328 00007f91bc001240/0060: 00 00 00 00 00 00 00 00-00 00 00 00 00 00 00 00 ................
00:38:10.563332 00007f91bc001250/0070: 00 00 00 00 00 00 00 00-00 00 00 00 00 00 00 00 ................
00:38:10.563336 00007f91bc001260/0080: 00 00 00 00 00 00 00 00-00 00 00 00 00 00 00 00 ................
00:38:10.563339 00007f91bc001270/0090: 00 00 00 00 00 00 00 00-00 00 00 00 00 00 00 00 ................
00:38:10.563344 00007f91bc001280/00a0: 00 00 00 00 00 00 00 00-00 00 00 00 00 00 00 00 ................
00:38:10.563348 00007f91bc001290/00b0: 00 00 00 00 00 00 00 00-00 00 00 00 00 00 00 00 ................
00:38:10.563352 00007f91bc0012a0/00c0: 00 00 00 00 00 00 00 00-00 00 00 00 00 00 00 00 ................
00:38:10.563356 00007f91bc0012b0/00d0: 00 00 00 00 00 00 00 00-00 00 00 00 00 00 00 00 ................
00:38:10.563360 00007f91bc0012c0/00e0: 00 00 00 00 00 00 00 00-00 00 00 00 63 82 53 63 ............c.Sc
00:38:10.563364 00007f91bc0012d0/00f0: 36 04 c0 a8 38 64 35 01-02 01 04 ff ff ff 00 33 6...8d5........3
00:38:10.563368 00007f91bc0012e0/0100: 04 00 00 02 58 ff 00 00-00 00 00 00 00 00 00 00 ....X...........
00:38:10.563372 00007f91bc0012f0/0110: 00 00 00 00 00 00 00 00-00 00 00 00 00 00 00 00 ................
00:38:10.563376 00007f91bc001300/0120: 00 00 00 00 00 00 00 00-00 00 00 00 00 00 00 00 ................
00:38:10.563380 00007f91bc001310/0130: 00 00 00 00 00 00 00 00-00 00 00 00 00 00 00 00 ................
00:38:10.563384 00007f91bc001320/0140: 00 00 00 00 00 00 00 00-00 00 00 00 00 00 00 00 ................
00:38:10.563388 00007f91bc001330/0150: 00 00 00 00 00 00 00 00-00 00 00 00 00 00 00 00 ................
00:38:10.563392 00007f91bc001340/0160: 00 00 00 00 00 00 00 00-00 00 00 00 00 00 00 00 ................
00:38:10.563396 00007f91bc001350/0170: 00 00 00 00 00 00 00 00-00 00 00 00 00 00 00 00 ................
00:38:10.563400 00007f91bc001360/0180: 00 00 00 00 00 00 00 00-00 00 00 00 00 00 00 00 ................
00:38:10.563403 00007f91bc001370/0190: 00 00 00 00 00 00 00 00-00 00 00 00 00 00 00 00 ................
00:38:10.563407 00007f91bc001380/01a0: 00 00 00 00 00 00 00 00-00 00 00 00 00 00 00 00 ................
00:38:10.563411 00007f91bc001390/01b0: 00 00 00 00 00 00 00 00-00 00 00 00 00 00 00 00 ................
00:38:10.563415 00007f91bc0013a0/01c0: 00 00 00 00 00 00 00 00-00 00 00 00 00 00 00 00 ................
00:38:10.563419 00007f91bc0013b0/01d0: 00 00 00 00 00 00 00 00-00 00 00 00 00 00 00 00 ................
00:38:10.563423 00007f91bc0013c0/01e0: 00 00 00 00 00 00 00 00-00 00 00 00 00 00 00 00 ................
00:38:10.563427 00007f91bc0013d0/01f0: 00 00 00 00 00 00 00 00-00 00 00 00 00 00 00 00 ................
00:38:10.563431 00007f91bc0013e0/0200: 00 00 00 00 00 00 00 00-00 00 00 00 00 00 00 00 ................
00:38:10.563435 00007f91bc0013f0/0210: 00 00 00 00 00 00 00 00-00 00 00 00 00 00 00 00 ................
00:38:10.563439 00007f91bc001400/0220: 00 00 00 00                                     ....
00:38:10.564045 REQUEST xid 0x00003d41 chaddr 08:00:27:03:51:cf
00:38:10.564072  ciaddr 0.0.0.0
00:38:10.564085  for server 192.168.56.100 requested address 192.168.56.113
00:38:10.564106  params { 1 3 6 28 }
00:38:10.564131   54: c0 a8 38 64
00:38:10.564139 > allocateAddress 192.168.56.113 to client 08:00:27:03:51:cf
00:38:10.564169 > ... found existing binding 192.168.56.113 to 08:00:27:03:51:cf, offered, valid from 2022-09-01T01:38:37Z for 600s until 2022-09-01T01:48:37Z
00:38:10.564182 Lease time 600 secs (default)
00:38:10.564189 writing leases to /home/gman72/.config/VirtualBox/HostInterfaceNetworking-vboxnet0-Dhcpd.leases
00:38:10.568899 >>> requested option 1 (SubnetMask)
00:38:10.568925 ... always supplied
00:38:10.568931 >>> requested option 3 (Routers)
00:38:10.568937 ... not found
00:38:10.568942 >>> requested option 6 (DNSes)
00:38:10.568947 ... not found
00:38:10.568951 >>> requested option 28 (BroadcastAddress)
00:38:10.568957 ... not found
00:38:10.568964 encoding option 1 (SubnetMask)
00:38:10.568970 encoding option 51 (LeaseTime)
00:38:10.568976 ACK xid 0x00003d41 chaddr 08:00:27:03:51:cf
00:38:10.568992  ciaddr 0.0.0.0 yiaddr 192.168.56.113
00:38:10.569008 encoded message: 548 bytes
00:38:10.569010 00007f91bc0011e0/0000: 02 01 06 00 41 3d 00 00-00 00 00 00 00 00 00 00 ....A=..........
00:38:10.569015 00007f91bc0011f0/0010: c0 a8 38 71 00 00 00 00-00 00 00 00 08 00 27 03 ..8q..........'.
00:38:10.569020 00007f91bc001200/0020: 51 cf 00 00 00 00 00 00-00 00 00 00 00 00 00 00 Q...............
00:38:10.569024 00007f91bc001210/0030: 00 00 00 00 00 00 00 00-00 00 00 00 00 00 00 00 ................
00:38:10.569028 00007f91bc001220/0040: 00 00 00 00 00 00 00 00-00 00 00 00 00 00 00 00 ................
00:38:10.569031 00007f91bc001230/0050: 00 00 00 00 00 00 00 00-00 00 00 00 00 00 00 00 ................
00:38:10.569035 00007f91bc001240/0060: 00 00 00 00 00 00 00 00-00 00 00 00 00 00 00 00 ................
00:38:10.569039 00007f91bc001250/0070: 00 00 00 00 00 00 00 00-00 00 00 00 00 00 00 00 ................
00:38:10.569043 00007f91bc001260/0080: 00 00 00 00 00 00 00 00-00 00 00 00 00 00 00 00 ................
00:38:10.569047 00007f91bc001270/0090: 00 00 00 00 00 00 00 00-00 00 00 00 00 00 00 00 ................
00:38:10.569051 00007f91bc001280/00a0: 00 00 00 00 00 00 00 00-00 00 00 00 00 00 00 00 ................
00:38:10.569056 00007f91bc001290/00b0: 00 00 00 00 00 00 00 00-00 00 00 00 00 00 00 00 ................
00:38:10.569060 00007f91bc0012a0/00c0: 00 00 00 00 00 00 00 00-00 00 00 00 00 00 00 00 ................
00:38:10.569064 00007f91bc0012b0/00d0: 00 00 00 00 00 00 00 00-00 00 00 00 00 00 00 00 ................
00:38:10.569067 00007f91bc0012c0/00e0: 00 00 00 00 00 00 00 00-00 00 00 00 63 82 53 63 ............c.Sc
00:38:10.569071 00007f91bc0012d0/00f0: 36 04 c0 a8 38 64 35 01-05 01 04 ff ff ff 00 33 6...8d5........3
00:38:10.569076 00007f91bc0012e0/0100: 04 00 00 02 58 ff 00 00-00 00 00 00 00 00 00 00 ....X...........
00:38:10.569080 00007f91bc0012f0/0110: 00 00 00 00 00 00 00 00-00 00 00 00 00 00 00 00 ................
00:38:10.569084 00007f91bc001300/0120: 00 00 00 00 00 00 00 00-00 00 00 00 00 00 00 00 ................
00:38:10.569087 00007f91bc001310/0130: 00 00 00 00 00 00 00 00-00 00 00 00 00 00 00 00 ................
00:38:10.569091 00007f91bc001320/0140: 00 00 00 00 00 00 00 00-00 00 00 00 00 00 00 00 ................
00:38:10.569095 00007f91bc001330/0150: 00 00 00 00 00 00 00 00-00 00 00 00 00 00 00 00 ................
00:38:10.569099 00007f91bc001340/0160: 00 00 00 00 00 00 00 00-00 00 00 00 00 00 00 00 ................
00:38:10.569103 00007f91bc001350/0170: 00 00 00 00 00 00 00 00-00 00 00 00 00 00 00 00 ................
00:38:10.569107 00007f91bc001360/0180: 00 00 00 00 00 00 00 00-00 00 00 00 00 00 00 00 ................
00:38:10.569111 00007f91bc001370/0190: 00 00 00 00 00 00 00 00-00 00 00 00 00 00 00 00 ................
00:38:10.569115 00007f91bc001380/01a0: 00 00 00 00 00 00 00 00-00 00 00 00 00 00 00 00 ................
00:38:10.569119 00007f91bc001390/01b0: 00 00 00 00 00 00 00 00-00 00 00 00 00 00 00 00 ................
00:38:10.569123 00007f91bc0013a0/01c0: 00 00 00 00 00 00 00 00-00 00 00 00 00 00 00 00 ................
00:38:10.569127 00007f91bc0013b0/01d0: 00 00 00 00 00 00 00 00-00 00 00 00 00 00 00 00 ................
00:38:10.569131 00007f91bc0013c0/01e0: 00 00 00 00 00 00 00 00-00 00 00 00 00 00 00 00 ................
00:38:10.569135 00007f91bc0013d0/01f0: 00 00 00 00 00 00 00 00-00 00 00 00 00 00 00 00 ................
00:38:10.569139 00007f91bc0013e0/0200: 00 00 00 00 00 00 00 00-00 00 00 00 00 00 00 00 ................
00:38:10.569143 00007f91bc0013f0/0210: 00 00 00 00 00 00 00 00-00 00 00 00 00 00 00 00 ................
00:38:10.569165 00007f91bc001400/0220: 00 00 00 00                                     ....
00:41:41.886712 DISCOVER xid 0x00003cb3 chaddr 08:00:27:59:74:42
00:41:41.886759  ciaddr 0.0.0.0
00:41:41.886768  params { 1 3 6 28 }
00:41:41.886788 > allocateAddress to client 08:00:27:59:74:42
00:41:41.886795 > ... found existing binding 192.168.56.112 to 08:00:27:59:74:42, expired, valid from 2022-09-01T01:04:34Z for 600s until 2022-09-01T01:14:34Z
00:41:41.886808 Lease time 600 secs (default)
00:41:41.886816 >>> requested option 1 (SubnetMask)
00:41:41.886820 ... always supplied
00:41:41.886824 >>> requested option 3 (Routers)
00:41:41.886827 ... not found
00:41:41.886830 >>> requested option 6 (DNSes)
00:41:41.886834 ... not found
00:41:41.886837 >>> requested option 28 (BroadcastAddress)
00:41:41.886841 ... not found
00:41:41.886847 encoding option 1 (SubnetMask)
00:41:41.886851 encoding option 51 (LeaseTime)
00:41:41.886856 OFFER xid 0x00003cb3 chaddr 08:00:27:59:74:42
00:41:41.886867  ciaddr 0.0.0.0 yiaddr 192.168.56.112
00:41:41.886879 encoded message: 548 bytes
00:41:41.886881 00007f91bc0011e0/0000: 02 01 06 00 b3 3c 00 00-00 00 00 00 00 00 00 00 .....<..........
00:41:41.886885 00007f91bc0011f0/0010: c0 a8 38 70 00 00 00 00-00 00 00 00 08 00 27 59 ..8p..........'Y
00:41:41.886888 00007f91bc001200/0020: 74 42 00 00 00 00 00 00-00 00 00 00 00 00 00 00 tB..............
00:41:41.886890 00007f91bc001210/0030: 00 00 00 00 00 00 00 00-00 00 00 00 00 00 00 00 ................
00:41:41.886893 00007f91bc001220/0040: 00 00 00 00 00 00 00 00-00 00 00 00 00 00 00 00 ................
00:41:41.886895 00007f91bc001230/0050: 00 00 00 00 00 00 00 00-00 00 00 00 00 00 00 00 ................
00:41:41.886898 00007f91bc001240/0060: 00 00 00 00 00 00 00 00-00 00 00 00 00 00 00 00 ................
00:41:41.886901 00007f91bc001250/0070: 00 00 00 00 00 00 00 00-00 00 00 00 00 00 00 00 ................
00:41:41.886903 00007f91bc001260/0080: 00 00 00 00 00 00 00 00-00 00 00 00 00 00 00 00 ................
00:41:41.886906 00007f91bc001270/0090: 00 00 00 00 00 00 00 00-00 00 00 00 00 00 00 00 ................
00:41:41.886909 00007f91bc001280/00a0: 00 00 00 00 00 00 00 00-00 00 00 00 00 00 00 00 ................
00:41:41.886912 00007f91bc001290/00b0: 00 00 00 00 00 00 00 00-00 00 00 00 00 00 00 00 ................
00:41:41.886915 00007f91bc0012a0/00c0: 00 00 00 00 00 00 00 00-00 00 00 00 00 00 00 00 ................
00:41:41.886918 00007f91bc0012b0/00d0: 00 00 00 00 00 00 00 00-00 00 00 00 00 00 00 00 ................
00:41:41.886921 00007f91bc0012c0/00e0: 00 00 00 00 00 00 00 00-00 00 00 00 63 82 53 63 ............c.Sc
00:41:41.886924 00007f91bc0012d0/00f0: 36 04 c0 a8 38 64 35 01-02 01 04 ff ff ff 00 33 6...8d5........3
00:41:41.886927 00007f91bc0012e0/0100: 04 00 00 02 58 ff 00 00-00 00 00 00 00 00 00 00 ....X...........
00:41:41.886930 00007f91bc0012f0/0110: 00 00 00 00 00 00 00 00-00 00 00 00 00 00 00 00 ................
00:41:41.886933 00007f91bc001300/0120: 00 00 00 00 00 00 00 00-00 00 00 00 00 00 00 00 ................
00:41:41.886936 00007f91bc001310/0130: 00 00 00 00 00 00 00 00-00 00 00 00 00 00 00 00 ................
00:41:41.886939 00007f91bc001320/0140: 00 00 00 00 00 00 00 00-00 00 00 00 00 00 00 00 ................
00:41:41.886942 00007f91bc001330/0150: 00 00 00 00 00 00 00 00-00 00 00 00 00 00 00 00 ................
00:41:41.886945 00007f91bc001340/0160: 00 00 00 00 00 00 00 00-00 00 00 00 00 00 00 00 ................
00:41:41.886948 00007f91bc001350/0170: 00 00 00 00 00 00 00 00-00 00 00 00 00 00 00 00 ................
00:41:41.886951 00007f91bc001360/0180: 00 00 00 00 00 00 00 00-00 00 00 00 00 00 00 00 ................
00:41:41.886954 00007f91bc001370/0190: 00 00 00 00 00 00 00 00-00 00 00 00 00 00 00 00 ................
00:41:41.886957 00007f91bc001380/01a0: 00 00 00 00 00 00 00 00-00 00 00 00 00 00 00 00 ................
00:41:41.886960 00007f91bc001390/01b0: 00 00 00 00 00 00 00 00-00 00 00 00 00 00 00 00 ................
00:41:41.886963 00007f91bc0013a0/01c0: 00 00 00 00 00 00 00 00-00 00 00 00 00 00 00 00 ................
00:41:41.886966 00007f91bc0013b0/01d0: 00 00 00 00 00 00 00 00-00 00 00 00 00 00 00 00 ................
00:41:41.886969 00007f91bc0013c0/01e0: 00 00 00 00 00 00 00 00-00 00 00 00 00 00 00 00 ................
00:41:41.886972 00007f91bc0013d0/01f0: 00 00 00 00 00 00 00 00-00 00 00 00 00 00 00 00 ................
00:41:41.886975 00007f91bc0013e0/0200: 00 00 00 00 00 00 00 00-00 00 00 00 00 00 00 00 ................
00:41:41.886978 00007f91bc0013f0/0210: 00 00 00 00 00 00 00 00-00 00 00 00 00 00 00 00 ................
00:41:41.886981 00007f91bc001400/0220: 00 00 00 00                                     ....
00:41:41.887613 REQUEST xid 0x00003cb4 chaddr 08:00:27:59:74:42
00:41:41.887639  ciaddr 0.0.0.0
00:41:41.887647  for server 192.168.56.100 requested address 192.168.56.112
00:41:41.887659  params { 1 3 6 28 }
00:41:41.887678   54: c0 a8 38 64
00:41:41.887685 > allocateAddress 192.168.56.112 to client 08:00:27:59:74:42
00:41:41.887692 > ... found existing binding 192.168.56.112 to 08:00:27:59:74:42, offered, valid from 2022-09-01T01:42:09Z for 600s until 2022-09-01T01:52:09Z
00:41:41.887702 Lease time 600 secs (default)
00:41:41.887713 writing leases to /home/gman72/.config/VirtualBox/HostInterfaceNetworking-vboxnet0-Dhcpd.leases
00:41:41.893181 >>> requested option 1 (SubnetMask)
00:41:41.893210 ... always supplied
00:41:41.893213 >>> requested option 3 (Routers)
00:41:41.893217 ... not found
00:41:41.893221 >>> requested option 6 (DNSes)
00:41:41.893224 ... not found
00:41:41.893227 >>> requested option 28 (BroadcastAddress)
00:41:41.893231 ... not found
00:41:41.893237 encoding option 1 (SubnetMask)
00:41:41.893241 encoding option 51 (LeaseTime)
00:41:41.893246 ACK xid 0x00003cb4 chaddr 08:00:27:59:74:42
00:41:41.893258  ciaddr 0.0.0.0 yiaddr 192.168.56.112
00:41:41.893269 encoded message: 548 bytes
00:41:41.893271 00007f91bc0011e0/0000: 02 01 06 00 b4 3c 00 00-00 00 00 00 00 00 00 00 .....<..........
00:41:41.893275 00007f91bc0011f0/0010: c0 a8 38 70 00 00 00 00-00 00 00 00 08 00 27 59 ..8p..........'Y
00:41:41.893278 00007f91bc001200/0020: 74 42 00 00 00 00 00 00-00 00 00 00 00 00 00 00 tB..............
00:41:41.893281 00007f91bc001210/0030: 00 00 00 00 00 00 00 00-00 00 00 00 00 00 00 00 ................
00:41:41.893284 00007f91bc001220/0040: 00 00 00 00 00 00 00 00-00 00 00 00 00 00 00 00 ................
00:41:41.893287 00007f91bc001230/0050: 00 00 00 00 00 00 00 00-00 00 00 00 00 00 00 00 ................
00:41:41.893290 00007f91bc001240/0060: 00 00 00 00 00 00 00 00-00 00 00 00 00 00 00 00 ................
00:41:41.893293 00007f91bc001250/0070: 00 00 00 00 00 00 00 00-00 00 00 00 00 00 00 00 ................
00:41:41.893296 00007f91bc001260/0080: 00 00 00 00 00 00 00 00-00 00 00 00 00 00 00 00 ................
00:41:41.893299 00007f91bc001270/0090: 00 00 00 00 00 00 00 00-00 00 00 00 00 00 00 00 ................
00:41:41.893302 00007f91bc001280/00a0: 00 00 00 00 00 00 00 00-00 00 00 00 00 00 00 00 ................
00:41:41.893305 00007f91bc001290/00b0: 00 00 00 00 00 00 00 00-00 00 00 00 00 00 00 00 ................
00:41:41.893308 00007f91bc0012a0/00c0: 00 00 00 00 00 00 00 00-00 00 00 00 00 00 00 00 ................
00:41:41.893311 00007f91bc0012b0/00d0: 00 00 00 00 00 00 00 00-00 00 00 00 00 00 00 00 ................
00:41:41.893314 00007f91bc0012c0/00e0: 00 00 00 00 00 00 00 00-00 00 00 00 63 82 53 63 ............c.Sc
00:41:41.893317 00007f91bc0012d0/00f0: 36 04 c0 a8 38 64 35 01-05 01 04 ff ff ff 00 33 6...8d5........3
00:41:41.893320 00007f91bc0012e0/0100: 04 00 00 02 58 ff 00 00-00 00 00 00 00 00 00 00 ....X...........
00:41:41.893324 00007f91bc0012f0/0110: 00 00 00 00 00 00 00 00-00 00 00 00 00 00 00 00 ................
00:41:41.893327 00007f91bc001300/0120: 00 00 00 00 00 00 00 00-00 00 00 00 00 00 00 00 ................
00:41:41.893330 00007f91bc001310/0130: 00 00 00 00 00 00 00 00-00 00 00 00 00 00 00 00 ................
00:41:41.893333 00007f91bc001320/0140: 00 00 00 00 00 00 00 00-00 00 00 00 00 00 00 00 ................
00:41:41.893336 00007f91bc001330/0150: 00 00 00 00 00 00 00 00-00 00 00 00 00 00 00 00 ................
00:41:41.893339 00007f91bc001340/0160: 00 00 00 00 00 00 00 00-00 00 00 00 00 00 00 00 ................
00:41:41.893342 00007f91bc001350/0170: 00 00 00 00 00 00 00 00-00 00 00 00 00 00 00 00 ................
00:41:41.893345 00007f91bc001360/0180: 00 00 00 00 00 00 00 00-00 00 00 00 00 00 00 00 ................
00:41:41.893348 00007f91bc001370/0190: 00 00 00 00 00 00 00 00-00 00 00 00 00 00 00 00 ................
00:41:41.893351 00007f91bc001380/01a0: 00 00 00 00 00 00 00 00-00 00 00 00 00 00 00 00 ................
00:41:41.893354 00007f91bc001390/01b0: 00 00 00 00 00 00 00 00-00 00 00 00 00 00 00 00 ................
00:41:41.893382 00007f91bc0013a0/01c0: 00 00 00 00 00 00 00 00-00 00 00 00 00 00 00 00 ................
00:41:41.893385 00007f91bc0013b0/01d0: 00 00 00 00 00 00 00 00-00 00 00 00 00 00 00 00 ................
00:41:41.893388 00007f91bc0013c0/01e0: 00 00 00 00 00 00 00 00-00 00 00 00 00 00 00 00 ................
00:41:41.893391 00007f91bc0013d0/01f0: 00 00 00 00 00 00 00 00-00 00 00 00 00 00 00 00 ................
00:41:41.893394 00007f91bc0013e0/0200: 00 00 00 00 00 00 00 00-00 00 00 00 00 00 00 00 ................
00:41:41.893397 00007f91bc0013f0/0210: 00 00 00 00 00 00 00 00-00 00 00 00 00 00 00 00 ................
00:41:41.893400 00007f91bc001400/0220: 00 00 00 00                                     ....
00:57:32.948109 DISCOVER xid 0x000041e7 chaddr 08:00:27:59:ce:ff
00:57:32.954913  ciaddr 0.0.0.0
00:57:32.954923  params { 1 3 6 28 }
00:57:32.954944 > allocateAddress to client 08:00:27:59:ce:ff
00:57:32.954952 > .... noted expired binding 192.168.56.113 to 08:00:27:03:51:cf, expired, valid from 2022-09-01T01:38:37Z for 600s until 2022-09-01T01:48:37Z
00:57:32.954964 > ... found existing binding 192.168.56.109 to 08:00:27:59:ce:ff, expired, valid from 2022-09-01T01:33:22Z for 600s until 2022-09-01T01:43:22Z
00:57:32.954971 Lease time 600 secs (default)
00:57:32.954979 >>> requested option 1 (SubnetMask)
00:57:32.954983 ... always supplied
00:57:32.954987 >>> requested option 3 (Routers)
00:57:32.954991 ... not found
00:57:32.954994 >>> requested option 6 (DNSes)
00:57:32.954997 ... not found
00:57:32.955010 >>> requested option 28 (BroadcastAddress)
00:57:32.955014 ... not found
00:57:32.955021 encoding option 1 (SubnetMask)
00:57:32.955025 encoding option 51 (LeaseTime)
00:57:32.955030 OFFER xid 0x000041e7 chaddr 08:00:27:59:ce:ff
00:57:32.955041  ciaddr 0.0.0.0 yiaddr 192.168.56.109
00:57:32.955052 encoded message: 548 bytes
00:57:32.955054 00007f91bc0011e0/0000: 02 01 06 00 e7 41 00 00-00 00 00 00 00 00 00 00 .....A..........
00:57:32.955058 00007f91bc0011f0/0010: c0 a8 38 6d 00 00 00 00-00 00 00 00 08 00 27 59 ..8m..........'Y
00:57:32.955060 00007f91bc001200/0020: ce ff 00 00 00 00 00 00-00 00 00 00 00 00 00 00 ................
00:57:32.955063 00007f91bc001210/0030: 00 00 00 00 00 00 00 00-00 00 00 00 00 00 00 00 ................
00:57:32.955065 00007f91bc001220/0040: 00 00 00 00 00 00 00 00-00 00 00 00 00 00 00 00 ................
00:57:32.955068 00007f91bc001230/0050: 00 00 00 00 00 00 00 00-00 00 00 00 00 00 00 00 ................
00:57:32.955070 00007f91bc001240/0060: 00 00 00 00 00 00 00 00-00 00 00 00 00 00 00 00 ................
00:57:32.955073 00007f91bc001250/0070: 00 00 00 00 00 00 00 00-00 00 00 00 00 00 00 00 ................
00:57:32.955075 00007f91bc001260/0080: 00 00 00 00 00 00 00 00-00 00 00 00 00 00 00 00 ................
00:57:32.955077 00007f91bc001270/0090: 00 00 00 00 00 00 00 00-00 00 00 00 00 00 00 00 ................
00:57:32.955079 00007f91bc001280/00a0: 00 00 00 00 00 00 00 00-00 00 00 00 00 00 00 00 ................
00:57:32.955082 00007f91bc001290/00b0: 00 00 00 00 00 00 00 00-00 00 00 00 00 00 00 00 ................
00:57:32.955084 00007f91bc0012a0/00c0: 00 00 00 00 00 00 00 00-00 00 00 00 00 00 00 00 ................
00:57:32.955086 00007f91bc0012b0/00d0: 00 00 00 00 00 00 00 00-00 00 00 00 00 00 00 00 ................
00:57:32.955089 00007f91bc0012c0/00e0: 00 00 00 00 00 00 00 00-00 00 00 00 63 82 53 63 ............c.Sc
00:57:32.955091 00007f91bc0012d0/00f0: 36 04 c0 a8 38 64 35 01-02 01 04 ff ff ff 00 33 6...8d5........3
00:57:32.955094 00007f91bc0012e0/0100: 04 00 00 02 58 ff 00 00-00 00 00 00 00 00 00 00 ....X...........
00:57:32.955096 00007f91bc0012f0/0110: 00 00 00 00 00 00 00 00-00 00 00 00 00 00 00 00 ................
00:57:32.955098 00007f91bc001300/0120: 00 00 00 00 00 00 00 00-00 00 00 00 00 00 00 00 ................
00:57:32.955100 00007f91bc001310/0130: 00 00 00 00 00 00 00 00-00 00 00 00 00 00 00 00 ................
00:57:32.955103 00007f91bc001320/0140: 00 00 00 00 00 00 00 00-00 00 00 00 00 00 00 00 ................
00:57:32.955105 00007f91bc001330/0150: 00 00 00 00 00 00 00 00-00 00 00 00 00 00 00 00 ................
00:57:32.955108 00007f91bc001340/0160: 00 00 00 00 00 00 00 00-00 00 00 00 00 00 00 00 ................
00:57:32.955110 00007f91bc001350/0170: 00 00 00 00 00 00 00 00-00 00 00 00 00 00 00 00 ................
00:57:32.955112 00007f91bc001360/0180: 00 00 00 00 00 00 00 00-00 00 00 00 00 00 00 00 ................
00:57:32.955115 00007f91bc001370/0190: 00 00 00 00 00 00 00 00-00 00 00 00 00 00 00 00 ................
00:57:32.955117 00007f91bc001380/01a0: 00 00 00 00 00 00 00 00-00 00 00 00 00 00 00 00 ................
00:57:32.955119 00007f91bc001390/01b0: 00 00 00 00 00 00 00 00-00 00 00 00 00 00 00 00 ................
00:57:32.955122 00007f91bc0013a0/01c0: 00 00 00 00 00 00 00 00-00 00 00 00 00 00 00 00 ................
00:57:32.955124 00007f91bc0013b0/01d0: 00 00 00 00 00 00 00 00-00 00 00 00 00 00 00 00 ................
00:57:32.955127 00007f91bc0013c0/01e0: 00 00 00 00 00 00 00 00-00 00 00 00 00 00 00 00 ................
00:57:32.955130 00007f91bc0013d0/01f0: 00 00 00 00 00 00 00 00-00 00 00 00 00 00 00 00 ................
00:57:32.955132 00007f91bc0013e0/0200: 00 00 00 00 00 00 00 00-00 00 00 00 00 00 00 00 ................
00:57:32.955134 00007f91bc0013f0/0210: 00 00 00 00 00 00 00 00-00 00 00 00 00 00 00 00 ................
00:57:32.955149 00007f91bc001400/0220: 00 00 00 00                                     ....
00:57:32.956746 REQUEST xid 0x000041e8 chaddr 08:00:27:59:ce:ff
00:57:32.956770  ciaddr 0.0.0.0
00:57:32.956775  for server 192.168.56.100 requested address 192.168.56.109
00:57:32.956793  params { 1 3 6 28 }
00:57:32.956805   54: c0 a8 38 64
00:57:32.956810 > allocateAddress 192.168.56.109 to client 08:00:27:59:ce:ff
00:57:32.956815 > .... noted expired binding 192.168.56.113 to 08:00:27:03:51:cf, expired, valid from 2022-09-01T01:38:37Z for 600s until 2022-09-01T01:48:37Z
00:57:32.956822 > ... found existing binding 192.168.56.109 to 08:00:27:59:ce:ff, offered, valid from 2022-09-01T01:58:00Z for 600s until 2022-09-01T02:08:00Z
00:57:32.956827 Lease time 600 secs (default)
00:57:32.956830 writing leases to /home/gman72/.config/VirtualBox/HostInterfaceNetworking-vboxnet0-Dhcpd.leases
00:57:32.968687 >>> requested option 1 (SubnetMask)
00:57:32.968708 ... always supplied
00:57:32.968711 >>> requested option 3 (Routers)
00:57:32.968713 ... not found
00:57:32.968715 >>> requested option 6 (DNSes)
00:57:32.968717 ... not found
00:57:32.968719 >>> requested option 28 (BroadcastAddress)
00:57:32.968722 ... not found
00:57:32.968726 encoding option 1 (SubnetMask)
00:57:32.968729 encoding option 51 (LeaseTime)
00:57:32.968733 ACK xid 0x000041e8 chaddr 08:00:27:59:ce:ff
00:57:32.968741  ciaddr 0.0.0.0 yiaddr 192.168.56.109
00:57:32.968748 encoded message: 548 bytes
00:57:32.968750 00007f91bc0011e0/0000: 02 01 06 00 e8 41 00 00-00 00 00 00 00 00 00 00 .....A..........
00:57:32.968753 00007f91bc0011f0/0010: c0 a8 38 6d 00 00 00 00-00 00 00 00 08 00 27 59 ..8m..........'Y
00:57:32.968755 00007f91bc001200/0020: ce ff 00 00 00 00 00 00-00 00 00 00 00 00 00 00 ................
00:57:32.968757 00007f91bc001210/0030: 00 00 00 00 00 00 00 00-00 00 00 00 00 00 00 00 ................
00:57:32.968758 00007f91bc001220/0040: 00 00 00 00 00 00 00 00-00 00 00 00 00 00 00 00 ................
00:57:32.968760 00007f91bc001230/0050: 00 00 00 00 00 00 00 00-00 00 00 00 00 00 00 00 ................
00:57:32.968762 00007f91bc001240/0060: 00 00 00 00 00 00 00 00-00 00 00 00 00 00 00 00 ................
00:57:32.968764 00007f91bc001250/0070: 00 00 00 00 00 00 00 00-00 00 00 00 00 00 00 00 ................
00:57:32.968765 00007f91bc001260/0080: 00 00 00 00 00 00 00 00-00 00 00 00 00 00 00 00 ................
00:57:32.968767 00007f91bc001270/0090: 00 00 00 00 00 00 00 00-00 00 00 00 00 00 00 00 ................
00:57:32.968769 00007f91bc001280/00a0: 00 00 00 00 00 00 00 00-00 00 00 00 00 00 00 00 ................
00:57:32.968771 00007f91bc001290/00b0: 00 00 00 00 00 00 00 00-00 00 00 00 00 00 00 00 ................
00:57:32.968773 00007f91bc0012a0/00c0: 00 00 00 00 00 00 00 00-00 00 00 00 00 00 00 00 ................
00:57:32.968774 00007f91bc0012b0/00d0: 00 00 00 00 00 00 00 00-00 00 00 00 00 00 00 00 ................
00:57:32.968776 00007f91bc0012c0/00e0: 00 00 00 00 00 00 00 00-00 00 00 00 63 82 53 63 ............c.Sc
00:57:32.968778 00007f91bc0012d0/00f0: 36 04 c0 a8 38 64 35 01-05 01 04 ff ff ff 00 33 6...8d5........3
00:57:32.968780 00007f91bc0012e0/0100: 04 00 00 02 58 ff 00 00-00 00 00 00 00 00 00 00 ....X...........
00:57:32.968782 00007f91bc0012f0/0110: 00 00 00 00 00 00 00 00-00 00 00 00 00 00 00 00 ................
00:57:32.968783 00007f91bc001300/0120: 00 00 00 00 00 00 00 00-00 00 00 00 00 00 00 00 ................
00:57:32.968785 00007f91bc001310/0130: 00 00 00 00 00 00 00 00-00 00 00 00 00 00 00 00 ................
00:57:32.968787 00007f91bc001320/0140: 00 00 00 00 00 00 00 00-00 00 00 00 00 00 00 00 ................
00:57:32.968789 00007f91bc001330/0150: 00 00 00 00 00 00 00 00-00 00 00 00 00 00 00 00 ................
00:57:32.968790 00007f91bc001340/0160: 00 00 00 00 00 00 00 00-00 00 00 00 00 00 00 00 ................
00:57:32.968792 00007f91bc001350/0170: 00 00 00 00 00 00 00 00-00 00 00 00 00 00 00 00 ................
00:57:32.968794 00007f91bc001360/0180: 00 00 00 00 00 00 00 00-00 00 00 00 00 00 00 00 ................
00:57:32.968796 00007f91bc001370/0190: 00 00 00 00 00 00 00 00-00 00 00 00 00 00 00 00 ................
00:57:32.968797 00007f91bc001380/01a0: 00 00 00 00 00 00 00 00-00 00 00 00 00 00 00 00 ................
00:57:32.968799 00007f91bc001390/01b0: 00 00 00 00 00 00 00 00-00 00 00 00 00 00 00 00 ................
00:57:32.968801 00007f91bc0013a0/01c0: 00 00 00 00 00 00 00 00-00 00 00 00 00 00 00 00 ................
00:57:32.968803 00007f91bc0013b0/01d0: 00 00 00 00 00 00 00 00-00 00 00 00 00 00 00 00 ................
00:57:32.968804 00007f91bc0013c0/01e0: 00 00 00 00 00 00 00 00-00 00 00 00 00 00 00 00 ................
00:57:32.968806 00007f91bc0013d0/01f0: 00 00 00 00 00 00 00 00-00 00 00 00 00 00 00 00 ................
00:57:32.968808 00007f91bc0013e0/0200: 00 00 00 00 00 00 00 00-00 00 00 00 00 00 00 00 ................
00:57:32.968810 00007f91bc0013f0/0210: 00 00 00 00 00 00 00 00-00 00 00 00 00 00 00 00 ................
00:57:32.968811 00007f91bc001400/0220: 00 00 00 00                                     ....
01:03:10.158916 DISCOVER xid 0x00004a06 chaddr 08:00:27:03:51:cf
01:03:10.158964  ciaddr 0.0.0.0
01:03:10.158973  params { 1 3 6 28 }
01:03:10.158987 > allocateAddress to client 08:00:27:03:51:cf
01:03:10.158992 > ... found existing binding 192.168.56.113 to 08:00:27:03:51:cf, expired, valid from 2022-09-01T01:38:37Z for 600s until 2022-09-01T01:48:37Z
01:03:10.159000 Lease time 600 secs (default)
01:03:10.159005 >>> requested option 1 (SubnetMask)
01:03:10.159008 ... always supplied
01:03:10.159010 >>> requested option 3 (Routers)
01:03:10.159013 ... not found
01:03:10.159015 >>> requested option 6 (DNSes)
01:03:10.159017 ... not found
01:03:10.159019 >>> requested option 28 (BroadcastAddress)
01:03:10.159021 ... not found
01:03:10.159025 encoding option 1 (SubnetMask)
01:03:10.159027 encoding option 51 (LeaseTime)
01:03:10.159031 OFFER xid 0x00004a06 chaddr 08:00:27:03:51:cf
01:03:10.159037  ciaddr 0.0.0.0 yiaddr 192.168.56.113
01:03:10.159044 encoded message: 548 bytes
01:03:10.159046 00007f91bc0011e0/0000: 02 01 06 00 06 4a 00 00-00 00 00 00 00 00 00 00 .....J..........
01:03:10.159048 00007f91bc0011f0/0010: c0 a8 38 71 00 00 00 00-00 00 00 00 08 00 27 03 ..8q..........'.
01:03:10.159050 00007f91bc001200/0020: 51 cf 00 00 00 00 00 00-00 00 00 00 00 00 00 00 Q...............
01:03:10.159052 00007f91bc001210/0030: 00 00 00 00 00 00 00 00-00 00 00 00 00 00 00 00 ................
01:03:10.159054 00007f91bc001220/0040: 00 00 00 00 00 00 00 00-00 00 00 00 00 00 00 00 ................
01:03:10.159055 00007f91bc001230/0050: 00 00 00 00 00 00 00 00-00 00 00 00 00 00 00 00 ................
01:03:10.159057 00007f91bc001240/0060: 00 00 00 00 00 00 00 00-00 00 00 00 00 00 00 00 ................
01:03:10.159059 00007f91bc001250/0070: 00 00 00 00 00 00 00 00-00 00 00 00 00 00 00 00 ................
01:03:10.159061 00007f91bc001260/0080: 00 00 00 00 00 00 00 00-00 00 00 00 00 00 00 00 ................
01:03:10.159062 00007f91bc001270/0090: 00 00 00 00 00 00 00 00-00 00 00 00 00 00 00 00 ................
01:03:10.159064 00007f91bc001280/00a0: 00 00 00 00 00 00 00 00-00 00 00 00 00 00 00 00 ................
01:03:10.159066 00007f91bc001290/00b0: 00 00 00 00 00 00 00 00-00 00 00 00 00 00 00 00 ................
01:03:10.159068 00007f91bc0012a0/00c0: 00 00 00 00 00 00 00 00-00 00 00 00 00 00 00 00 ................
01:03:10.159070 00007f91bc0012b0/00d0: 00 00 00 00 00 00 00 00-00 00 00 00 00 00 00 00 ................
01:03:10.159071 00007f91bc0012c0/00e0: 00 00 00 00 00 00 00 00-00 00 00 00 63 82 53 63 ............c.Sc
01:03:10.159073 00007f91bc0012d0/00f0: 36 04 c0 a8 38 64 35 01-02 01 04 ff ff ff 00 33 6...8d5........3
01:03:10.159075 00007f91bc0012e0/0100: 04 00 00 02 58 ff 00 00-00 00 00 00 00 00 00 00 ....X...........
01:03:10.159077 00007f91bc0012f0/0110: 00 00 00 00 00 00 00 00-00 00 00 00 00 00 00 00 ................
01:03:10.159079 00007f91bc001300/0120: 00 00 00 00 00 00 00 00-00 00 00 00 00 00 00 00 ................
01:03:10.159080 00007f91bc001310/0130: 00 00 00 00 00 00 00 00-00 00 00 00 00 00 00 00 ................
01:03:10.159082 00007f91bc001320/0140: 00 00 00 00 00 00 00 00-00 00 00 00 00 00 00 00 ................
01:03:10.159084 00007f91bc001330/0150: 00 00 00 00 00 00 00 00-00 00 00 00 00 00 00 00 ................
01:03:10.159086 00007f91bc001340/0160: 00 00 00 00 00 00 00 00-00 00 00 00 00 00 00 00 ................
01:03:10.159087 00007f91bc001350/0170: 00 00 00 00 00 00 00 00-00 00 00 00 00 00 00 00 ................
01:03:10.159089 00007f91bc001360/0180: 00 00 00 00 00 00 00 00-00 00 00 00 00 00 00 00 ................
01:03:10.159091 00007f91bc001370/0190: 00 00 00 00 00 00 00 00-00 00 00 00 00 00 00 00 ................
01:03:10.159092 00007f91bc001380/01a0: 00 00 00 00 00 00 00 00-00 00 00 00 00 00 00 00 ................
01:03:10.159094 00007f91bc001390/01b0: 00 00 00 00 00 00 00 00-00 00 00 00 00 00 00 00 ................
01:03:10.159096 00007f91bc0013a0/01c0: 00 00 00 00 00 00 00 00-00 00 00 00 00 00 00 00 ................
01:03:10.159098 00007f91bc0013b0/01d0: 00 00 00 00 00 00 00 00-00 00 00 00 00 00 00 00 ................
01:03:10.159099 00007f91bc0013c0/01e0: 00 00 00 00 00 00 00 00-00 00 00 00 00 00 00 00 ................
01:03:10.159101 00007f91bc0013d0/01f0: 00 00 00 00 00 00 00 00-00 00 00 00 00 00 00 00 ................
01:03:10.159103 00007f91bc0013e0/0200: 00 00 00 00 00 00 00 00-00 00 00 00 00 00 00 00 ................
01:03:10.159105 00007f91bc0013f0/0210: 00 00 00 00 00 00 00 00-00 00 00 00 00 00 00 00 ................
01:03:10.159106 00007f91bc001400/0220: 00 00 00 00                                     ....
01:03:10.159644 REQUEST xid 0x00004a07 chaddr 08:00:27:03:51:cf
01:03:10.159671  ciaddr 0.0.0.0
01:03:10.159680  for server 192.168.56.100 requested address 192.168.56.113
01:03:10.159697  params { 1 3 6 28 }
01:03:10.159708   54: c0 a8 38 64
01:03:10.159712 > allocateAddress 192.168.56.113 to client 08:00:27:03:51:cf
01:03:10.159716 > ... found existing binding 192.168.56.113 to 08:00:27:03:51:cf, offered, valid from 2022-09-01T02:03:37Z for 600s until 2022-09-01T02:13:37Z
01:03:10.159722 Lease time 600 secs (default)
01:03:10.159725 writing leases to /home/gman72/.config/VirtualBox/HostInterfaceNetworking-vboxnet0-Dhcpd.leases
01:03:10.164074 >>> requested option 1 (SubnetMask)
01:03:10.164086 ... always supplied
01:03:10.164090 >>> requested option 3 (Routers)
01:03:10.164093 ... not found
01:03:10.164096 >>> requested option 6 (DNSes)
01:03:10.164098 ... not found
01:03:10.164100 >>> requested option 28 (BroadcastAddress)
01:03:10.164103 ... not found
01:03:10.164107 encoding option 1 (SubnetMask)
01:03:10.164110 encoding option 51 (LeaseTime)
01:03:10.164113 ACK xid 0x00004a07 chaddr 08:00:27:03:51:cf
01:03:10.164121  ciaddr 0.0.0.0 yiaddr 192.168.56.113
01:03:10.164128 encoded message: 548 bytes
01:03:10.164130 00007f91bc0011e0/0000: 02 01 06 00 07 4a 00 00-00 00 00 00 00 00 00 00 .....J..........
01:03:10.164132 00007f91bc0011f0/0010: c0 a8 38 71 00 00 00 00-00 00 00 00 08 00 27 03 ..8q..........'.
01:03:10.164134 00007f91bc001200/0020: 51 cf 00 00 00 00 00 00-00 00 00 00 00 00 00 00 Q...............
01:03:10.164135 00007f91bc001210/0030: 00 00 00 00 00 00 00 00-00 00 00 00 00 00 00 00 ................
01:03:10.164137 00007f91bc001220/0040: 00 00 00 00 00 00 00 00-00 00 00 00 00 00 00 00 ................
01:03:10.164139 00007f91bc001230/0050: 00 00 00 00 00 00 00 00-00 00 00 00 00 00 00 00 ................
01:03:10.164141 00007f91bc001240/0060: 00 00 00 00 00 00 00 00-00 00 00 00 00 00 00 00 ................
01:03:10.164143 00007f91bc001250/0070: 00 00 00 00 00 00 00 00-00 00 00 00 00 00 00 00 ................
01:03:10.164153 00007f91bc001260/0080: 00 00 00 00 00 00 00 00-00 00 00 00 00 00 00 00 ................
01:03:10.164155 00007f91bc001270/0090: 00 00 00 00 00 00 00 00-00 00 00 00 00 00 00 00 ................
01:03:10.164156 00007f91bc001280/00a0: 00 00 00 00 00 00 00 00-00 00 00 00 00 00 00 00 ................
01:03:10.164158 00007f91bc001290/00b0: 00 00 00 00 00 00 00 00-00 00 00 00 00 00 00 00 ................
01:03:10.164160 00007f91bc0012a0/00c0: 00 00 00 00 00 00 00 00-00 00 00 00 00 00 00 00 ................
01:03:10.164162 00007f91bc0012b0/00d0: 00 00 00 00 00 00 00 00-00 00 00 00 00 00 00 00 ................
01:03:10.164164 00007f91bc0012c0/00e0: 00 00 00 00 00 00 00 00-00 00 00 00 63 82 53 63 ............c.Sc
01:03:10.164165 00007f91bc0012d0/00f0: 36 04 c0 a8 38 64 35 01-05 01 04 ff ff ff 00 33 6...8d5........3
01:03:10.164167 00007f91bc0012e0/0100: 04 00 00 02 58 ff 00 00-00 00 00 00 00 00 00 00 ....X...........
01:03:10.164169 00007f91bc0012f0/0110: 00 00 00 00 00 00 00 00-00 00 00 00 00 00 00 00 ................
01:03:10.164171 00007f91bc001300/0120: 00 00 00 00 00 00 00 00-00 00 00 00 00 00 00 00 ................
01:03:10.164173 00007f91bc001310/0130: 00 00 00 00 00 00 00 00-00 00 00 00 00 00 00 00 ................
01:03:10.164174 00007f91bc001320/0140: 00 00 00 00 00 00 00 00-00 00 00 00 00 00 00 00 ................
01:03:10.164176 00007f91bc001330/0150: 00 00 00 00 00 00 00 00-00 00 00 00 00 00 00 00 ................
01:03:10.164178 00007f91bc001340/0160: 00 00 00 00 00 00 00 00-00 00 00 00 00 00 00 00 ................
01:03:10.164180 00007f91bc001350/0170: 00 00 00 00 00 00 00 00-00 00 00 00 00 00 00 00 ................
01:03:10.164181 00007f91bc001360/0180: 00 00 00 00 00 00 00 00-00 00 00 00 00 00 00 00 ................
01:03:10.164183 00007f91bc001370/0190: 00 00 00 00 00 00 00 00-00 00 00 00 00 00 00 00 ................
01:03:10.164185 00007f91bc001380/01a0: 00 00 00 00 00 00 00 00-00 00 00 00 00 00 00 00 ................
01:03:10.164187 00007f91bc001390/01b0: 00 00 00 00 00 00 00 00-00 00 00 00 00 00 00 00 ................
01:03:10.164188 00007f91bc0013a0/01c0: 00 00 00 00 00 00 00 00-00 00 00 00 00 00 00 00 ................
01:03:10.164190 00007f91bc0013b0/01d0: 00 00 00 00 00 00 00 00-00 00 00 00 00 00 00 00 ................
01:03:10.164192 00007f91bc0013c0/01e0: 00 00 00 00 00 00 00 00-00 00 00 00 00 00 00 00 ................
01:03:10.164193 00007f91bc0013d0/01f0: 00 00 00 00 00 00 00 00-00 00 00 00 00 00 00 00 ................
01:03:10.164196 00007f91bc0013e0/0200: 00 00 00 00 00 00 00 00-00 00 00 00 00 00 00 00 ................
01:03:10.164198 00007f91bc0013f0/0210: 00 00 00 00 00 00 00 00-00 00 00 00 00 00 00 00 ................
01:03:10.164201 00007f91bc001400/0220: 00 00 00 00                                     ....
01:08:34.545793 DISCOVER xid 0x00003e7d chaddr 08:00:27:59:74:42
01:08:34.545837  ciaddr 0.0.0.0
01:08:34.545847  params { 1 3 6 28 }
01:08:34.545868 > allocateAddress to client 08:00:27:59:74:42
01:08:34.545876 > ... found existing binding 192.168.56.112 to 08:00:27:59:74:42, expired, valid from 2022-09-01T01:42:09Z for 600s until 2022-09-01T01:52:09Z
01:08:34.545888 Lease time 600 secs (default)
01:08:34.545895 >>> requested option 1 (SubnetMask)
01:08:34.545900 ... always supplied
01:08:34.545904 >>> requested option 3 (Routers)
01:08:34.545907 ... not found
01:08:34.545911 >>> requested option 6 (DNSes)
01:08:34.545914 ... not found
01:08:34.545918 >>> requested option 28 (BroadcastAddress)
01:08:34.545921 ... not found
01:08:34.545927 encoding option 1 (SubnetMask)
01:08:34.545931 encoding option 51 (LeaseTime)
01:08:34.545936 OFFER xid 0x00003e7d chaddr 08:00:27:59:74:42
01:08:34.545948  ciaddr 0.0.0.0 yiaddr 192.168.56.112
01:08:34.545959 encoded message: 548 bytes
01:08:34.545962 00007f91bc0011e0/0000: 02 01 06 00 7d 3e 00 00-00 00 00 00 00 00 00 00 ....}>..........
01:08:34.545965 00007f91bc0011f0/0010: c0 a8 38 70 00 00 00 00-00 00 00 00 08 00 27 59 ..8p..........'Y
01:08:34.545968 00007f91bc001200/0020: 74 42 00 00 00 00 00 00-00 00 00 00 00 00 00 00 tB..............
01:08:34.545971 00007f91bc001210/0030: 00 00 00 00 00 00 00 00-00 00 00 00 00 00 00 00 ................
01:08:34.545973 00007f91bc001220/0040: 00 00 00 00 00 00 00 00-00 00 00 00 00 00 00 00 ................
01:08:34.545976 00007f91bc001230/0050: 00 00 00 00 00 00 00 00-00 00 00 00 00 00 00 00 ................
01:08:34.545979 00007f91bc001240/0060: 00 00 00 00 00 00 00 00-00 00 00 00 00 00 00 00 ................
01:08:34.545982 00007f91bc001250/0070: 00 00 00 00 00 00 00 00-00 00 00 00 00 00 00 00 ................
01:08:34.545985 00007f91bc001260/0080: 00 00 00 00 00 00 00 00-00 00 00 00 00 00 00 00 ................
01:08:34.545988 00007f91bc001270/0090: 00 00 00 00 00 00 00 00-00 00 00 00 00 00 00 00 ................
01:08:34.545991 00007f91bc001280/00a0: 00 00 00 00 00 00 00 00-00 00 00 00 00 00 00 00 ................
01:08:34.545994 00007f91bc001290/00b0: 00 00 00 00 00 00 00 00-00 00 00 00 00 00 00 00 ................
01:08:34.545997 00007f91bc0012a0/00c0: 00 00 00 00 00 00 00 00-00 00 00 00 00 00 00 00 ................
01:08:34.545999 00007f91bc0012b0/00d0: 00 00 00 00 00 00 00 00-00 00 00 00 00 00 00 00 ................
01:08:34.546002 00007f91bc0012c0/00e0: 00 00 00 00 00 00 00 00-00 00 00 00 63 82 53 63 ............c.Sc
01:08:34.546004 00007f91bc0012d0/00f0: 36 04 c0 a8 38 64 35 01-02 01 04 ff ff ff 00 33 6...8d5........3
01:08:34.546007 00007f91bc0012e0/0100: 04 00 00 02 58 ff 00 00-00 00 00 00 00 00 00 00 ....X...........
01:08:34.546010 00007f91bc0012f0/0110: 00 00 00 00 00 00 00 00-00 00 00 00 00 00 00 00 ................
01:08:34.546012 00007f91bc001300/0120: 00 00 00 00 00 00 00 00-00 00 00 00 00 00 00 00 ................
01:08:34.546015 00007f91bc001310/0130: 00 00 00 00 00 00 00 00-00 00 00 00 00 00 00 00 ................
01:08:34.546017 00007f91bc001320/0140: 00 00 00 00 00 00 00 00-00 00 00 00 00 00 00 00 ................
01:08:34.546020 00007f91bc001330/0150: 00 00 00 00 00 00 00 00-00 00 00 00 00 00 00 00 ................
01:08:34.546023 00007f91bc001340/0160: 00 00 00 00 00 00 00 00-00 00 00 00 00 00 00 00 ................
01:08:34.546025 00007f91bc001350/0170: 00 00 00 00 00 00 00 00-00 00 00 00 00 00 00 00 ................
01:08:34.546028 00007f91bc001360/0180: 00 00 00 00 00 00 00 00-00 00 00 00 00 00 00 00 ................
01:08:34.546030 00007f91bc001370/0190: 00 00 00 00 00 00 00 00-00 00 00 00 00 00 00 00 ................
01:08:34.546032 00007f91bc001380/01a0: 00 00 00 00 00 00 00 00-00 00 00 00 00 00 00 00 ................
01:08:34.546035 00007f91bc001390/01b0: 00 00 00 00 00 00 00 00-00 00 00 00 00 00 00 00 ................
01:08:34.546037 00007f91bc0013a0/01c0: 00 00 00 00 00 00 00 00-00 00 00 00 00 00 00 00 ................
01:08:34.546040 00007f91bc0013b0/01d0: 00 00 00 00 00 00 00 00-00 00 00 00 00 00 00 00 ................
01:08:34.546042 00007f91bc0013c0/01e0: 00 00 00 00 00 00 00 00-00 00 00 00 00 00 00 00 ................
01:08:34.546045 00007f91bc0013d0/01f0: 00 00 00 00 00 00 00 00-00 00 00 00 00 00 00 00 ................
01:08:34.546047 00007f91bc0013e0/0200: 00 00 00 00 00 00 00 00-00 00 00 00 00 00 00 00 ................
01:08:34.546050 00007f91bc0013f0/0210: 00 00 00 00 00 00 00 00-00 00 00 00 00 00 00 00 ................
01:08:34.546052 00007f91bc001400/0220: 00 00 00 00                                     ....
01:08:34.546682 REQUEST xid 0x00003e7e chaddr 08:00:27:59:74:42
01:08:34.546697  ciaddr 0.0.0.0
01:08:34.546702  for server 192.168.56.100 requested address 192.168.56.112
01:08:34.546710  params { 1 3 6 28 }
01:08:34.546721   54: c0 a8 38 64
01:08:34.546725 > allocateAddress 192.168.56.112 to client 08:00:27:59:74:42
01:08:34.546729 > ... found existing binding 192.168.56.112 to 08:00:27:59:74:42, offered, valid from 2022-09-01T02:09:01Z for 600s until 2022-09-01T02:19:01Z
01:08:34.546735 Lease time 600 secs (default)
01:08:34.546738 writing leases to /home/gman72/.config/VirtualBox/HostInterfaceNetworking-vboxnet0-Dhcpd.leases
01:08:34.565803 >>> requested option 1 (SubnetMask)
01:08:34.565838 ... always supplied
01:08:34.565841 >>> requested option 3 (Routers)
01:08:34.565844 ... not found
01:08:34.565846 >>> requested option 6 (DNSes)
01:08:34.565848 ... not found
01:08:34.565850 >>> requested option 28 (BroadcastAddress)
01:08:34.565853 ... not found
01:08:34.565858 encoding option 1 (SubnetMask)
01:08:34.565861 encoding option 51 (LeaseTime)
01:08:34.565865 ACK xid 0x00003e7e chaddr 08:00:27:59:74:42
01:08:34.565874  ciaddr 0.0.0.0 yiaddr 192.168.56.112
01:08:34.565881 encoded message: 548 bytes
01:08:34.565883 00007f91bc0011e0/0000: 02 01 06 00 7e 3e 00 00-00 00 00 00 00 00 00 00 ....~>..........
01:08:34.565885 00007f91bc0011f0/0010: c0 a8 38 70 00 00 00 00-00 00 00 00 08 00 27 59 ..8p..........'Y
01:08:34.565887 00007f91bc001200/0020: 74 42 00 00 00 00 00 00-00 00 00 00 00 00 00 00 tB..............
01:08:34.565889 00007f91bc001210/0030: 00 00 00 00 00 00 00 00-00 00 00 00 00 00 00 00 ................
01:08:34.565890 00007f91bc001220/0040: 00 00 00 00 00 00 00 00-00 00 00 00 00 00 00 00 ................
01:08:34.565892 00007f91bc001230/0050: 00 00 00 00 00 00 00 00-00 00 00 00 00 00 00 00 ................
01:08:34.565894 00007f91bc001240/0060: 00 00 00 00 00 00 00 00-00 00 00 00 00 00 00 00 ................
01:08:34.565896 00007f91bc001250/0070: 00 00 00 00 00 00 00 00-00 00 00 00 00 00 00 00 ................
01:08:34.565897 00007f91bc001260/0080: 00 00 00 00 00 00 00 00-00 00 00 00 00 00 00 00 ................
01:08:34.565899 00007f91bc001270/0090: 00 00 00 00 00 00 00 00-00 00 00 00 00 00 00 00 ................
01:08:34.565901 00007f91bc001280/00a0: 00 00 00 00 00 00 00 00-00 00 00 00 00 00 00 00 ................
01:08:34.565903 00007f91bc001290/00b0: 00 00 00 00 00 00 00 00-00 00 00 00 00 00 00 00 ................
01:08:34.565904 00007f91bc0012a0/00c0: 00 00 00 00 00 00 00 00-00 00 00 00 00 00 00 00 ................
01:08:34.565906 00007f91bc0012b0/00d0: 00 00 00 00 00 00 00 00-00 00 00 00 00 00 00 00 ................
01:08:34.565908 00007f91bc0012c0/00e0: 00 00 00 00 00 00 00 00-00 00 00 00 63 82 53 63 ............c.Sc
01:08:34.565910 00007f91bc0012d0/00f0: 36 04 c0 a8 38 64 35 01-05 01 04 ff ff ff 00 33 6...8d5........3
01:08:34.565911 00007f91bc0012e0/0100: 04 00 00 02 58 ff 00 00-00 00 00 00 00 00 00 00 ....X...........
01:08:34.565913 00007f91bc0012f0/0110: 00 00 00 00 00 00 00 00-00 00 00 00 00 00 00 00 ................
01:08:34.565915 00007f91bc001300/0120: 00 00 00 00 00 00 00 00-00 00 00 00 00 00 00 00 ................
01:08:34.565916 00007f91bc001310/0130: 00 00 00 00 00 00 00 00-00 00 00 00 00 00 00 00 ................
01:08:34.565918 00007f91bc001320/0140: 00 00 00 00 00 00 00 00-00 00 00 00 00 00 00 00 ................
01:08:34.565920 00007f91bc001330/0150: 00 00 00 00 00 00 00 00-00 00 00 00 00 00 00 00 ................
01:08:34.565922 00007f91bc001340/0160: 00 00 00 00 00 00 00 00-00 00 00 00 00 00 00 00 ................
01:08:34.565923 00007f91bc001350/0170: 00 00 00 00 00 00 00 00-00 00 00 00 00 00 00 00 ................
01:08:34.565925 00007f91bc001360/0180: 00 00 00 00 00 00 00 00-00 00 00 00 00 00 00 00 ................
01:08:34.565927 00007f91bc001370/0190: 00 00 00 00 00 00 00 00-00 00 00 00 00 00 00 00 ................
01:08:34.565928 00007f91bc001380/01a0: 00 00 00 00 00 00 00 00-00 00 00 00 00 00 00 00 ................
01:08:34.565930 00007f91bc001390/01b0: 00 00 00 00 00 00 00 00-00 00 00 00 00 00 00 00 ................
01:08:34.565932 00007f91bc0013a0/01c0: 00 00 00 00 00 00 00 00-00 00 00 00 00 00 00 00 ................
01:08:34.565933 00007f91bc0013b0/01d0: 00 00 00 00 00 00 00 00-00 00 00 00 00 00 00 00 ................
01:08:34.565935 00007f91bc0013c0/01e0: 00 00 00 00 00 00 00 00-00 00 00 00 00 00 00 00 ................
01:08:34.565937 00007f91bc0013d0/01f0: 00 00 00 00 00 00 00 00-00 00 00 00 00 00 00 00 ................
01:08:34.565939 00007f91bc0013e0/0200: 00 00 00 00 00 00 00 00-00 00 00 00 00 00 00 00 ................
01:08:34.565940 00007f91bc0013f0/0210: 00 00 00 00 00 00 00 00-00 00 00 00 00 00 00 00 ................
01:08:34.565942 00007f91bc001400/0220: 00 00 00 00                                     ....
01:14:22.338565 DISCOVER xid 0x00001c81 chaddr 08:00:27:59:ce:ff
01:14:22.338611  ciaddr 0.0.0.0
01:14:22.338620  params { 1 3 6 28 }
01:14:22.338640 > allocateAddress to client 08:00:27:59:ce:ff
01:14:22.338648 > .... noted expired binding 192.168.56.113 to 08:00:27:03:51:cf, expired, valid from 2022-09-01T02:03:37Z for 600s until 2022-09-01T02:13:37Z
01:14:22.338659 > ... found existing binding 192.168.56.109 to 08:00:27:59:ce:ff, expired, valid from 2022-09-01T01:58:00Z for 600s until 2022-09-01T02:08:00Z
01:14:22.338667 Lease time 600 secs (default)
01:14:22.338674 >>> requested option 1 (SubnetMask)
01:14:22.338678 ... always supplied
01:14:22.338680 >>> requested option 3 (Routers)
01:14:22.338682 ... not found
01:14:22.338684 >>> requested option 6 (DNSes)
01:14:22.338699 ... not found
01:14:22.338701 >>> requested option 28 (BroadcastAddress)
01:14:22.338704 ... not found
01:14:22.338707 encoding option 1 (SubnetMask)
01:14:22.338710 encoding option 51 (LeaseTime)
01:14:22.338714 OFFER xid 0x00001c81 chaddr 08:00:27:59:ce:ff
01:14:22.338720  ciaddr 0.0.0.0 yiaddr 192.168.56.109
01:14:22.338727 encoded message: 548 bytes
01:14:22.338729 00007f91bc0011e0/0000: 02 01 06 00 81 1c 00 00-00 00 00 00 00 00 00 00 ................
01:14:22.338731 00007f91bc0011f0/0010: c0 a8 38 6d 00 00 00 00-00 00 00 00 08 00 27 59 ..8m..........'Y
01:14:22.338733 00007f91bc001200/0020: ce ff 00 00 00 00 00 00-00 00 00 00 00 00 00 00 ................
01:14:22.338735 00007f91bc001210/0030: 00 00 00 00 00 00 00 00-00 00 00 00 00 00 00 00 ................
01:14:22.338737 00007f91bc001220/0040: 00 00 00 00 00 00 00 00-00 00 00 00 00 00 00 00 ................
01:14:22.338739 00007f91bc001230/0050: 00 00 00 00 00 00 00 00-00 00 00 00 00 00 00 00 ................
01:14:22.338740 00007f91bc001240/0060: 00 00 00 00 00 00 00 00-00 00 00 00 00 00 00 00 ................
01:14:22.338742 00007f91bc001250/0070: 00 00 00 00 00 00 00 00-00 00 00 00 00 00 00 00 ................
01:14:22.338744 00007f91bc001260/0080: 00 00 00 00 00 00 00 00-00 00 00 00 00 00 00 00 ................
01:14:22.338746 00007f91bc001270/0090: 00 00 00 00 00 00 00 00-00 00 00 00 00 00 00 00 ................
01:14:22.338748 00007f91bc001280/00a0: 00 00 00 00 00 00 00 00-00 00 00 00 00 00 00 00 ................
01:14:22.338750 00007f91bc001290/00b0: 00 00 00 00 00 00 00 00-00 00 00 00 00 00 00 00 ................
01:14:22.338751 00007f91bc0012a0/00c0: 00 00 00 00 00 00 00 00-00 00 00 00 00 00 00 00 ................
01:14:22.338753 00007f91bc0012b0/00d0: 00 00 00 00 00 00 00 00-00 00 00 00 00 00 00 00 ................
01:14:22.338755 00007f91bc0012c0/00e0: 00 00 00 00 00 00 00 00-00 00 00 00 63 82 53 63 ............c.Sc
01:14:22.338757 00007f91bc0012d0/00f0: 36 04 c0 a8 38 64 35 01-02 01 04 ff ff ff 00 33 6...8d5........3
01:14:22.338758 00007f91bc0012e0/0100: 04 00 00 02 58 ff 00 00-00 00 00 00 00 00 00 00 ....X...........
01:14:22.338760 00007f91bc0012f0/0110: 00 00 00 00 00 00 00 00-00 00 00 00 00 00 00 00 ................
01:14:22.338762 00007f91bc001300/0120: 00 00 00 00 00 00 00 00-00 00 00 00 00 00 00 00 ................
01:14:22.338764 00007f91bc001310/0130: 00 00 00 00 00 00 00 00-00 00 00 00 00 00 00 00 ................
01:14:22.338766 00007f91bc001320/0140: 00 00 00 00 00 00 00 00-00 00 00 00 00 00 00 00 ................
01:14:22.338767 00007f91bc001330/0150: 00 00 00 00 00 00 00 00-00 00 00 00 00 00 00 00 ................
01:14:22.338769 00007f91bc001340/0160: 00 00 00 00 00 00 00 00-00 00 00 00 00 00 00 00 ................
01:14:22.338771 00007f91bc001350/0170: 00 00 00 00 00 00 00 00-00 00 00 00 00 00 00 00 ................
01:14:22.338773 00007f91bc001360/0180: 00 00 00 00 00 00 00 00-00 00 00 00 00 00 00 00 ................
01:14:22.338774 00007f91bc001370/0190: 00 00 00 00 00 00 00 00-00 00 00 00 00 00 00 00 ................
01:14:22.338776 00007f91bc001380/01a0: 00 00 00 00 00 00 00 00-00 00 00 00 00 00 00 00 ................
01:14:22.338778 00007f91bc001390/01b0: 00 00 00 00 00 00 00 00-00 00 00 00 00 00 00 00 ................
01:14:22.338780 00007f91bc0013a0/01c0: 00 00 00 00 00 00 00 00-00 00 00 00 00 00 00 00 ................
01:14:22.338782 00007f91bc0013b0/01d0: 00 00 00 00 00 00 00 00-00 00 00 00 00 00 00 00 ................
01:14:22.338783 00007f91bc0013c0/01e0: 00 00 00 00 00 00 00 00-00 00 00 00 00 00 00 00 ................
01:14:22.338785 00007f91bc0013d0/01f0: 00 00 00 00 00 00 00 00-00 00 00 00 00 00 00 00 ................
01:14:22.338787 00007f91bc0013e0/0200: 00 00 00 00 00 00 00 00-00 00 00 00 00 00 00 00 ................
01:14:22.338789 00007f91bc0013f0/0210: 00 00 00 00 00 00 00 00-00 00 00 00 00 00 00 00 ................
01:14:22.338790 00007f91bc001400/0220: 00 00 00 00                                     ....
01:14:22.339165 REQUEST xid 0x00001c82 chaddr 08:00:27:59:ce:ff
01:14:22.339184  ciaddr 0.0.0.0
01:14:22.339201  for server 192.168.56.100 requested address 192.168.56.109
01:14:22.339214  params { 1 3 6 28 }
01:14:22.339234   54: c0 a8 38 64
01:14:22.339240 > allocateAddress 192.168.56.109 to client 08:00:27:59:ce:ff
01:14:22.339246 > .... noted expired binding 192.168.56.113 to 08:00:27:03:51:cf, expired, valid from 2022-09-01T02:03:37Z for 600s until 2022-09-01T02:13:37Z
01:14:22.339252 > ... found existing binding 192.168.56.109 to 08:00:27:59:ce:ff, offered, valid from 2022-09-01T02:14:49Z for 600s until 2022-09-01T02:24:49Z
01:14:22.339257 Lease time 600 secs (default)
01:14:22.339259 writing leases to /home/gman72/.config/VirtualBox/HostInterfaceNetworking-vboxnet0-Dhcpd.leases
01:14:22.343700 >>> requested option 1 (SubnetMask)
01:14:22.343717 ... always supplied
01:14:22.343719 >>> requested option 3 (Routers)
01:14:22.343722 ... not found
01:14:22.343724 >>> requested option 6 (DNSes)
01:14:22.343726 ... not found
01:14:22.343728 >>> requested option 28 (BroadcastAddress)
01:14:22.343731 ... not found
01:14:22.343735 encoding option 1 (SubnetMask)
01:14:22.343738 encoding option 51 (LeaseTime)
01:14:22.343741 ACK xid 0x00001c82 chaddr 08:00:27:59:ce:ff
01:14:22.343749  ciaddr 0.0.0.0 yiaddr 192.168.56.109
01:14:22.343760 encoded message: 548 bytes
01:14:22.343762 00007f91bc0011e0/0000: 02 01 06 00 82 1c 00 00-00 00 00 00 00 00 00 00 ................
01:14:22.343765 00007f91bc0011f0/0010: c0 a8 38 6d 00 00 00 00-00 00 00 00 08 00 27 59 ..8m..........'Y
01:14:22.343767 00007f91bc001200/0020: ce ff 00 00 00 00 00 00-00 00 00 00 00 00 00 00 ................
01:14:22.343769 00007f91bc001210/0030: 00 00 00 00 00 00 00 00-00 00 00 00 00 00 00 00 ................
01:14:22.343773 00007f91bc001220/0040: 00 00 00 00 00 00 00 00-00 00 00 00 00 00 00 00 ................
01:14:22.343776 00007f91bc001230/0050: 00 00 00 00 00 00 00 00-00 00 00 00 00 00 00 00 ................
01:14:22.343779 00007f91bc001240/0060: 00 00 00 00 00 00 00 00-00 00 00 00 00 00 00 00 ................
01:14:22.343782 00007f91bc001250/0070: 00 00 00 00 00 00 00 00-00 00 00 00 00 00 00 00 ................
01:14:22.343784 00007f91bc001260/0080: 00 00 00 00 00 00 00 00-00 00 00 00 00 00 00 00 ................
01:14:22.343787 00007f91bc001270/0090: 00 00 00 00 00 00 00 00-00 00 00 00 00 00 00 00 ................
01:14:22.343790 00007f91bc001280/00a0: 00 00 00 00 00 00 00 00-00 00 00 00 00 00 00 00 ................
01:14:22.343793 00007f91bc001290/00b0: 00 00 00 00 00 00 00 00-00 00 00 00 00 00 00 00 ................
01:14:22.343796 00007f91bc0012a0/00c0: 00 00 00 00 00 00 00 00-00 00 00 00 00 00 00 00 ................
01:14:22.343799 00007f91bc0012b0/00d0: 00 00 00 00 00 00 00 00-00 00 00 00 00 00 00 00 ................
01:14:22.343802 00007f91bc0012c0/00e0: 00 00 00 00 00 00 00 00-00 00 00 00 63 82 53 63 ............c.Sc
01:14:22.343804 00007f91bc0012d0/00f0: 36 04 c0 a8 38 64 35 01-05 01 04 ff ff ff 00 33 6...8d5........3
01:14:22.343807 00007f91bc0012e0/0100: 04 00 00 02 58 ff 00 00-00 00 00 00 00 00 00 00 ....X...........
01:14:22.343810 00007f91bc0012f0/0110: 00 00 00 00 00 00 00 00-00 00 00 00 00 00 00 00 ................
01:14:22.343812 00007f91bc001300/0120: 00 00 00 00 00 00 00 00-00 00 00 00 00 00 00 00 ................
01:14:22.343815 00007f91bc001310/0130: 00 00 00 00 00 00 00 00-00 00 00 00 00 00 00 00 ................
01:14:22.343818 00007f91bc001320/0140: 00 00 00 00 00 00 00 00-00 00 00 00 00 00 00 00 ................
01:14:22.343821 00007f91bc001330/0150: 00 00 00 00 00 00 00 00-00 00 00 00 00 00 00 00 ................
01:14:22.343824 00007f91bc001340/0160: 00 00 00 00 00 00 00 00-00 00 00 00 00 00 00 00 ................
01:14:22.343827 00007f91bc001350/0170: 00 00 00 00 00 00 00 00-00 00 00 00 00 00 00 00 ................
01:14:22.343830 00007f91bc001360/0180: 00 00 00 00 00 00 00 00-00 00 00 00 00 00 00 00 ................
01:14:22.343832 00007f91bc001370/0190: 00 00 00 00 00 00 00 00-00 00 00 00 00 00 00 00 ................
01:14:22.343835 00007f91bc001380/01a0: 00 00 00 00 00 00 00 00-00 00 00 00 00 00 00 00 ................
01:14:22.343838 00007f91bc001390/01b0: 00 00 00 00 00 00 00 00-00 00 00 00 00 00 00 00 ................
01:14:22.343841 00007f91bc0013a0/01c0: 00 00 00 00 00 00 00 00-00 00 00 00 00 00 00 00 ................
01:14:22.343844 00007f91bc0013b0/01d0: 00 00 00 00 00 00 00 00-00 00 00 00 00 00 00 00 ................
01:14:22.343847 00007f91bc0013c0/01e0: 00 00 00 00 00 00 00 00-00 00 00 00 00 00 00 00 ................
01:14:22.343850 00007f91bc0013d0/01f0: 00 00 00 00 00 00 00 00-00 00 00 00 00 00 00 00 ................
01:14:22.343853 00007f91bc0013e0/0200: 00 00 00 00 00 00 00 00-00 00 00 00 00 00 00 00 ................
01:14:22.343856 00007f91bc0013f0/0210: 00 00 00 00 00 00 00 00-00 00 00 00 00 00 00 00 ................
01:14:22.343858 00007f91bc001400/0220: 00 00 00 00                                     ....
