00:00:00.002329 VirtualBox DHCP Server 6.1.36 r152435 linux.amd64 (Jul 21 2022 10:08:57) release log
00:00:00.002330 Log opened 2022-09-21T00:43:48.745994000Z
00:00:00.002331 Build Type: release
00:00:00.002333 OS Product: Linux
00:00:00.002334 OS Release: 5.19.5-zen1-1-zen
00:00:00.002336 OS Version: #1 ZEN SMP PREEMPT_DYNAMIC Mon, 29 Aug 2022 15:51:08 +0000
00:00:00.002359 DMI Product Name: System Product Name
00:00:00.002368 DMI Product Version: System Version
00:00:00.002374 Firmware type: BIOS
00:00:00.002411 Host RAM: 32068MB (31.3GB) total, 26525MB (25.9GB) available
00:00:00.002413 Executable: /usr/lib/virtualbox/VBoxNetDHCP
00:00:00.002414 Process ID: 832865
00:00:00.002414 Package type: LINUX_64BITS_GENERIC (OSE)
00:00:00.002434 --config:  HostInterfaceNetworking-vboxnet1
00:00:00.002438 --comment: HostInterfaceNetworking-vboxnet1
00:00:00.002556 IP address:   192.168.57.100/24
00:00:00.002563 Address pool: 192.168.57.101 - 192.168.57.254
00:00:00.002588 MAC address is not specified: will use generated MAC 08:00:27:4a:65:a0
00:00:00.002602 Db::i_enterFixedAddressAssignment: 08:00:27:4a:65:a0: 192.168.57.100
00:00:00.002606 loading leases from /home/gman72/.config/VirtualBox/HostInterfaceNetworking-vboxnet1-Dhcpd.leases
00:00:00.002654 > LOAD: EXPIRED lease 192.168.57.105 to 08:00:27:03:51:cf, expired, valid from 2022-09-21T00:32:15Z for 600s until 2022-09-21T00:42:15Z
00:00:00.002664 > LOAD:         lease 192.168.57.104 to 08:00:27:59:74:42, expired, valid from 2022-09-21T00:09:18Z for 600s until 2022-09-21T00:19:18Z
00:00:00.002670 > LOAD:         lease 192.168.57.103 to 08:00:27:ca:6d:ea, expired, valid from 2022-05-22T18:38:57Z for 600s until 2022-05-22T18:48:57Z
00:00:00.002675 > LOAD:         lease 192.168.57.102 to 08:00:27:f7:ad:08, expired, valid from 2022-05-22T18:38:24Z for 600s until 2022-05-22T18:48:24Z
00:00:00.002681 > LOAD:         lease 192.168.57.101 to 08:00:27:59:ce:ff, expired, valid from 2022-09-21T00:11:55Z for 600s until 2022-09-21T00:21:55Z
00:00:20.277262 DISCOVER xid 0x000042cc chaddr 08:00:27:59:ce:ff
00:00:20.277316  ciaddr 0.0.0.0
00:00:20.277326  params { 1 3 6 28 }
00:00:20.277348 > allocateAddress to client 08:00:27:59:ce:ff
00:00:20.277355 > .... noted expired binding 192.168.57.105 to 08:00:27:03:51:cf, expired, valid from 2022-09-21T00:32:15Z for 600s until 2022-09-21T00:42:15Z
00:00:20.277366 > ... found existing binding 192.168.57.101 to 08:00:27:59:ce:ff, expired, valid from 2022-09-21T00:11:55Z for 600s until 2022-09-21T00:21:55Z
00:00:20.277374 Lease time 600 secs (default)
00:00:20.277380 >>> requested option 1 (SubnetMask)
00:00:20.277384 ... always supplied
00:00:20.277387 >>> requested option 3 (Routers)
00:00:20.277391 ... not found
00:00:20.277393 >>> requested option 6 (DNSes)
00:00:20.277395 ... not found
00:00:20.277397 >>> requested option 28 (BroadcastAddress)
00:00:20.277399 ... not found
00:00:20.277406 encoding option 1 (SubnetMask)
00:00:20.277409 encoding option 51 (LeaseTime)
00:00:20.277412 OFFER xid 0x000042cc chaddr 08:00:27:59:ce:ff
00:00:20.277419  ciaddr 0.0.0.0 yiaddr 192.168.57.101
00:00:20.277426 encoded message: 548 bytes
00:00:20.277427 00007f3ab4001310/0000: 02 01 06 00 cc 42 00 00-00 00 00 00 00 00 00 00 .....B..........
00:00:20.277430 00007f3ab4001320/0010: c0 a8 39 65 00 00 00 00-00 00 00 00 08 00 27 59 ..9e..........'Y
00:00:20.277431 00007f3ab4001330/0020: ce ff 00 00 00 00 00 00-00 00 00 00 00 00 00 00 ................
00:00:20.277433 00007f3ab4001340/0030: 00 00 00 00 00 00 00 00-00 00 00 00 00 00 00 00 ................
00:00:20.277435 00007f3ab4001350/0040: 00 00 00 00 00 00 00 00-00 00 00 00 00 00 00 00 ................
00:00:20.277437 00007f3ab4001360/0050: 00 00 00 00 00 00 00 00-00 00 00 00 00 00 00 00 ................
00:00:20.277438 00007f3ab4001370/0060: 00 00 00 00 00 00 00 00-00 00 00 00 00 00 00 00 ................
00:00:20.277440 00007f3ab4001380/0070: 00 00 00 00 00 00 00 00-00 00 00 00 00 00 00 00 ................
00:00:20.277442 00007f3ab4001390/0080: 00 00 00 00 00 00 00 00-00 00 00 00 00 00 00 00 ................
00:00:20.277443 00007f3ab40013a0/0090: 00 00 00 00 00 00 00 00-00 00 00 00 00 00 00 00 ................
00:00:20.277445 00007f3ab40013b0/00a0: 00 00 00 00 00 00 00 00-00 00 00 00 00 00 00 00 ................
00:00:20.277447 00007f3ab40013c0/00b0: 00 00 00 00 00 00 00 00-00 00 00 00 00 00 00 00 ................
00:00:20.277448 00007f3ab40013d0/00c0: 00 00 00 00 00 00 00 00-00 00 00 00 00 00 00 00 ................
00:00:20.277450 00007f3ab40013e0/00d0: 00 00 00 00 00 00 00 00-00 00 00 00 00 00 00 00 ................
00:00:20.277452 00007f3ab40013f0/00e0: 00 00 00 00 00 00 00 00-00 00 00 00 63 82 53 63 ............c.Sc
00:00:20.277454 00007f3ab4001400/00f0: 36 04 c0 a8 39 64 35 01-02 01 04 ff ff ff 00 33 6...9d5........3
00:00:20.277455 00007f3ab4001410/0100: 04 00 00 02 58 ff 00 00-00 00 00 00 00 00 00 00 ....X...........
00:00:20.277457 00007f3ab4001420/0110: 00 00 00 00 00 00 00 00-00 00 00 00 00 00 00 00 ................
00:00:20.277459 00007f3ab4001430/0120: 00 00 00 00 00 00 00 00-00 00 00 00 00 00 00 00 ................
00:00:20.277461 00007f3ab4001440/0130: 00 00 00 00 00 00 00 00-00 00 00 00 00 00 00 00 ................
00:00:20.277462 00007f3ab4001450/0140: 00 00 00 00 00 00 00 00-00 00 00 00 00 00 00 00 ................
00:00:20.277464 00007f3ab4001460/0150: 00 00 00 00 00 00 00 00-00 00 00 00 00 00 00 00 ................
00:00:20.277466 00007f3ab4001470/0160: 00 00 00 00 00 00 00 00-00 00 00 00 00 00 00 00 ................
00:00:20.277468 00007f3ab4001480/0170: 00 00 00 00 00 00 00 00-00 00 00 00 00 00 00 00 ................
00:00:20.277469 00007f3ab4001490/0180: 00 00 00 00 00 00 00 00-00 00 00 00 00 00 00 00 ................
00:00:20.277471 00007f3ab40014a0/0190: 00 00 00 00 00 00 00 00-00 00 00 00 00 00 00 00 ................
00:00:20.277473 00007f3ab40014b0/01a0: 00 00 00 00 00 00 00 00-00 00 00 00 00 00 00 00 ................
00:00:20.277475 00007f3ab40014c0/01b0: 00 00 00 00 00 00 00 00-00 00 00 00 00 00 00 00 ................
00:00:20.277476 00007f3ab40014d0/01c0: 00 00 00 00 00 00 00 00-00 00 00 00 00 00 00 00 ................
00:00:20.277478 00007f3ab40014e0/01d0: 00 00 00 00 00 00 00 00-00 00 00 00 00 00 00 00 ................
00:00:20.277480 00007f3ab40014f0/01e0: 00 00 00 00 00 00 00 00-00 00 00 00 00 00 00 00 ................
00:00:20.277481 00007f3ab4001500/01f0: 00 00 00 00 00 00 00 00-00 00 00 00 00 00 00 00 ................
00:00:20.277483 00007f3ab4001510/0200: 00 00 00 00 00 00 00 00-00 00 00 00 00 00 00 00 ................
00:00:20.277485 00007f3ab4001520/0210: 00 00 00 00 00 00 00 00-00 00 00 00 00 00 00 00 ................
00:00:20.277486 00007f3ab4001530/0220: 00 00 00 00                                     ....
00:00:20.277909 REQUEST xid 0x000042cd chaddr 08:00:27:59:ce:ff
00:00:20.277925  ciaddr 0.0.0.0
00:00:20.277932  for server 192.168.57.100 requested address 192.168.57.101
00:00:20.277945  params { 1 3 6 28 }
00:00:20.277964   54: c0 a8 39 64
00:00:20.277970 > allocateAddress 192.168.57.101 to client 08:00:27:59:ce:ff
00:00:20.277976 > .... noted expired binding 192.168.57.105 to 08:00:27:03:51:cf, expired, valid from 2022-09-21T00:32:15Z for 600s until 2022-09-21T00:42:15Z
00:00:20.277984 > ... found existing binding 192.168.57.101 to 08:00:27:59:ce:ff, offered, valid from 2022-09-21T00:44:09Z for 600s until 2022-09-21T00:54:09Z
00:00:20.277992 Lease time 600 secs (default)
00:00:20.277996 writing leases to /home/gman72/.config/VirtualBox/HostInterfaceNetworking-vboxnet1-Dhcpd.leases
00:00:20.282237 >>> requested option 1 (SubnetMask)
00:00:20.282249 ... always supplied
00:00:20.282253 >>> requested option 3 (Routers)
00:00:20.282256 ... not found
00:00:20.282259 >>> requested option 6 (DNSes)
00:00:20.282262 ... not found
00:00:20.282264 >>> requested option 28 (BroadcastAddress)
00:00:20.282267 ... not found
00:00:20.282271 encoding option 1 (SubnetMask)
00:00:20.282274 encoding option 51 (LeaseTime)
00:00:20.282278 ACK xid 0x000042cd chaddr 08:00:27:59:ce:ff
00:00:20.282287  ciaddr 0.0.0.0 yiaddr 192.168.57.101
00:00:20.282294 encoded message: 548 bytes
00:00:20.282295 00007f3ab4001310/0000: 02 01 06 00 cd 42 00 00-00 00 00 00 00 00 00 00 .....B..........
00:00:20.282298 00007f3ab4001320/0010: c0 a8 39 65 00 00 00 00-00 00 00 00 08 00 27 59 ..9e..........'Y
00:00:20.282299 00007f3ab4001330/0020: ce ff 00 00 00 00 00 00-00 00 00 00 00 00 00 00 ................
00:00:20.282301 00007f3ab4001340/0030: 00 00 00 00 00 00 00 00-00 00 00 00 00 00 00 00 ................
00:00:20.282303 00007f3ab4001350/0040: 00 00 00 00 00 00 00 00-00 00 00 00 00 00 00 00 ................
00:00:20.282304 00007f3ab4001360/0050: 00 00 00 00 00 00 00 00-00 00 00 00 00 00 00 00 ................
00:00:20.282306 00007f3ab4001370/0060: 00 00 00 00 00 00 00 00-00 00 00 00 00 00 00 00 ................
00:00:20.282308 00007f3ab4001380/0070: 00 00 00 00 00 00 00 00-00 00 00 00 00 00 00 00 ................
00:00:20.282309 00007f3ab4001390/0080: 00 00 00 00 00 00 00 00-00 00 00 00 00 00 00 00 ................
00:00:20.282311 00007f3ab40013a0/0090: 00 00 00 00 00 00 00 00-00 00 00 00 00 00 00 00 ................
00:00:20.282313 00007f3ab40013b0/00a0: 00 00 00 00 00 00 00 00-00 00 00 00 00 00 00 00 ................
00:00:20.282314 00007f3ab40013c0/00b0: 00 00 00 00 00 00 00 00-00 00 00 00 00 00 00 00 ................
00:00:20.282316 00007f3ab40013d0/00c0: 00 00 00 00 00 00 00 00-00 00 00 00 00 00 00 00 ................
00:00:20.282318 00007f3ab40013e0/00d0: 00 00 00 00 00 00 00 00-00 00 00 00 00 00 00 00 ................
00:00:20.282319 00007f3ab40013f0/00e0: 00 00 00 00 00 00 00 00-00 00 00 00 63 82 53 63 ............c.Sc
00:00:20.282321 00007f3ab4001400/00f0: 36 04 c0 a8 39 64 35 01-05 01 04 ff ff ff 00 33 6...9d5........3
00:00:20.282323 00007f3ab4001410/0100: 04 00 00 02 58 ff 00 00-00 00 00 00 00 00 00 00 ....X...........
00:00:20.282324 00007f3ab4001420/0110: 00 00 00 00 00 00 00 00-00 00 00 00 00 00 00 00 ................
00:00:20.282326 00007f3ab4001430/0120: 00 00 00 00 00 00 00 00-00 00 00 00 00 00 00 00 ................
00:00:20.282328 00007f3ab4001440/0130: 00 00 00 00 00 00 00 00-00 00 00 00 00 00 00 00 ................
00:00:20.282329 00007f3ab4001450/0140: 00 00 00 00 00 00 00 00-00 00 00 00 00 00 00 00 ................
00:00:20.282331 00007f3ab4001460/0150: 00 00 00 00 00 00 00 00-00 00 00 00 00 00 00 00 ................
00:00:20.282333 00007f3ab4001470/0160: 00 00 00 00 00 00 00 00-00 00 00 00 00 00 00 00 ................
00:00:20.282335 00007f3ab4001480/0170: 00 00 00 00 00 00 00 00-00 00 00 00 00 00 00 00 ................
00:00:20.282336 00007f3ab4001490/0180: 00 00 00 00 00 00 00 00-00 00 00 00 00 00 00 00 ................
00:00:20.282338 00007f3ab40014a0/0190: 00 00 00 00 00 00 00 00-00 00 00 00 00 00 00 00 ................
00:00:20.282339 00007f3ab40014b0/01a0: 00 00 00 00 00 00 00 00-00 00 00 00 00 00 00 00 ................
00:00:20.282341 00007f3ab40014c0/01b0: 00 00 00 00 00 00 00 00-00 00 00 00 00 00 00 00 ................
00:00:20.282343 00007f3ab40014d0/01c0: 00 00 00 00 00 00 00 00-00 00 00 00 00 00 00 00 ................
00:00:20.282345 00007f3ab40014e0/01d0: 00 00 00 00 00 00 00 00-00 00 00 00 00 00 00 00 ................
00:00:20.282346 00007f3ab40014f0/01e0: 00 00 00 00 00 00 00 00-00 00 00 00 00 00 00 00 ................
00:00:20.282348 00007f3ab4001500/01f0: 00 00 00 00 00 00 00 00-00 00 00 00 00 00 00 00 ................
00:00:20.282350 00007f3ab4001510/0200: 00 00 00 00 00 00 00 00-00 00 00 00 00 00 00 00 ................
00:00:20.282351 00007f3ab4001520/0210: 00 00 00 00 00 00 00 00-00 00 00 00 00 00 00 00 ................
00:00:20.282353 00007f3ab4001530/0220: 00 00 00 00                                     ....
00:05:57.083290 DISCOVER xid 0x000019cb chaddr 08:00:27:59:74:42
00:05:57.083333  ciaddr 0.0.0.0
00:05:57.083342  params { 1 3 6 28 }
00:05:57.083359 > allocateAddress to client 08:00:27:59:74:42
00:05:57.083366 > .... noted expired binding 192.168.57.105 to 08:00:27:03:51:cf, expired, valid from 2022-09-21T00:32:15Z for 600s until 2022-09-21T00:42:15Z
00:05:57.083377 > ... found existing binding 192.168.57.104 to 08:00:27:59:74:42, expired, valid from 2022-09-21T00:09:18Z for 600s until 2022-09-21T00:19:18Z
00:05:57.083397 Lease time 600 secs (default)
00:05:57.083404 >>> requested option 1 (SubnetMask)
00:05:57.083408 ... always supplied
00:05:57.083411 >>> requested option 3 (Routers)
00:05:57.083414 ... not found
00:05:57.083417 >>> requested option 6 (DNSes)
00:05:57.083420 ... not found
00:05:57.083423 >>> requested option 28 (BroadcastAddress)
00:05:57.083427 ... not found
00:05:57.083432 encoding option 1 (SubnetMask)
00:05:57.083436 encoding option 51 (LeaseTime)
00:05:57.083440 OFFER xid 0x000019cb chaddr 08:00:27:59:74:42
00:05:57.083450  ciaddr 0.0.0.0 yiaddr 192.168.57.104
00:05:57.083459 encoded message: 548 bytes
00:05:57.083462 00007f3ab4001310/0000: 02 01 06 00 cb 19 00 00-00 00 00 00 00 00 00 00 ................
00:05:57.083465 00007f3ab4001320/0010: c0 a8 39 68 00 00 00 00-00 00 00 00 08 00 27 59 ..9h..........'Y
00:05:57.083467 00007f3ab4001330/0020: 74 42 00 00 00 00 00 00-00 00 00 00 00 00 00 00 tB..............
00:05:57.083469 00007f3ab4001340/0030: 00 00 00 00 00 00 00 00-00 00 00 00 00 00 00 00 ................
00:05:57.083472 00007f3ab4001350/0040: 00 00 00 00 00 00 00 00-00 00 00 00 00 00 00 00 ................
00:05:57.083474 00007f3ab4001360/0050: 00 00 00 00 00 00 00 00-00 00 00 00 00 00 00 00 ................
00:05:57.083476 00007f3ab4001370/0060: 00 00 00 00 00 00 00 00-00 00 00 00 00 00 00 00 ................
00:05:57.083479 00007f3ab4001380/0070: 00 00 00 00 00 00 00 00-00 00 00 00 00 00 00 00 ................
00:05:57.083481 00007f3ab4001390/0080: 00 00 00 00 00 00 00 00-00 00 00 00 00 00 00 00 ................
00:05:57.083483 00007f3ab40013a0/0090: 00 00 00 00 00 00 00 00-00 00 00 00 00 00 00 00 ................
00:05:57.083485 00007f3ab40013b0/00a0: 00 00 00 00 00 00 00 00-00 00 00 00 00 00 00 00 ................
00:05:57.083488 00007f3ab40013c0/00b0: 00 00 00 00 00 00 00 00-00 00 00 00 00 00 00 00 ................
00:05:57.083490 00007f3ab40013d0/00c0: 00 00 00 00 00 00 00 00-00 00 00 00 00 00 00 00 ................
00:05:57.083492 00007f3ab40013e0/00d0: 00 00 00 00 00 00 00 00-00 00 00 00 00 00 00 00 ................
00:05:57.083495 00007f3ab40013f0/00e0: 00 00 00 00 00 00 00 00-00 00 00 00 63 82 53 63 ............c.Sc
00:05:57.083497 00007f3ab4001400/00f0: 36 04 c0 a8 39 64 35 01-02 01 04 ff ff ff 00 33 6...9d5........3
00:05:57.083500 00007f3ab4001410/0100: 04 00 00 02 58 ff 00 00-00 00 00 00 00 00 00 00 ....X...........
00:05:57.083502 00007f3ab4001420/0110: 00 00 00 00 00 00 00 00-00 00 00 00 00 00 00 00 ................
00:05:57.083505 00007f3ab4001430/0120: 00 00 00 00 00 00 00 00-00 00 00 00 00 00 00 00 ................
00:05:57.083507 00007f3ab4001440/0130: 00 00 00 00 00 00 00 00-00 00 00 00 00 00 00 00 ................
00:05:57.083509 00007f3ab4001450/0140: 00 00 00 00 00 00 00 00-00 00 00 00 00 00 00 00 ................
00:05:57.083512 00007f3ab4001460/0150: 00 00 00 00 00 00 00 00-00 00 00 00 00 00 00 00 ................
00:05:57.083514 00007f3ab4001470/0160: 00 00 00 00 00 00 00 00-00 00 00 00 00 00 00 00 ................
00:05:57.083516 00007f3ab4001480/0170: 00 00 00 00 00 00 00 00-00 00 00 00 00 00 00 00 ................
00:05:57.083519 00007f3ab4001490/0180: 00 00 00 00 00 00 00 00-00 00 00 00 00 00 00 00 ................
00:05:57.083521 00007f3ab40014a0/0190: 00 00 00 00 00 00 00 00-00 00 00 00 00 00 00 00 ................
00:05:57.083524 00007f3ab40014b0/01a0: 00 00 00 00 00 00 00 00-00 00 00 00 00 00 00 00 ................
00:05:57.083526 00007f3ab40014c0/01b0: 00 00 00 00 00 00 00 00-00 00 00 00 00 00 00 00 ................
00:05:57.083528 00007f3ab40014d0/01c0: 00 00 00 00 00 00 00 00-00 00 00 00 00 00 00 00 ................
00:05:57.083530 00007f3ab40014e0/01d0: 00 00 00 00 00 00 00 00-00 00 00 00 00 00 00 00 ................
00:05:57.083533 00007f3ab40014f0/01e0: 00 00 00 00 00 00 00 00-00 00 00 00 00 00 00 00 ................
00:05:57.083536 00007f3ab4001500/01f0: 00 00 00 00 00 00 00 00-00 00 00 00 00 00 00 00 ................
00:05:57.083538 00007f3ab4001510/0200: 00 00 00 00 00 00 00 00-00 00 00 00 00 00 00 00 ................
00:05:57.083540 00007f3ab4001520/0210: 00 00 00 00 00 00 00 00-00 00 00 00 00 00 00 00 ................
00:05:57.083543 00007f3ab4001530/0220: 00 00 00 00                                     ....
00:05:57.084034 REQUEST xid 0x000019cc chaddr 08:00:27:59:74:42
00:05:57.084078  ciaddr 0.0.0.0
00:05:57.084085  for server 192.168.57.100 requested address 192.168.57.104
00:05:57.084099  params { 1 3 6 28 }
00:05:57.084118   54: c0 a8 39 64
00:05:57.084124 > allocateAddress 192.168.57.104 to client 08:00:27:59:74:42
00:05:57.084132 > .... noted expired binding 192.168.57.105 to 08:00:27:03:51:cf, expired, valid from 2022-09-21T00:32:15Z for 600s until 2022-09-21T00:42:15Z
00:05:57.084144 > ... found existing binding 192.168.57.104 to 08:00:27:59:74:42, offered, valid from 2022-09-21T00:49:45Z for 600s until 2022-09-21T00:59:45Z
00:05:57.084151 Lease time 600 secs (default)
00:05:57.084156 writing leases to /home/gman72/.config/VirtualBox/HostInterfaceNetworking-vboxnet1-Dhcpd.leases
00:05:57.089175 >>> requested option 1 (SubnetMask)
00:05:57.089201 ... always supplied
00:05:57.089203 >>> requested option 3 (Routers)
00:05:57.089206 ... not found
00:05:57.089208 >>> requested option 6 (DNSes)
00:05:57.089210 ... not found
00:05:57.089212 >>> requested option 28 (BroadcastAddress)
00:05:57.089214 ... not found
00:05:57.089220 encoding option 1 (SubnetMask)
00:05:57.089222 encoding option 51 (LeaseTime)
00:05:57.089226 ACK xid 0x000019cc chaddr 08:00:27:59:74:42
00:05:57.089234  ciaddr 0.0.0.0 yiaddr 192.168.57.104
00:05:57.089241 encoded message: 548 bytes
00:05:57.089243 00007f3ab4001310/0000: 02 01 06 00 cc 19 00 00-00 00 00 00 00 00 00 00 ................
00:05:57.089245 00007f3ab4001320/0010: c0 a8 39 68 00 00 00 00-00 00 00 00 08 00 27 59 ..9h..........'Y
00:05:57.089247 00007f3ab4001330/0020: 74 42 00 00 00 00 00 00-00 00 00 00 00 00 00 00 tB..............
00:05:57.089249 00007f3ab4001340/0030: 00 00 00 00 00 00 00 00-00 00 00 00 00 00 00 00 ................
00:05:57.089250 00007f3ab4001350/0040: 00 00 00 00 00 00 00 00-00 00 00 00 00 00 00 00 ................
00:05:57.089252 00007f3ab4001360/0050: 00 00 00 00 00 00 00 00-00 00 00 00 00 00 00 00 ................
00:05:57.089254 00007f3ab4001370/0060: 00 00 00 00 00 00 00 00-00 00 00 00 00 00 00 00 ................
00:05:57.089256 00007f3ab4001380/0070: 00 00 00 00 00 00 00 00-00 00 00 00 00 00 00 00 ................
00:05:57.089257 00007f3ab4001390/0080: 00 00 00 00 00 00 00 00-00 00 00 00 00 00 00 00 ................
00:05:57.089259 00007f3ab40013a0/0090: 00 00 00 00 00 00 00 00-00 00 00 00 00 00 00 00 ................
00:05:57.089261 00007f3ab40013b0/00a0: 00 00 00 00 00 00 00 00-00 00 00 00 00 00 00 00 ................
00:05:57.089262 00007f3ab40013c0/00b0: 00 00 00 00 00 00 00 00-00 00 00 00 00 00 00 00 ................
00:05:57.089264 00007f3ab40013d0/00c0: 00 00 00 00 00 00 00 00-00 00 00 00 00 00 00 00 ................
00:05:57.089266 00007f3ab40013e0/00d0: 00 00 00 00 00 00 00 00-00 00 00 00 00 00 00 00 ................
00:05:57.089267 00007f3ab40013f0/00e0: 00 00 00 00 00 00 00 00-00 00 00 00 63 82 53 63 ............c.Sc
00:05:57.089270 00007f3ab4001400/00f0: 36 04 c0 a8 39 64 35 01-05 01 04 ff ff ff 00 33 6...9d5........3
00:05:57.089273 00007f3ab4001410/0100: 04 00 00 02 58 ff 00 00-00 00 00 00 00 00 00 00 ....X...........
00:05:57.089276 00007f3ab4001420/0110: 00 00 00 00 00 00 00 00-00 00 00 00 00 00 00 00 ................
00:05:57.089278 00007f3ab4001430/0120: 00 00 00 00 00 00 00 00-00 00 00 00 00 00 00 00 ................
00:05:57.089281 00007f3ab4001440/0130: 00 00 00 00 00 00 00 00-00 00 00 00 00 00 00 00 ................
00:05:57.089283 00007f3ab4001450/0140: 00 00 00 00 00 00 00 00-00 00 00 00 00 00 00 00 ................
00:05:57.089285 00007f3ab4001460/0150: 00 00 00 00 00 00 00 00-00 00 00 00 00 00 00 00 ................
00:05:57.089288 00007f3ab4001470/0160: 00 00 00 00 00 00 00 00-00 00 00 00 00 00 00 00 ................
00:05:57.089290 00007f3ab4001480/0170: 00 00 00 00 00 00 00 00-00 00 00 00 00 00 00 00 ................
00:05:57.089293 00007f3ab4001490/0180: 00 00 00 00 00 00 00 00-00 00 00 00 00 00 00 00 ................
00:05:57.089295 00007f3ab40014a0/0190: 00 00 00 00 00 00 00 00-00 00 00 00 00 00 00 00 ................
00:05:57.089297 00007f3ab40014b0/01a0: 00 00 00 00 00 00 00 00-00 00 00 00 00 00 00 00 ................
00:05:57.089300 00007f3ab40014c0/01b0: 00 00 00 00 00 00 00 00-00 00 00 00 00 00 00 00 ................
00:05:57.089302 00007f3ab40014d0/01c0: 00 00 00 00 00 00 00 00-00 00 00 00 00 00 00 00 ................
00:05:57.089304 00007f3ab40014e0/01d0: 00 00 00 00 00 00 00 00-00 00 00 00 00 00 00 00 ................
00:05:57.089307 00007f3ab40014f0/01e0: 00 00 00 00 00 00 00 00-00 00 00 00 00 00 00 00 ................
00:05:57.089309 00007f3ab4001500/01f0: 00 00 00 00 00 00 00 00-00 00 00 00 00 00 00 00 ................
00:05:57.089311 00007f3ab4001510/0200: 00 00 00 00 00 00 00 00-00 00 00 00 00 00 00 00 ................
00:05:57.089314 00007f3ab4001520/0210: 00 00 00 00 00 00 00 00-00 00 00 00 00 00 00 00 ................
00:05:57.089316 00007f3ab4001530/0220: 00 00 00 00                                     ....
00:06:08.671128 DISCOVER xid 0x00001baa chaddr 08:00:27:03:51:cf
00:06:08.671174  ciaddr 0.0.0.0
00:06:08.671184  params { 1 3 6 28 }
00:06:08.671206 > allocateAddress to client 08:00:27:03:51:cf
00:06:08.671214 > ... found existing binding 192.168.57.105 to 08:00:27:03:51:cf, expired, valid from 2022-09-21T00:32:15Z for 600s until 2022-09-21T00:42:15Z
00:06:08.671226 Lease time 600 secs (default)
00:06:08.671235 >>> requested option 1 (SubnetMask)
00:06:08.671240 ... always supplied
00:06:08.671243 >>> requested option 3 (Routers)
00:06:08.671247 ... not found
00:06:08.671250 >>> requested option 6 (DNSes)
00:06:08.671254 ... not found
00:06:08.671258 >>> requested option 28 (BroadcastAddress)
00:06:08.671262 ... not found
00:06:08.671268 encoding option 1 (SubnetMask)
00:06:08.671272 encoding option 51 (LeaseTime)
00:06:08.671276 OFFER xid 0x00001baa chaddr 08:00:27:03:51:cf
00:06:08.671288  ciaddr 0.0.0.0 yiaddr 192.168.57.105
00:06:08.671299 encoded message: 548 bytes
00:06:08.671301 00007f3ab4001310/0000: 02 01 06 00 aa 1b 00 00-00 00 00 00 00 00 00 00 ................
00:06:08.671305 00007f3ab4001320/0010: c0 a8 39 69 00 00 00 00-00 00 00 00 08 00 27 03 ..9i..........'.
00:06:08.671308 00007f3ab4001330/0020: 51 cf 00 00 00 00 00 00-00 00 00 00 00 00 00 00 Q...............
00:06:08.671311 00007f3ab4001340/0030: 00 00 00 00 00 00 00 00-00 00 00 00 00 00 00 00 ................
00:06:08.671314 00007f3ab4001350/0040: 00 00 00 00 00 00 00 00-00 00 00 00 00 00 00 00 ................
00:06:08.671317 00007f3ab4001360/0050: 00 00 00 00 00 00 00 00-00 00 00 00 00 00 00 00 ................
00:06:08.671320 00007f3ab4001370/0060: 00 00 00 00 00 00 00 00-00 00 00 00 00 00 00 00 ................
00:06:08.671323 00007f3ab4001380/0070: 00 00 00 00 00 00 00 00-00 00 00 00 00 00 00 00 ................
00:06:08.671325 00007f3ab4001390/0080: 00 00 00 00 00 00 00 00-00 00 00 00 00 00 00 00 ................
00:06:08.671328 00007f3ab40013a0/0090: 00 00 00 00 00 00 00 00-00 00 00 00 00 00 00 00 ................
00:06:08.671331 00007f3ab40013b0/00a0: 00 00 00 00 00 00 00 00-00 00 00 00 00 00 00 00 ................
00:06:08.671334 00007f3ab40013c0/00b0: 00 00 00 00 00 00 00 00-00 00 00 00 00 00 00 00 ................
00:06:08.671336 00007f3ab40013d0/00c0: 00 00 00 00 00 00 00 00-00 00 00 00 00 00 00 00 ................
00:06:08.671339 00007f3ab40013e0/00d0: 00 00 00 00 00 00 00 00-00 00 00 00 00 00 00 00 ................
00:06:08.671342 00007f3ab40013f0/00e0: 00 00 00 00 00 00 00 00-00 00 00 00 63 82 53 63 ............c.Sc
00:06:08.671345 00007f3ab4001400/00f0: 36 04 c0 a8 39 64 35 01-02 01 04 ff ff ff 00 33 6...9d5........3
00:06:08.671348 00007f3ab4001410/0100: 04 00 00 02 58 ff 00 00-00 00 00 00 00 00 00 00 ....X...........
00:06:08.671351 00007f3ab4001420/0110: 00 00 00 00 00 00 00 00-00 00 00 00 00 00 00 00 ................
00:06:08.671354 00007f3ab4001430/0120: 00 00 00 00 00 00 00 00-00 00 00 00 00 00 00 00 ................
00:06:08.671356 00007f3ab4001440/0130: 00 00 00 00 00 00 00 00-00 00 00 00 00 00 00 00 ................
00:06:08.671359 00007f3ab4001450/0140: 00 00 00 00 00 00 00 00-00 00 00 00 00 00 00 00 ................
00:06:08.671362 00007f3ab4001460/0150: 00 00 00 00 00 00 00 00-00 00 00 00 00 00 00 00 ................
00:06:08.671365 00007f3ab4001470/0160: 00 00 00 00 00 00 00 00-00 00 00 00 00 00 00 00 ................
00:06:08.671367 00007f3ab4001480/0170: 00 00 00 00 00 00 00 00-00 00 00 00 00 00 00 00 ................
00:06:08.671370 00007f3ab4001490/0180: 00 00 00 00 00 00 00 00-00 00 00 00 00 00 00 00 ................
00:06:08.671372 00007f3ab40014a0/0190: 00 00 00 00 00 00 00 00-00 00 00 00 00 00 00 00 ................
00:06:08.671374 00007f3ab40014b0/01a0: 00 00 00 00 00 00 00 00-00 00 00 00 00 00 00 00 ................
00:06:08.671377 00007f3ab40014c0/01b0: 00 00 00 00 00 00 00 00-00 00 00 00 00 00 00 00 ................
00:06:08.671379 00007f3ab40014d0/01c0: 00 00 00 00 00 00 00 00-00 00 00 00 00 00 00 00 ................
00:06:08.671382 00007f3ab40014e0/01d0: 00 00 00 00 00 00 00 00-00 00 00 00 00 00 00 00 ................
00:06:08.671384 00007f3ab40014f0/01e0: 00 00 00 00 00 00 00 00-00 00 00 00 00 00 00 00 ................
00:06:08.671387 00007f3ab4001500/01f0: 00 00 00 00 00 00 00 00-00 00 00 00 00 00 00 00 ................
00:06:08.671389 00007f3ab4001510/0200: 00 00 00 00 00 00 00 00-00 00 00 00 00 00 00 00 ................
00:06:08.671392 00007f3ab4001520/0210: 00 00 00 00 00 00 00 00-00 00 00 00 00 00 00 00 ................
00:06:08.671394 00007f3ab4001530/0220: 00 00 00 00                                     ....
00:06:08.672059 REQUEST xid 0x00001bab chaddr 08:00:27:03:51:cf
00:06:08.672100  ciaddr 0.0.0.0
00:06:08.672107  for server 192.168.57.100 requested address 192.168.57.105
00:06:08.672119  params { 1 3 6 28 }
00:06:08.672136   54: c0 a8 39 64
00:06:08.672142 > allocateAddress 192.168.57.105 to client 08:00:27:03:51:cf
00:06:08.672149 > ... found existing binding 192.168.57.105 to 08:00:27:03:51:cf, offered, valid from 2022-09-21T00:49:57Z for 600s until 2022-09-21T00:59:57Z
00:06:08.672159 Lease time 600 secs (default)
00:06:08.672163 writing leases to /home/gman72/.config/VirtualBox/HostInterfaceNetworking-vboxnet1-Dhcpd.leases
00:06:08.676162 >>> requested option 1 (SubnetMask)
00:06:08.676181 ... always supplied
00:06:08.676184 >>> requested option 3 (Routers)
00:06:08.676187 ... not found
00:06:08.676189 >>> requested option 6 (DNSes)
00:06:08.676191 ... not found
00:06:08.676193 >>> requested option 28 (BroadcastAddress)
00:06:08.676195 ... not found
00:06:08.676200 encoding option 1 (SubnetMask)
00:06:08.676202 encoding option 51 (LeaseTime)
00:06:08.676206 ACK xid 0x00001bab chaddr 08:00:27:03:51:cf
00:06:08.676214  ciaddr 0.0.0.0 yiaddr 192.168.57.105
00:06:08.676221 encoded message: 548 bytes
00:06:08.676223 00007f3ab4001310/0000: 02 01 06 00 ab 1b 00 00-00 00 00 00 00 00 00 00 ................
00:06:08.676225 00007f3ab4001320/0010: c0 a8 39 69 00 00 00 00-00 00 00 00 08 00 27 03 ..9i..........'.
00:06:08.676227 00007f3ab4001330/0020: 51 cf 00 00 00 00 00 00-00 00 00 00 00 00 00 00 Q...............
00:06:08.676229 00007f3ab4001340/0030: 00 00 00 00 00 00 00 00-00 00 00 00 00 00 00 00 ................
00:06:08.676230 00007f3ab4001350/0040: 00 00 00 00 00 00 00 00-00 00 00 00 00 00 00 00 ................
00:06:08.676232 00007f3ab4001360/0050: 00 00 00 00 00 00 00 00-00 00 00 00 00 00 00 00 ................
00:06:08.676234 00007f3ab4001370/0060: 00 00 00 00 00 00 00 00-00 00 00 00 00 00 00 00 ................
00:06:08.676237 00007f3ab4001380/0070: 00 00 00 00 00 00 00 00-00 00 00 00 00 00 00 00 ................
00:06:08.676240 00007f3ab4001390/0080: 00 00 00 00 00 00 00 00-00 00 00 00 00 00 00 00 ................
00:06:08.676242 00007f3ab40013a0/0090: 00 00 00 00 00 00 00 00-00 00 00 00 00 00 00 00 ................
00:06:08.676246 00007f3ab40013b0/00a0: 00 00 00 00 00 00 00 00-00 00 00 00 00 00 00 00 ................
00:06:08.676249 00007f3ab40013c0/00b0: 00 00 00 00 00 00 00 00-00 00 00 00 00 00 00 00 ................
00:06:08.676251 00007f3ab40013d0/00c0: 00 00 00 00 00 00 00 00-00 00 00 00 00 00 00 00 ................
00:06:08.676254 00007f3ab40013e0/00d0: 00 00 00 00 00 00 00 00-00 00 00 00 00 00 00 00 ................
00:06:08.676257 00007f3ab40013f0/00e0: 00 00 00 00 00 00 00 00-00 00 00 00 63 82 53 63 ............c.Sc
00:06:08.676260 00007f3ab4001400/00f0: 36 04 c0 a8 39 64 35 01-05 01 04 ff ff ff 00 33 6...9d5........3
00:06:08.676263 00007f3ab4001410/0100: 04 00 00 02 58 ff 00 00-00 00 00 00 00 00 00 00 ....X...........
00:06:08.676265 00007f3ab4001420/0110: 00 00 00 00 00 00 00 00-00 00 00 00 00 00 00 00 ................
00:06:08.676268 00007f3ab4001430/0120: 00 00 00 00 00 00 00 00-00 00 00 00 00 00 00 00 ................
00:06:08.676270 00007f3ab4001440/0130: 00 00 00 00 00 00 00 00-00 00 00 00 00 00 00 00 ................
00:06:08.676273 00007f3ab4001450/0140: 00 00 00 00 00 00 00 00-00 00 00 00 00 00 00 00 ................
00:06:08.676275 00007f3ab4001460/0150: 00 00 00 00 00 00 00 00-00 00 00 00 00 00 00 00 ................
00:06:08.676278 00007f3ab4001470/0160: 00 00 00 00 00 00 00 00-00 00 00 00 00 00 00 00 ................
00:06:08.676280 00007f3ab4001480/0170: 00 00 00 00 00 00 00 00-00 00 00 00 00 00 00 00 ................
00:06:08.676283 00007f3ab4001490/0180: 00 00 00 00 00 00 00 00-00 00 00 00 00 00 00 00 ................
00:06:08.676286 00007f3ab40014a0/0190: 00 00 00 00 00 00 00 00-00 00 00 00 00 00 00 00 ................
00:06:08.676289 00007f3ab40014b0/01a0: 00 00 00 00 00 00 00 00-00 00 00 00 00 00 00 00 ................
00:06:08.676292 00007f3ab40014c0/01b0: 00 00 00 00 00 00 00 00-00 00 00 00 00 00 00 00 ................
00:06:08.676295 00007f3ab40014d0/01c0: 00 00 00 00 00 00 00 00-00 00 00 00 00 00 00 00 ................
00:06:08.676297 00007f3ab40014e0/01d0: 00 00 00 00 00 00 00 00-00 00 00 00 00 00 00 00 ................
00:06:08.676300 00007f3ab40014f0/01e0: 00 00 00 00 00 00 00 00-00 00 00 00 00 00 00 00 ................
00:06:08.676303 00007f3ab4001500/01f0: 00 00 00 00 00 00 00 00-00 00 00 00 00 00 00 00 ................
00:06:08.676305 00007f3ab4001510/0200: 00 00 00 00 00 00 00 00-00 00 00 00 00 00 00 00 ................
00:06:08.676308 00007f3ab4001520/0210: 00 00 00 00 00 00 00 00-00 00 00 00 00 00 00 00 ................
00:06:08.676311 00007f3ab4001530/0220: 00 00 00 00                                     ....
