00:00:00.002173 VirtualBox DHCP Server 6.1.32 r149290 linux.amd64 (Feb 10 2022 14:02:19) release log
00:00:00.002175 Log opened 2022-08-28T22:28:01.882530000Z
00:00:00.002176 Build Type: release
00:00:00.002177 OS Product: Linux
00:00:00.002178 OS Release: 5.16.15-zen1-1-zen
00:00:00.002179 OS Version: #1 ZEN SMP PREEMPT Thu, 17 Mar 2022 00:30:11 +0000
00:00:00.002198 DMI Product Name: System Product Name
00:00:00.002205 DMI Product Version: System Version
00:00:00.002224 Firmware type: BIOS
00:00:00.002258 Host RAM: 32068MB (31.3GB) total, 23278MB (22.7GB) available
00:00:00.002260 Executable: /usr/lib/virtualbox/VBoxNetDHCP
00:00:00.002261 Process ID: 4194153
00:00:00.002261 Package type: LINUX_64BITS_GENERIC (OSE)
00:00:00.002280 --config:  HostInterfaceNetworking-vboxnet2
00:00:00.002283 --comment: HostInterfaceNetworking-vboxnet2
00:00:00.002402 IP address:   192.168.58.100/24
00:00:00.002408 Address pool: 192.168.58.101 - 192.168.58.254
00:00:00.002427 MAC address is not specified: will use generated MAC 08:00:27:a2:ab:f9
00:00:00.002433 Db::i_enterFixedAddressAssignment: 08:00:27:a2:ab:f9: 192.168.58.100
00:00:00.002438 loading leases from /home/gman72/.config/VirtualBox/HostInterfaceNetworking-vboxnet2-Dhcpd.leases
00:00:00.002485 > LOAD: EXPIRED lease 192.168.58.105 to 08:00:27:59:74:42, acked, valid from 2022-08-28T22:24:48Z for 600s until 2022-08-28T22:34:48Z
00:00:00.002496 > LOAD: EXPIRED lease 192.168.58.104 to 08:00:27:03:51:cf, acked, valid from 2022-08-28T22:27:10Z for 600s until 2022-08-28T22:37:10Z
00:00:00.002503 > LOAD:         lease 192.168.58.103 to 08:00:27:f7:ad:08, expired, valid from 2022-03-06T06:36:09Z for 600s until 2022-03-06T06:46:09Z
00:00:00.002509 > LOAD:         lease 192.168.58.102 to 08:00:27:ca:6d:ea, expired, valid from 2022-04-22T15:19:17Z for 600s until 2022-04-22T15:29:17Z
00:00:00.002515 > LOAD:         lease 192.168.58.101 to 08:00:27:59:ce:ff, expired, valid from 2022-07-20T18:52:57Z for 600s until 2022-07-20T19:02:57Z
00:00:09.477678 DISCOVER xid 0x000018a6 chaddr 08:00:27:59:74:42
00:00:09.477735  ciaddr 0.0.0.0
00:00:09.477744  params { 1 3 6 28 }
00:00:09.477764 > allocateAddress to client 08:00:27:59:74:42
00:00:09.477772 > ... found existing binding 192.168.58.105 to 08:00:27:59:74:42, acked, valid from 2022-08-28T22:24:48Z for 600s until 2022-08-28T22:34:48Z
00:00:09.477783 Lease time 600 secs (default)
00:00:09.477790 >>> requested option 1 (SubnetMask)
00:00:09.477794 ... always supplied
00:00:09.477797 >>> requested option 3 (Routers)
00:00:09.477801 ... not found
00:00:09.477804 >>> requested option 6 (DNSes)
00:00:09.477808 ... not found
00:00:09.477812 >>> requested option 28 (BroadcastAddress)
00:00:09.477816 ... not found
00:00:09.477825 encoding option 1 (SubnetMask)
00:00:09.477830 encoding option 51 (LeaseTime)
00:00:09.477835 OFFER xid 0x000018a6 chaddr 08:00:27:59:74:42
00:00:09.477847  ciaddr 0.0.0.0 yiaddr 192.168.58.105
00:00:09.477859 encoded message: 548 bytes
00:00:09.477861 00007f8ca0001310/0000: 02 01 06 00 a6 18 00 00-00 00 00 00 00 00 00 00 ................
00:00:09.477872 00007f8ca0001320/0010: c0 a8 3a 69 00 00 00 00-00 00 00 00 08 00 27 59 ..:i..........'Y
00:00:09.477875 00007f8ca0001330/0020: 74 42 00 00 00 00 00 00-00 00 00 00 00 00 00 00 tB..............
00:00:09.477878 00007f8ca0001340/0030: 00 00 00 00 00 00 00 00-00 00 00 00 00 00 00 00 ................
00:00:09.477880 00007f8ca0001350/0040: 00 00 00 00 00 00 00 00-00 00 00 00 00 00 00 00 ................
00:00:09.477883 00007f8ca0001360/0050: 00 00 00 00 00 00 00 00-00 00 00 00 00 00 00 00 ................
00:00:09.477885 00007f8ca0001370/0060: 00 00 00 00 00 00 00 00-00 00 00 00 00 00 00 00 ................
00:00:09.477888 00007f8ca0001380/0070: 00 00 00 00 00 00 00 00-00 00 00 00 00 00 00 00 ................
00:00:09.477891 00007f8ca0001390/0080: 00 00 00 00 00 00 00 00-00 00 00 00 00 00 00 00 ................
00:00:09.477894 00007f8ca00013a0/0090: 00 00 00 00 00 00 00 00-00 00 00 00 00 00 00 00 ................
00:00:09.477897 00007f8ca00013b0/00a0: 00 00 00 00 00 00 00 00-00 00 00 00 00 00 00 00 ................
00:00:09.477900 00007f8ca00013c0/00b0: 00 00 00 00 00 00 00 00-00 00 00 00 00 00 00 00 ................
00:00:09.477903 00007f8ca00013d0/00c0: 00 00 00 00 00 00 00 00-00 00 00 00 00 00 00 00 ................
00:00:09.477906 00007f8ca00013e0/00d0: 00 00 00 00 00 00 00 00-00 00 00 00 00 00 00 00 ................
00:00:09.477908 00007f8ca00013f0/00e0: 00 00 00 00 00 00 00 00-00 00 00 00 63 82 53 63 ............c.Sc
00:00:09.477911 00007f8ca0001400/00f0: 36 04 c0 a8 3a 64 35 01-02 01 04 ff ff ff 00 33 6...:d5........3
00:00:09.477914 00007f8ca0001410/0100: 04 00 00 02 58 ff 00 00-00 00 00 00 00 00 00 00 ....X...........
00:00:09.477917 00007f8ca0001420/0110: 00 00 00 00 00 00 00 00-00 00 00 00 00 00 00 00 ................
00:00:09.477920 00007f8ca0001430/0120: 00 00 00 00 00 00 00 00-00 00 00 00 00 00 00 00 ................
00:00:09.477922 00007f8ca0001440/0130: 00 00 00 00 00 00 00 00-00 00 00 00 00 00 00 00 ................
00:00:09.477925 00007f8ca0001450/0140: 00 00 00 00 00 00 00 00-00 00 00 00 00 00 00 00 ................
00:00:09.477928 00007f8ca0001460/0150: 00 00 00 00 00 00 00 00-00 00 00 00 00 00 00 00 ................
00:00:09.477931 00007f8ca0001470/0160: 00 00 00 00 00 00 00 00-00 00 00 00 00 00 00 00 ................
00:00:09.477933 00007f8ca0001480/0170: 00 00 00 00 00 00 00 00-00 00 00 00 00 00 00 00 ................
00:00:09.477936 00007f8ca0001490/0180: 00 00 00 00 00 00 00 00-00 00 00 00 00 00 00 00 ................
00:00:09.477939 00007f8ca00014a0/0190: 00 00 00 00 00 00 00 00-00 00 00 00 00 00 00 00 ................
00:00:09.477941 00007f8ca00014b0/01a0: 00 00 00 00 00 00 00 00-00 00 00 00 00 00 00 00 ................
00:00:09.477944 00007f8ca00014c0/01b0: 00 00 00 00 00 00 00 00-00 00 00 00 00 00 00 00 ................
00:00:09.477947 00007f8ca00014d0/01c0: 00 00 00 00 00 00 00 00-00 00 00 00 00 00 00 00 ................
00:00:09.477950 00007f8ca00014e0/01d0: 00 00 00 00 00 00 00 00-00 00 00 00 00 00 00 00 ................
00:00:09.477952 00007f8ca00014f0/01e0: 00 00 00 00 00 00 00 00-00 00 00 00 00 00 00 00 ................
00:00:09.477955 00007f8ca0001500/01f0: 00 00 00 00 00 00 00 00-00 00 00 00 00 00 00 00 ................
00:00:09.477958 00007f8ca0001510/0200: 00 00 00 00 00 00 00 00-00 00 00 00 00 00 00 00 ................
00:00:09.477960 00007f8ca0001520/0210: 00 00 00 00 00 00 00 00-00 00 00 00 00 00 00 00 ................
00:00:09.477963 00007f8ca0001530/0220: 00 00 00 00                                     ....
00:00:09.478304 REQUEST xid 0x000018a7 chaddr 08:00:27:59:74:42
00:00:09.478321  ciaddr 0.0.0.0
00:00:09.478328  for server 192.168.58.100 requested address 192.168.58.105
00:00:09.478341  params { 1 3 6 28 }
00:00:09.478359   54: c0 a8 3a 64
00:00:09.478365 > allocateAddress 192.168.58.105 to client 08:00:27:59:74:42
00:00:09.478371 > ... found existing binding 192.168.58.105 to 08:00:27:59:74:42, acked, valid from 2022-08-28T22:28:11Z for 600s until 2022-08-28T22:38:11Z
00:00:09.478379 Lease time 600 secs (default)
00:00:09.478384 writing leases to /home/gman72/.config/VirtualBox/HostInterfaceNetworking-vboxnet2-Dhcpd.leases
00:00:09.482715 >>> requested option 1 (SubnetMask)
00:00:09.482732 ... always supplied
00:00:09.482736 >>> requested option 3 (Routers)
00:00:09.482740 ... not found
00:00:09.482743 >>> requested option 6 (DNSes)
00:00:09.482747 ... not found
00:00:09.482750 >>> requested option 28 (BroadcastAddress)
00:00:09.482754 ... not found
00:00:09.482760 encoding option 1 (SubnetMask)
00:00:09.482764 encoding option 51 (LeaseTime)
00:00:09.482768 ACK xid 0x000018a7 chaddr 08:00:27:59:74:42
00:00:09.482780  ciaddr 0.0.0.0 yiaddr 192.168.58.105
00:00:09.482792 encoded message: 548 bytes
00:00:09.482793 00007f8ca0001310/0000: 02 01 06 00 a7 18 00 00-00 00 00 00 00 00 00 00 ................
00:00:09.482796 00007f8ca0001320/0010: c0 a8 3a 69 00 00 00 00-00 00 00 00 08 00 27 59 ..:i..........'Y
00:00:09.482799 00007f8ca0001330/0020: 74 42 00 00 00 00 00 00-00 00 00 00 00 00 00 00 tB..............
00:00:09.482802 00007f8ca0001340/0030: 00 00 00 00 00 00 00 00-00 00 00 00 00 00 00 00 ................
00:00:09.482804 00007f8ca0001350/0040: 00 00 00 00 00 00 00 00-00 00 00 00 00 00 00 00 ................
00:00:09.482807 00007f8ca0001360/0050: 00 00 00 00 00 00 00 00-00 00 00 00 00 00 00 00 ................
00:00:09.482810 00007f8ca0001370/0060: 00 00 00 00 00 00 00 00-00 00 00 00 00 00 00 00 ................
00:00:09.482812 00007f8ca0001380/0070: 00 00 00 00 00 00 00 00-00 00 00 00 00 00 00 00 ................
00:00:09.482815 00007f8ca0001390/0080: 00 00 00 00 00 00 00 00-00 00 00 00 00 00 00 00 ................
00:00:09.482817 00007f8ca00013a0/0090: 00 00 00 00 00 00 00 00-00 00 00 00 00 00 00 00 ................
00:00:09.482820 00007f8ca00013b0/00a0: 00 00 00 00 00 00 00 00-00 00 00 00 00 00 00 00 ................
00:00:09.482823 00007f8ca00013c0/00b0: 00 00 00 00 00 00 00 00-00 00 00 00 00 00 00 00 ................
00:00:09.482826 00007f8ca00013d0/00c0: 00 00 00 00 00 00 00 00-00 00 00 00 00 00 00 00 ................
00:00:09.482829 00007f8ca00013e0/00d0: 00 00 00 00 00 00 00 00-00 00 00 00 00 00 00 00 ................
00:00:09.482831 00007f8ca00013f0/00e0: 00 00 00 00 00 00 00 00-00 00 00 00 63 82 53 63 ............c.Sc
00:00:09.482834 00007f8ca0001400/00f0: 36 04 c0 a8 3a 64 35 01-05 01 04 ff ff ff 00 33 6...:d5........3
00:00:09.482837 00007f8ca0001410/0100: 04 00 00 02 58 ff 00 00-00 00 00 00 00 00 00 00 ....X...........
00:00:09.482840 00007f8ca0001420/0110: 00 00 00 00 00 00 00 00-00 00 00 00 00 00 00 00 ................
00:00:09.482842 00007f8ca0001430/0120: 00 00 00 00 00 00 00 00-00 00 00 00 00 00 00 00 ................
00:00:09.482845 00007f8ca0001440/0130: 00 00 00 00 00 00 00 00-00 00 00 00 00 00 00 00 ................
00:00:09.482847 00007f8ca0001450/0140: 00 00 00 00 00 00 00 00-00 00 00 00 00 00 00 00 ................
00:00:09.482850 00007f8ca0001460/0150: 00 00 00 00 00 00 00 00-00 00 00 00 00 00 00 00 ................
00:00:09.482853 00007f8ca0001470/0160: 00 00 00 00 00 00 00 00-00 00 00 00 00 00 00 00 ................
00:00:09.482856 00007f8ca0001480/0170: 00 00 00 00 00 00 00 00-00 00 00 00 00 00 00 00 ................
00:00:09.482858 00007f8ca0001490/0180: 00 00 00 00 00 00 00 00-00 00 00 00 00 00 00 00 ................
00:00:09.482861 00007f8ca00014a0/0190: 00 00 00 00 00 00 00 00-00 00 00 00 00 00 00 00 ................
00:00:09.482864 00007f8ca00014b0/01a0: 00 00 00 00 00 00 00 00-00 00 00 00 00 00 00 00 ................
00:00:09.482866 00007f8ca00014c0/01b0: 00 00 00 00 00 00 00 00-00 00 00 00 00 00 00 00 ................
00:00:09.482869 00007f8ca00014d0/01c0: 00 00 00 00 00 00 00 00-00 00 00 00 00 00 00 00 ................
00:00:09.482872 00007f8ca00014e0/01d0: 00 00 00 00 00 00 00 00-00 00 00 00 00 00 00 00 ................
00:00:09.482875 00007f8ca00014f0/01e0: 00 00 00 00 00 00 00 00-00 00 00 00 00 00 00 00 ................
00:00:09.482877 00007f8ca0001500/01f0: 00 00 00 00 00 00 00 00-00 00 00 00 00 00 00 00 ................
00:00:09.482880 00007f8ca0001510/0200: 00 00 00 00 00 00 00 00-00 00 00 00 00 00 00 00 ................
00:00:09.482883 00007f8ca0001520/0210: 00 00 00 00 00 00 00 00-00 00 00 00 00 00 00 00 ................
00:00:09.482885 00007f8ca0001530/0220: 00 00 00 00                                     ....
