00:00:00.001634 VirtualBox DHCP Server 6.1.32 r149290 linux.amd64 (Feb 10 2022 14:02:19) release log
00:00:00.001635 Log opened 2022-08-28T22:48:20.870617000Z
00:00:00.001636 Build Type: release
00:00:00.001638 OS Product: Linux
00:00:00.001638 OS Release: 5.16.15-zen1-1-zen
00:00:00.001639 OS Version: #1 ZEN SMP PREEMPT Thu, 17 Mar 2022 00:30:11 +0000
00:00:00.001668 DMI Product Name: System Product Name
00:00:00.001675 DMI Product Version: System Version
00:00:00.001680 Firmware type: BIOS
00:00:00.001712 Host RAM: 32068MB (31.3GB) total, 23283MB (22.7GB) available
00:00:00.001714 Executable: /usr/lib/virtualbox/VBoxNetDHCP
00:00:00.001715 Process ID: 28469
00:00:00.001715 Package type: LINUX_64BITS_GENERIC (OSE)
00:00:00.001732 --config:  HostInterfaceNetworking-vboxnet5
00:00:00.001736 --comment: HostInterfaceNetworking-vboxnet5
00:00:00.001833 IP address:   192.168.61.100/24
00:00:00.001839 Address pool: 192.168.61.101 - 192.168.61.254
00:00:00.001861 MAC address is not specified: will use generated MAC 08:00:27:14:d8:60
00:00:00.001867 Db::i_enterFixedAddressAssignment: 08:00:27:14:d8:60: 192.168.61.100
00:00:00.001872 loading leases from /home/gman72/.config/VirtualBox/HostInterfaceNetworking-vboxnet5-Dhcpd.leases
00:00:00.001920 > LOAD: EXPIRED lease 192.168.61.105 to 08:00:27:03:51:cf, acked, valid from 2022-08-28T22:47:35Z for 600s until 2022-08-28T22:57:35Z
00:00:00.001932 > LOAD: EXPIRED lease 192.168.61.104 to 08:00:27:59:74:42, acked, valid from 2022-08-28T22:45:06Z for 600s until 2022-08-28T22:55:06Z
00:00:00.001938 > LOAD:         lease 192.168.61.103 to 08:00:27:ca:6d:ea, expired, valid from 2022-04-22T15:46:24Z for 600s until 2022-04-22T15:56:24Z
00:00:00.001945 > LOAD: EXPIRED lease 192.168.61.102 to 08:00:27:59:ce:ff, acked, valid from 2022-08-28T22:45:04Z for 600s until 2022-08-28T22:55:04Z
00:00:00.001951 > LOAD:         lease 192.168.61.101 to 08:00:27:f7:ad:08, expired, valid from 2022-03-04T01:09:30Z for 600s until 2022-03-04T01:19:30Z
00:00:09.079091 DISCOVER xid 0x00001715 chaddr 08:00:27:59:74:42
00:00:09.079129  ciaddr 0.0.0.0
00:00:09.079135  params { 1 3 6 28 }
00:00:09.079148 > allocateAddress to client 08:00:27:59:74:42
00:00:09.079153 > ... found existing binding 192.168.61.104 to 08:00:27:59:74:42, acked, valid from 2022-08-28T22:45:06Z for 600s until 2022-08-28T22:55:06Z
00:00:09.079162 Lease time 600 secs (default)
00:00:09.079166 >>> requested option 1 (SubnetMask)
00:00:09.079169 ... always supplied
00:00:09.079172 >>> requested option 3 (Routers)
00:00:09.079177 ... not found
00:00:09.079180 >>> requested option 6 (DNSes)
00:00:09.079184 ... not found
00:00:09.079187 >>> requested option 28 (BroadcastAddress)
00:00:09.079191 ... not found
00:00:09.079199 encoding option 1 (SubnetMask)
00:00:09.079204 encoding option 51 (LeaseTime)
00:00:09.079210 OFFER xid 0x00001715 chaddr 08:00:27:59:74:42
00:00:09.079220  ciaddr 0.0.0.0 yiaddr 192.168.61.104
00:00:09.079232 encoded message: 548 bytes
00:00:09.079234 00007f96fc0011e0/0000: 02 01 06 00 15 17 00 00-00 00 00 00 00 00 00 00 ................
00:00:09.079237 00007f96fc0011f0/0010: c0 a8 3d 68 00 00 00 00-00 00 00 00 08 00 27 59 ..=h..........'Y
00:00:09.079240 00007f96fc001200/0020: 74 42 00 00 00 00 00 00-00 00 00 00 00 00 00 00 tB..............
00:00:09.079243 00007f96fc001210/0030: 00 00 00 00 00 00 00 00-00 00 00 00 00 00 00 00 ................
00:00:09.079246 00007f96fc001220/0040: 00 00 00 00 00 00 00 00-00 00 00 00 00 00 00 00 ................
00:00:09.079249 00007f96fc001230/0050: 00 00 00 00 00 00 00 00-00 00 00 00 00 00 00 00 ................
00:00:09.079252 00007f96fc001240/0060: 00 00 00 00 00 00 00 00-00 00 00 00 00 00 00 00 ................
00:00:09.079255 00007f96fc001250/0070: 00 00 00 00 00 00 00 00-00 00 00 00 00 00 00 00 ................
00:00:09.079258 00007f96fc001260/0080: 00 00 00 00 00 00 00 00-00 00 00 00 00 00 00 00 ................
00:00:09.079261 00007f96fc001270/0090: 00 00 00 00 00 00 00 00-00 00 00 00 00 00 00 00 ................
00:00:09.079263 00007f96fc001280/00a0: 00 00 00 00 00 00 00 00-00 00 00 00 00 00 00 00 ................
00:00:09.079266 00007f96fc001290/00b0: 00 00 00 00 00 00 00 00-00 00 00 00 00 00 00 00 ................
00:00:09.079269 00007f96fc0012a0/00c0: 00 00 00 00 00 00 00 00-00 00 00 00 00 00 00 00 ................
00:00:09.079272 00007f96fc0012b0/00d0: 00 00 00 00 00 00 00 00-00 00 00 00 00 00 00 00 ................
00:00:09.079275 00007f96fc0012c0/00e0: 00 00 00 00 00 00 00 00-00 00 00 00 63 82 53 63 ............c.Sc
00:00:09.079278 00007f96fc0012d0/00f0: 36 04 c0 a8 3d 64 35 01-02 01 04 ff ff ff 00 33 6...=d5........3
00:00:09.079281 00007f96fc0012e0/0100: 04 00 00 02 58 ff 00 00-00 00 00 00 00 00 00 00 ....X...........
00:00:09.079284 00007f96fc0012f0/0110: 00 00 00 00 00 00 00 00-00 00 00 00 00 00 00 00 ................
00:00:09.079287 00007f96fc001300/0120: 00 00 00 00 00 00 00 00-00 00 00 00 00 00 00 00 ................
00:00:09.079290 00007f96fc001310/0130: 00 00 00 00 00 00 00 00-00 00 00 00 00 00 00 00 ................
00:00:09.079293 00007f96fc001320/0140: 00 00 00 00 00 00 00 00-00 00 00 00 00 00 00 00 ................
00:00:09.079296 00007f96fc001330/0150: 00 00 00 00 00 00 00 00-00 00 00 00 00 00 00 00 ................
00:00:09.079299 00007f96fc001340/0160: 00 00 00 00 00 00 00 00-00 00 00 00 00 00 00 00 ................
00:00:09.079302 00007f96fc001350/0170: 00 00 00 00 00 00 00 00-00 00 00 00 00 00 00 00 ................
00:00:09.079305 00007f96fc001360/0180: 00 00 00 00 00 00 00 00-00 00 00 00 00 00 00 00 ................
00:00:09.079307 00007f96fc001370/0190: 00 00 00 00 00 00 00 00-00 00 00 00 00 00 00 00 ................
00:00:09.079310 00007f96fc001380/01a0: 00 00 00 00 00 00 00 00-00 00 00 00 00 00 00 00 ................
00:00:09.079313 00007f96fc001390/01b0: 00 00 00 00 00 00 00 00-00 00 00 00 00 00 00 00 ................
00:00:09.079315 00007f96fc0013a0/01c0: 00 00 00 00 00 00 00 00-00 00 00 00 00 00 00 00 ................
00:00:09.079318 00007f96fc0013b0/01d0: 00 00 00 00 00 00 00 00-00 00 00 00 00 00 00 00 ................
00:00:09.079321 00007f96fc0013c0/01e0: 00 00 00 00 00 00 00 00-00 00 00 00 00 00 00 00 ................
00:00:09.079324 00007f96fc0013d0/01f0: 00 00 00 00 00 00 00 00-00 00 00 00 00 00 00 00 ................
00:00:09.079326 00007f96fc0013e0/0200: 00 00 00 00 00 00 00 00-00 00 00 00 00 00 00 00 ................
00:00:09.079328 00007f96fc0013f0/0210: 00 00 00 00 00 00 00 00-00 00 00 00 00 00 00 00 ................
00:00:09.079330 00007f96fc001400/0220: 00 00 00 00                                     ....
00:00:09.080341 REQUEST xid 0x00001716 chaddr 08:00:27:59:74:42
00:00:09.080353  ciaddr 0.0.0.0
00:00:09.080358  for server 192.168.61.100 requested address 192.168.61.104
00:00:09.080365  params { 1 3 6 28 }
00:00:09.080377   54: c0 a8 3d 64
00:00:09.080381 > allocateAddress 192.168.61.104 to client 08:00:27:59:74:42
00:00:09.080385 > ... found existing binding 192.168.61.104 to 08:00:27:59:74:42, acked, valid from 2022-08-28T22:48:29Z for 600s until 2022-08-28T22:58:29Z
00:00:09.080391 Lease time 600 secs (default)
00:00:09.080393 writing leases to /home/gman72/.config/VirtualBox/HostInterfaceNetworking-vboxnet5-Dhcpd.leases
00:00:09.084461 >>> requested option 1 (SubnetMask)
00:00:09.084478 ... always supplied
00:00:09.084483 >>> requested option 3 (Routers)
00:00:09.084487 ... not found
00:00:09.084490 >>> requested option 6 (DNSes)
00:00:09.084494 ... not found
00:00:09.084497 >>> requested option 28 (BroadcastAddress)
00:00:09.084501 ... not found
00:00:09.084508 encoding option 1 (SubnetMask)
00:00:09.084513 encoding option 51 (LeaseTime)
00:00:09.084517 ACK xid 0x00001716 chaddr 08:00:27:59:74:42
00:00:09.084530  ciaddr 0.0.0.0 yiaddr 192.168.61.104
00:00:09.084543 encoded message: 548 bytes
00:00:09.084545 00007f96fc0011e0/0000: 02 01 06 00 16 17 00 00-00 00 00 00 00 00 00 00 ................
00:00:09.084548 00007f96fc0011f0/0010: c0 a8 3d 68 00 00 00 00-00 00 00 00 08 00 27 59 ..=h..........'Y
00:00:09.084551 00007f96fc001200/0020: 74 42 00 00 00 00 00 00-00 00 00 00 00 00 00 00 tB..............
00:00:09.084553 00007f96fc001210/0030: 00 00 00 00 00 00 00 00-00 00 00 00 00 00 00 00 ................
00:00:09.084556 00007f96fc001220/0040: 00 00 00 00 00 00 00 00-00 00 00 00 00 00 00 00 ................
00:00:09.084559 00007f96fc001230/0050: 00 00 00 00 00 00 00 00-00 00 00 00 00 00 00 00 ................
00:00:09.084562 00007f96fc001240/0060: 00 00 00 00 00 00 00 00-00 00 00 00 00 00 00 00 ................
00:00:09.084564 00007f96fc001250/0070: 00 00 00 00 00 00 00 00-00 00 00 00 00 00 00 00 ................
00:00:09.084567 00007f96fc001260/0080: 00 00 00 00 00 00 00 00-00 00 00 00 00 00 00 00 ................
00:00:09.084570 00007f96fc001270/0090: 00 00 00 00 00 00 00 00-00 00 00 00 00 00 00 00 ................
00:00:09.084572 00007f96fc001280/00a0: 00 00 00 00 00 00 00 00-00 00 00 00 00 00 00 00 ................
00:00:09.084574 00007f96fc001290/00b0: 00 00 00 00 00 00 00 00-00 00 00 00 00 00 00 00 ................
00:00:09.084576 00007f96fc0012a0/00c0: 00 00 00 00 00 00 00 00-00 00 00 00 00 00 00 00 ................
00:00:09.084577 00007f96fc0012b0/00d0: 00 00 00 00 00 00 00 00-00 00 00 00 00 00 00 00 ................
00:00:09.084579 00007f96fc0012c0/00e0: 00 00 00 00 00 00 00 00-00 00 00 00 63 82 53 63 ............c.Sc
00:00:09.084581 00007f96fc0012d0/00f0: 36 04 c0 a8 3d 64 35 01-05 01 04 ff ff ff 00 33 6...=d5........3
00:00:09.084583 00007f96fc0012e0/0100: 04 00 00 02 58 ff 00 00-00 00 00 00 00 00 00 00 ....X...........
00:00:09.084585 00007f96fc0012f0/0110: 00 00 00 00 00 00 00 00-00 00 00 00 00 00 00 00 ................
00:00:09.084586 00007f96fc001300/0120: 00 00 00 00 00 00 00 00-00 00 00 00 00 00 00 00 ................
00:00:09.084588 00007f96fc001310/0130: 00 00 00 00 00 00 00 00-00 00 00 00 00 00 00 00 ................
00:00:09.084590 00007f96fc001320/0140: 00 00 00 00 00 00 00 00-00 00 00 00 00 00 00 00 ................
00:00:09.084597 00007f96fc001330/0150: 00 00 00 00 00 00 00 00-00 00 00 00 00 00 00 00 ................
00:00:09.084599 00007f96fc001340/0160: 00 00 00 00 00 00 00 00-00 00 00 00 00 00 00 00 ................
00:00:09.084600 00007f96fc001350/0170: 00 00 00 00 00 00 00 00-00 00 00 00 00 00 00 00 ................
00:00:09.084602 00007f96fc001360/0180: 00 00 00 00 00 00 00 00-00 00 00 00 00 00 00 00 ................
00:00:09.084604 00007f96fc001370/0190: 00 00 00 00 00 00 00 00-00 00 00 00 00 00 00 00 ................
00:00:09.084605 00007f96fc001380/01a0: 00 00 00 00 00 00 00 00-00 00 00 00 00 00 00 00 ................
00:00:09.084607 00007f96fc001390/01b0: 00 00 00 00 00 00 00 00-00 00 00 00 00 00 00 00 ................
00:00:09.084609 00007f96fc0013a0/01c0: 00 00 00 00 00 00 00 00-00 00 00 00 00 00 00 00 ................
00:00:09.084611 00007f96fc0013b0/01d0: 00 00 00 00 00 00 00 00-00 00 00 00 00 00 00 00 ................
00:00:09.084612 00007f96fc0013c0/01e0: 00 00 00 00 00 00 00 00-00 00 00 00 00 00 00 00 ................
00:00:09.084614 00007f96fc0013d0/01f0: 00 00 00 00 00 00 00 00-00 00 00 00 00 00 00 00 ................
00:00:09.084616 00007f96fc0013e0/0200: 00 00 00 00 00 00 00 00-00 00 00 00 00 00 00 00 ................
00:00:09.084618 00007f96fc0013f0/0210: 00 00 00 00 00 00 00 00-00 00 00 00 00 00 00 00 ................
00:00:09.084619 00007f96fc001400/0220: 00 00 00 00                                     ....
