00:00:00.001441 VirtualBox DHCP Server 6.1.32 r149290 linux.amd64 (Feb 10 2022 14:02:19) release log
00:00:00.001442 Log opened 2022-08-28T22:51:44.685170000Z
00:00:00.001443 Build Type: release
00:00:00.001444 OS Product: Linux
00:00:00.001445 OS Release: 5.16.15-zen1-1-zen
00:00:00.001446 OS Version: #1 ZEN SMP PREEMPT Thu, 17 Mar 2022 00:30:11 +0000
00:00:00.001460 DMI Product Name: System Product Name
00:00:00.001467 DMI Product Version: System Version
00:00:00.001471 Firmware type: BIOS
00:00:00.001494 Host RAM: 32068MB (31.3GB) total, 23284MB (22.7GB) available
00:00:00.001496 Executable: /usr/lib/virtualbox/VBoxNetDHCP
00:00:00.001496 Process ID: 33149
00:00:00.001497 Package type: LINUX_64BITS_GENERIC (OSE)
00:00:00.001512 --config:  HostInterfaceNetworking-vboxnet6
00:00:00.001515 --comment: HostInterfaceNetworking-vboxnet6
00:00:00.001617 IP address:   192.168.62.100/24
00:00:00.001622 Address pool: 192.168.62.101 - 192.168.62.254
00:00:00.001644 MAC address is not specified: will use generated MAC 08:00:27:a8:e3:64
00:00:00.001650 Db::i_enterFixedAddressAssignment: 08:00:27:a8:e3:64: 192.168.62.100
00:00:00.001654 loading leases from /home/gman72/.config/VirtualBox/HostInterfaceNetworking-vboxnet6-Dhcpd.leases
00:00:00.001699 > LOAD: EXPIRED lease 192.168.62.105 to 08:00:27:03:51:cf, acked, valid from 2022-08-28T22:50:57Z for 600s until 2022-08-28T23:00:57Z
00:00:00.001710 > LOAD:         lease 192.168.62.104 to 08:00:27:59:74:42, expired, valid from 2022-07-24T02:45:13Z for 600s until 2022-07-24T02:55:13Z
00:00:00.001716 > LOAD:         lease 192.168.62.103 to 08:00:27:ca:6d:ea, expired, valid from 2022-04-22T15:49:47Z for 600s until 2022-04-22T15:59:47Z
00:00:00.001722 > LOAD: EXPIRED lease 192.168.62.102 to 08:00:27:59:ce:ff, acked, valid from 2022-08-28T22:48:30Z for 600s until 2022-08-28T22:58:30Z
00:00:00.001727 > LOAD:         lease 192.168.62.101 to 08:00:27:f7:ad:08, expired, valid from 2022-04-22T15:51:03Z for 600s until 2022-04-22T16:01:03Z
00:00:09.970475 DISCOVER xid 0x00001a5e chaddr 08:00:27:59:74:42
00:00:09.970529  ciaddr 0.0.0.0
00:00:09.970538  params { 1 3 6 28 }
00:00:09.970556 > allocateAddress to client 08:00:27:59:74:42
00:00:09.970563 > ... found existing binding 192.168.62.104 to 08:00:27:59:74:42, expired, valid from 2022-07-24T02:45:13Z for 600s until 2022-07-24T02:55:13Z
00:00:09.970574 Lease time 600 secs (default)
00:00:09.970580 >>> requested option 1 (SubnetMask)
00:00:09.970583 ... always supplied
00:00:09.970586 >>> requested option 3 (Routers)
00:00:09.970590 ... not found
00:00:09.970593 >>> requested option 6 (DNSes)
00:00:09.970596 ... not found
00:00:09.970599 >>> requested option 28 (BroadcastAddress)
00:00:09.970602 ... not found
00:00:09.970610 encoding option 1 (SubnetMask)
00:00:09.970614 encoding option 51 (LeaseTime)
00:00:09.970618 OFFER xid 0x00001a5e chaddr 08:00:27:59:74:42
00:00:09.970629  ciaddr 0.0.0.0 yiaddr 192.168.62.104
00:00:09.970639 encoded message: 548 bytes
00:00:09.970641 00007f592c001310/0000: 02 01 06 00 5e 1a 00 00-00 00 00 00 00 00 00 00 ....^...........
00:00:09.970652 00007f592c001320/0010: c0 a8 3e 68 00 00 00 00-00 00 00 00 08 00 27 59 ..>h..........'Y
00:00:09.970655 00007f592c001330/0020: 74 42 00 00 00 00 00 00-00 00 00 00 00 00 00 00 tB..............
00:00:09.970658 00007f592c001340/0030: 00 00 00 00 00 00 00 00-00 00 00 00 00 00 00 00 ................
00:00:09.970661 00007f592c001350/0040: 00 00 00 00 00 00 00 00-00 00 00 00 00 00 00 00 ................
00:00:09.970664 00007f592c001360/0050: 00 00 00 00 00 00 00 00-00 00 00 00 00 00 00 00 ................
00:00:09.970667 00007f592c001370/0060: 00 00 00 00 00 00 00 00-00 00 00 00 00 00 00 00 ................
00:00:09.970669 00007f592c001380/0070: 00 00 00 00 00 00 00 00-00 00 00 00 00 00 00 00 ................
00:00:09.970672 00007f592c001390/0080: 00 00 00 00 00 00 00 00-00 00 00 00 00 00 00 00 ................
00:00:09.970675 00007f592c0013a0/0090: 00 00 00 00 00 00 00 00-00 00 00 00 00 00 00 00 ................
00:00:09.970678 00007f592c0013b0/00a0: 00 00 00 00 00 00 00 00-00 00 00 00 00 00 00 00 ................
00:00:09.970681 00007f592c0013c0/00b0: 00 00 00 00 00 00 00 00-00 00 00 00 00 00 00 00 ................
00:00:09.970684 00007f592c0013d0/00c0: 00 00 00 00 00 00 00 00-00 00 00 00 00 00 00 00 ................
00:00:09.970686 00007f592c0013e0/00d0: 00 00 00 00 00 00 00 00-00 00 00 00 00 00 00 00 ................
00:00:09.970689 00007f592c0013f0/00e0: 00 00 00 00 00 00 00 00-00 00 00 00 63 82 53 63 ............c.Sc
00:00:09.970692 00007f592c001400/00f0: 36 04 c0 a8 3e 64 35 01-02 01 04 ff ff ff 00 33 6...>d5........3
00:00:09.970695 00007f592c001410/0100: 04 00 00 02 58 ff 00 00-00 00 00 00 00 00 00 00 ....X...........
00:00:09.970698 00007f592c001420/0110: 00 00 00 00 00 00 00 00-00 00 00 00 00 00 00 00 ................
00:00:09.970700 00007f592c001430/0120: 00 00 00 00 00 00 00 00-00 00 00 00 00 00 00 00 ................
00:00:09.970703 00007f592c001440/0130: 00 00 00 00 00 00 00 00-00 00 00 00 00 00 00 00 ................
00:00:09.970706 00007f592c001450/0140: 00 00 00 00 00 00 00 00-00 00 00 00 00 00 00 00 ................
00:00:09.970709 00007f592c001460/0150: 00 00 00 00 00 00 00 00-00 00 00 00 00 00 00 00 ................
00:00:09.970712 00007f592c001470/0160: 00 00 00 00 00 00 00 00-00 00 00 00 00 00 00 00 ................
00:00:09.970714 00007f592c001480/0170: 00 00 00 00 00 00 00 00-00 00 00 00 00 00 00 00 ................
00:00:09.970717 00007f592c001490/0180: 00 00 00 00 00 00 00 00-00 00 00 00 00 00 00 00 ................
00:00:09.970720 00007f592c0014a0/0190: 00 00 00 00 00 00 00 00-00 00 00 00 00 00 00 00 ................
00:00:09.970723 00007f592c0014b0/01a0: 00 00 00 00 00 00 00 00-00 00 00 00 00 00 00 00 ................
00:00:09.970725 00007f592c0014c0/01b0: 00 00 00 00 00 00 00 00-00 00 00 00 00 00 00 00 ................
00:00:09.970728 00007f592c0014d0/01c0: 00 00 00 00 00 00 00 00-00 00 00 00 00 00 00 00 ................
00:00:09.970731 00007f592c0014e0/01d0: 00 00 00 00 00 00 00 00-00 00 00 00 00 00 00 00 ................
00:00:09.970733 00007f592c0014f0/01e0: 00 00 00 00 00 00 00 00-00 00 00 00 00 00 00 00 ................
00:00:09.970736 00007f592c001500/01f0: 00 00 00 00 00 00 00 00-00 00 00 00 00 00 00 00 ................
00:00:09.970740 00007f592c001510/0200: 00 00 00 00 00 00 00 00-00 00 00 00 00 00 00 00 ................
00:00:09.970743 00007f592c001520/0210: 00 00 00 00 00 00 00 00-00 00 00 00 00 00 00 00 ................
00:00:09.970746 00007f592c001530/0220: 00 00 00 00                                     ....
00:00:09.971116 REQUEST xid 0x00001a5f chaddr 08:00:27:59:74:42
00:00:09.971131  ciaddr 0.0.0.0
00:00:09.971137  for server 192.168.62.100 requested address 192.168.62.104
00:00:09.971148  params { 1 3 6 28 }
00:00:09.971164   54: c0 a8 3e 64
00:00:09.971169 > allocateAddress 192.168.62.104 to client 08:00:27:59:74:42
00:00:09.971175 > ... found existing binding 192.168.62.104 to 08:00:27:59:74:42, offered, valid from 2022-08-28T22:51:54Z for 600s until 2022-08-28T23:01:54Z
00:00:09.971183 Lease time 600 secs (default)
00:00:09.971187 writing leases to /home/gman72/.config/VirtualBox/HostInterfaceNetworking-vboxnet6-Dhcpd.leases
00:00:09.975620 >>> requested option 1 (SubnetMask)
00:00:09.975635 ... always supplied
00:00:09.975638 >>> requested option 3 (Routers)
00:00:09.975642 ... not found
00:00:09.975644 >>> requested option 6 (DNSes)
00:00:09.975648 ... not found
00:00:09.975650 >>> requested option 28 (BroadcastAddress)
00:00:09.975654 ... not found
00:00:09.975658 encoding option 1 (SubnetMask)
00:00:09.975662 encoding option 51 (LeaseTime)
00:00:09.975666 ACK xid 0x00001a5f chaddr 08:00:27:59:74:42
00:00:09.975674  ciaddr 0.0.0.0 yiaddr 192.168.62.104
00:00:09.975681 encoded message: 548 bytes
00:00:09.975682 00007f592c001310/0000: 02 01 06 00 5f 1a 00 00-00 00 00 00 00 00 00 00 ...._...........
00:00:09.975685 00007f592c001320/0010: c0 a8 3e 68 00 00 00 00-00 00 00 00 08 00 27 59 ..>h..........'Y
00:00:09.975687 00007f592c001330/0020: 74 42 00 00 00 00 00 00-00 00 00 00 00 00 00 00 tB..............
00:00:09.975688 00007f592c001340/0030: 00 00 00 00 00 00 00 00-00 00 00 00 00 00 00 00 ................
00:00:09.975690 00007f592c001350/0040: 00 00 00 00 00 00 00 00-00 00 00 00 00 00 00 00 ................
00:00:09.975692 00007f592c001360/0050: 00 00 00 00 00 00 00 00-00 00 00 00 00 00 00 00 ................
00:00:09.975694 00007f592c001370/0060: 00 00 00 00 00 00 00 00-00 00 00 00 00 00 00 00 ................
00:00:09.975696 00007f592c001380/0070: 00 00 00 00 00 00 00 00-00 00 00 00 00 00 00 00 ................
00:00:09.975697 00007f592c001390/0080: 00 00 00 00 00 00 00 00-00 00 00 00 00 00 00 00 ................
00:00:09.975699 00007f592c0013a0/0090: 00 00 00 00 00 00 00 00-00 00 00 00 00 00 00 00 ................
00:00:09.975701 00007f592c0013b0/00a0: 00 00 00 00 00 00 00 00-00 00 00 00 00 00 00 00 ................
00:00:09.975703 00007f592c0013c0/00b0: 00 00 00 00 00 00 00 00-00 00 00 00 00 00 00 00 ................
00:00:09.975705 00007f592c0013d0/00c0: 00 00 00 00 00 00 00 00-00 00 00 00 00 00 00 00 ................
00:00:09.975706 00007f592c0013e0/00d0: 00 00 00 00 00 00 00 00-00 00 00 00 00 00 00 00 ................
00:00:09.975708 00007f592c0013f0/00e0: 00 00 00 00 00 00 00 00-00 00 00 00 63 82 53 63 ............c.Sc
00:00:09.975710 00007f592c001400/00f0: 36 04 c0 a8 3e 64 35 01-05 01 04 ff ff ff 00 33 6...>d5........3
00:00:09.975712 00007f592c001410/0100: 04 00 00 02 58 ff 00 00-00 00 00 00 00 00 00 00 ....X...........
00:00:09.975714 00007f592c001420/0110: 00 00 00 00 00 00 00 00-00 00 00 00 00 00 00 00 ................
00:00:09.975715 00007f592c001430/0120: 00 00 00 00 00 00 00 00-00 00 00 00 00 00 00 00 ................
00:00:09.975717 00007f592c001440/0130: 00 00 00 00 00 00 00 00-00 00 00 00 00 00 00 00 ................
00:00:09.975719 00007f592c001450/0140: 00 00 00 00 00 00 00 00-00 00 00 00 00 00 00 00 ................
00:00:09.975721 00007f592c001460/0150: 00 00 00 00 00 00 00 00-00 00 00 00 00 00 00 00 ................
00:00:09.975722 00007f592c001470/0160: 00 00 00 00 00 00 00 00-00 00 00 00 00 00 00 00 ................
00:00:09.975724 00007f592c001480/0170: 00 00 00 00 00 00 00 00-00 00 00 00 00 00 00 00 ................
00:00:09.975726 00007f592c001490/0180: 00 00 00 00 00 00 00 00-00 00 00 00 00 00 00 00 ................
00:00:09.975728 00007f592c0014a0/0190: 00 00 00 00 00 00 00 00-00 00 00 00 00 00 00 00 ................
00:00:09.975729 00007f592c0014b0/01a0: 00 00 00 00 00 00 00 00-00 00 00 00 00 00 00 00 ................
00:00:09.975731 00007f592c0014c0/01b0: 00 00 00 00 00 00 00 00-00 00 00 00 00 00 00 00 ................
00:00:09.975733 00007f592c0014d0/01c0: 00 00 00 00 00 00 00 00-00 00 00 00 00 00 00 00 ................
00:00:09.975735 00007f592c0014e0/01d0: 00 00 00 00 00 00 00 00-00 00 00 00 00 00 00 00 ................
00:00:09.975736 00007f592c0014f0/01e0: 00 00 00 00 00 00 00 00-00 00 00 00 00 00 00 00 ................
00:00:09.975738 00007f592c001500/01f0: 00 00 00 00 00 00 00 00-00 00 00 00 00 00 00 00 ................
00:00:09.975740 00007f592c001510/0200: 00 00 00 00 00 00 00 00-00 00 00 00 00 00 00 00 ................
00:00:09.975742 00007f592c001520/0210: 00 00 00 00 00 00 00 00-00 00 00 00 00 00 00 00 ................
00:00:09.975743 00007f592c001530/0220: 00 00 00 00                                     ....
