00:00:00.000512 VirtualBox DHCP Server 7.0.10 r158379 linux.amd64 (Aug 11 2023 12:19:51) release log
00:00:00.000513 Log opened 2023-09-15T16:40:23.690626000Z
00:00:00.000514 Build Type: release
00:00:00.000515 OS Product: Linux
00:00:00.000516 OS Release: 6.5.2-arch1-1
00:00:00.000517 OS Version: #1 SMP PREEMPT_DYNAMIC Wed, 06 Sep 2023 21:01:01 +0000
00:00:00.000536 DMI Product Name: System Product Name
00:00:00.000544 DMI Product Version: System Version
00:00:00.000549 Firmware type: BIOS
00:00:00.000574 Host RAM: 32065MB (31.3GB) total, 19159MB (18.7GB) available
00:00:00.000576 Executable: /usr/lib/virtualbox/VBoxNetDHCP
00:00:00.000577 Process ID: 111704
00:00:00.000577 Package type: LINUX_64BITS_GENERIC (OSE)
00:00:00.000596 --config:  HostInterfaceNetworking-vboxnet3
00:00:00.000599 --comment: HostInterfaceNetworking-vboxnet3
00:00:00.000687 IP address:   192.168.59.100/24
00:00:00.000692 Address pool: 192.168.59.101 - 192.168.59.254
00:00:00.000706 MAC address is not specified: will use generated MAC 08:00:27:22:f7:d3
00:00:00.000711 Db::i_enterFixedAddressAssignment: 08:00:27:22:f7:d3: 192.168.59.100
00:00:00.000715 loading leases from /home/gman72/.config/VirtualBox/HostInterfaceNetworking-vboxnet3-Dhcpd.leases
00:00:00.000774 > LOAD: EXPIRED lease 192.168.59.107 to 08:00:27:4d:ac:b2, acked, valid from 2023-09-15T16:31:57Z for 600s until 2023-09-15T16:41:57Z
00:00:00.000784 > LOAD: EXPIRED lease 192.168.59.106 to 08:00:27:82:ee:5d, acked, valid from 2023-09-15T16:36:13Z for 600s until 2023-09-15T16:46:13Z
00:00:00.000791 > LOAD:         lease 192.168.59.105 to 08:00:27:03:51:cf, expired, valid from 2022-11-16T01:26:49Z for 600s until 2022-11-16T01:36:49Z
00:00:00.000796 > LOAD: EXPIRED lease 192.168.59.104 to 08:00:27:59:74:42, acked, valid from 2023-09-15T16:36:07Z for 600s until 2023-09-15T16:46:07Z
00:00:00.000802 > LOAD:         lease 192.168.59.103 to 08:00:27:59:ce:ff, expired, valid from 2023-05-12T03:50:38Z for 600s until 2023-05-12T04:00:38Z
00:00:00.000807 > LOAD:         lease 192.168.59.102 to 08:00:27:f7:ad:08, expired, valid from 2022-04-22T15:30:39Z for 600s until 2022-04-22T15:40:39Z
00:00:00.000813 > LOAD:         lease 192.168.59.101 to 08:00:27:ca:6d:ea, expired, valid from 2022-04-22T15:32:53Z for 600s until 2022-04-22T15:42:53Z
00:00:00.000836 SUP: Opened VMMR0.r0 (/usr/lib/virtualbox/VMMR0.r0) at 0xXXXXXXXXXXXXXXXX.
00:00:07.667068 DISCOVER xid 0x000011f2 chaddr 08:00:27:4d:ac:b2
00:00:07.667113  ciaddr 0.0.0.0
00:00:07.667123  params { 1 3 6 28 }
00:00:07.667144 > allocateAddress to client 08:00:27:4d:ac:b2
00:00:07.667158 > ... found existing binding 192.168.59.107 to 08:00:27:4d:ac:b2, acked, valid from 2023-09-15T16:31:57Z for 600s until 2023-09-15T16:41:57Z
00:00:07.667177 Lease time 600 secs (default)
00:00:07.667184 >>> requested option 1 (SubnetMask)
00:00:07.667188 ... always supplied
00:00:07.667191 >>> requested option 3 (Routers)
00:00:07.667195 ... not found
00:00:07.667198 >>> requested option 6 (DNSes)
00:00:07.667201 ... not found
00:00:07.667204 >>> requested option 28 (BroadcastAddress)
00:00:07.667208 ... not found
00:00:07.667217 encoding option 1 (SubnetMask)
00:00:07.667221 encoding option 51 (LeaseTime)
00:00:07.667226 OFFER xid 0x000011f2 chaddr 08:00:27:4d:ac:b2
00:00:07.667236  ciaddr 0.0.0.0 yiaddr 192.168.59.107
00:00:07.667248 encoded message: 548 bytes
00:00:07.667258 00007f8c6c0011e0/0000: 02 01 06 00 f2 11 00 00-00 00 00 00 00 00 00 00 ................
00:00:07.667261 00007f8c6c0011f0/0010: c0 a8 3b 6b 00 00 00 00-00 00 00 00 08 00 27 4d ..;k..........'M
00:00:07.667264 00007f8c6c001200/0020: ac b2 00 00 00 00 00 00-00 00 00 00 00 00 00 00 ................
00:00:07.667267 00007f8c6c001210/0030: 00 00 00 00 00 00 00 00-00 00 00 00 00 00 00 00 ................
00:00:07.667270 00007f8c6c001220/0040: 00 00 00 00 00 00 00 00-00 00 00 00 00 00 00 00 ................
00:00:07.667272 00007f8c6c001230/0050: 00 00 00 00 00 00 00 00-00 00 00 00 00 00 00 00 ................
00:00:07.667275 00007f8c6c001240/0060: 00 00 00 00 00 00 00 00-00 00 00 00 00 00 00 00 ................
00:00:07.667277 00007f8c6c001250/0070: 00 00 00 00 00 00 00 00-00 00 00 00 00 00 00 00 ................
00:00:07.667280 00007f8c6c001260/0080: 00 00 00 00 00 00 00 00-00 00 00 00 00 00 00 00 ................
00:00:07.667282 00007f8c6c001270/0090: 00 00 00 00 00 00 00 00-00 00 00 00 00 00 00 00 ................
00:00:07.667285 00007f8c6c001280/00a0: 00 00 00 00 00 00 00 00-00 00 00 00 00 00 00 00 ................
00:00:07.667287 00007f8c6c001290/00b0: 00 00 00 00 00 00 00 00-00 00 00 00 00 00 00 00 ................
00:00:07.667290 00007f8c6c0012a0/00c0: 00 00 00 00 00 00 00 00-00 00 00 00 00 00 00 00 ................
00:00:07.667293 00007f8c6c0012b0/00d0: 00 00 00 00 00 00 00 00-00 00 00 00 00 00 00 00 ................
00:00:07.667296 00007f8c6c0012c0/00e0: 00 00 00 00 00 00 00 00-00 00 00 00 63 82 53 63 ............c.Sc
00:00:07.667298 00007f8c6c0012d0/00f0: 36 04 c0 a8 3b 64 35 01-02 01 04 ff ff ff 00 33 6...;d5........3
00:00:07.667301 00007f8c6c0012e0/0100: 04 00 00 02 58 ff 00 00-00 00 00 00 00 00 00 00 ....X...........
00:00:07.667304 00007f8c6c0012f0/0110: 00 00 00 00 00 00 00 00-00 00 00 00 00 00 00 00 ................
00:00:07.667307 00007f8c6c001300/0120: 00 00 00 00 00 00 00 00-00 00 00 00 00 00 00 00 ................
00:00:07.667309 00007f8c6c001310/0130: 00 00 00 00 00 00 00 00-00 00 00 00 00 00 00 00 ................
00:00:07.667316 00007f8c6c001320/0140: 00 00 00 00 00 00 00 00-00 00 00 00 00 00 00 00 ................
00:00:07.667319 00007f8c6c001330/0150: 00 00 00 00 00 00 00 00-00 00 00 00 00 00 00 00 ................
00:00:07.667322 00007f8c6c001340/0160: 00 00 00 00 00 00 00 00-00 00 00 00 00 00 00 00 ................
00:00:07.667325 00007f8c6c001350/0170: 00 00 00 00 00 00 00 00-00 00 00 00 00 00 00 00 ................
00:00:07.667327 00007f8c6c001360/0180: 00 00 00 00 00 00 00 00-00 00 00 00 00 00 00 00 ................
00:00:07.667330 00007f8c6c001370/0190: 00 00 00 00 00 00 00 00-00 00 00 00 00 00 00 00 ................
00:00:07.667333 00007f8c6c001380/01a0: 00 00 00 00 00 00 00 00-00 00 00 00 00 00 00 00 ................
00:00:07.667336 00007f8c6c001390/01b0: 00 00 00 00 00 00 00 00-00 00 00 00 00 00 00 00 ................
00:00:07.667339 00007f8c6c0013a0/01c0: 00 00 00 00 00 00 00 00-00 00 00 00 00 00 00 00 ................
00:00:07.667349 00007f8c6c0013b0/01d0: 00 00 00 00 00 00 00 00-00 00 00 00 00 00 00 00 ................
00:00:07.667352 00007f8c6c0013c0/01e0: 00 00 00 00 00 00 00 00-00 00 00 00 00 00 00 00 ................
00:00:07.667355 00007f8c6c0013d0/01f0: 00 00 00 00 00 00 00 00-00 00 00 00 00 00 00 00 ................
00:00:07.667358 00007f8c6c0013e0/0200: 00 00 00 00 00 00 00 00-00 00 00 00 00 00 00 00 ................
00:00:07.667361 00007f8c6c0013f0/0210: 00 00 00 00 00 00 00 00-00 00 00 00 00 00 00 00 ................
00:00:07.667363 00007f8c6c001400/0220: 00 00 00 00                                     ....
00:00:07.667866 REQUEST xid 0x000011f3 chaddr 08:00:27:4d:ac:b2
00:00:07.667882  ciaddr 0.0.0.0
00:00:07.667889  for server 192.168.59.100 requested address 192.168.59.107
00:00:07.667900  params { 1 3 6 28 }
00:00:07.667917   54: c0 a8 3b 64
00:00:07.667923 > allocateAddress 192.168.59.107 to client 08:00:27:4d:ac:b2
00:00:07.667929 > ... found existing binding 192.168.59.107 to 08:00:27:4d:ac:b2, acked, valid from 2023-09-15T16:40:31Z for 600s until 2023-09-15T16:50:31Z
00:00:07.667937 Lease time 600 secs (default)
00:00:07.667941 writing leases to /home/gman72/.config/VirtualBox/HostInterfaceNetworking-vboxnet3-Dhcpd.leases
00:00:07.672179 >>> requested option 1 (SubnetMask)
00:00:07.672198 ... always supplied
00:00:07.672202 >>> requested option 3 (Routers)
00:00:07.672206 ... not found
00:00:07.672210 >>> requested option 6 (DNSes)
00:00:07.672213 ... not found
00:00:07.672217 >>> requested option 28 (BroadcastAddress)
00:00:07.672221 ... not found
00:00:07.672227 encoding option 1 (SubnetMask)
00:00:07.672231 encoding option 51 (LeaseTime)
00:00:07.672236 ACK xid 0x000011f3 chaddr 08:00:27:4d:ac:b2
00:00:07.672248  ciaddr 0.0.0.0 yiaddr 192.168.59.107
00:00:07.672259 encoded message: 548 bytes
00:00:07.672261 00007f8c6c0011e0/0000: 02 01 06 00 f3 11 00 00-00 00 00 00 00 00 00 00 ................
00:00:07.672265 00007f8c6c0011f0/0010: c0 a8 3b 6b 00 00 00 00-00 00 00 00 08 00 27 4d ..;k..........'M
00:00:07.672268 00007f8c6c001200/0020: ac b2 00 00 00 00 00 00-00 00 00 00 00 00 00 00 ................
00:00:07.672271 00007f8c6c001210/0030: 00 00 00 00 00 00 00 00-00 00 00 00 00 00 00 00 ................
00:00:07.672274 00007f8c6c001220/0040: 00 00 00 00 00 00 00 00-00 00 00 00 00 00 00 00 ................
00:00:07.672276 00007f8c6c001230/0050: 00 00 00 00 00 00 00 00-00 00 00 00 00 00 00 00 ................
00:00:07.672279 00007f8c6c001240/0060: 00 00 00 00 00 00 00 00-00 00 00 00 00 00 00 00 ................
00:00:07.672282 00007f8c6c001250/0070: 00 00 00 00 00 00 00 00-00 00 00 00 00 00 00 00 ................
00:00:07.672284 00007f8c6c001260/0080: 00 00 00 00 00 00 00 00-00 00 00 00 00 00 00 00 ................
00:00:07.672287 00007f8c6c001270/0090: 00 00 00 00 00 00 00 00-00 00 00 00 00 00 00 00 ................
00:00:07.672289 00007f8c6c001280/00a0: 00 00 00 00 00 00 00 00-00 00 00 00 00 00 00 00 ................
00:00:07.672292 00007f8c6c001290/00b0: 00 00 00 00 00 00 00 00-00 00 00 00 00 00 00 00 ................
00:00:07.672295 00007f8c6c0012a0/00c0: 00 00 00 00 00 00 00 00-00 00 00 00 00 00 00 00 ................
00:00:07.672297 00007f8c6c0012b0/00d0: 00 00 00 00 00 00 00 00-00 00 00 00 00 00 00 00 ................
00:00:07.672300 00007f8c6c0012c0/00e0: 00 00 00 00 00 00 00 00-00 00 00 00 63 82 53 63 ............c.Sc
00:00:07.672302 00007f8c6c0012d0/00f0: 36 04 c0 a8 3b 64 35 01-05 01 04 ff ff ff 00 33 6...;d5........3
00:00:07.672305 00007f8c6c0012e0/0100: 04 00 00 02 58 ff 00 00-00 00 00 00 00 00 00 00 ....X...........
00:00:07.672308 00007f8c6c0012f0/0110: 00 00 00 00 00 00 00 00-00 00 00 00 00 00 00 00 ................
00:00:07.672311 00007f8c6c001300/0120: 00 00 00 00 00 00 00 00-00 00 00 00 00 00 00 00 ................
00:00:07.672314 00007f8c6c001310/0130: 00 00 00 00 00 00 00 00-00 00 00 00 00 00 00 00 ................
00:00:07.672317 00007f8c6c001320/0140: 00 00 00 00 00 00 00 00-00 00 00 00 00 00 00 00 ................
00:00:07.672320 00007f8c6c001330/0150: 00 00 00 00 00 00 00 00-00 00 00 00 00 00 00 00 ................
00:00:07.672323 00007f8c6c001340/0160: 00 00 00 00 00 00 00 00-00 00 00 00 00 00 00 00 ................
00:00:07.672326 00007f8c6c001350/0170: 00 00 00 00 00 00 00 00-00 00 00 00 00 00 00 00 ................
00:00:07.672328 00007f8c6c001360/0180: 00 00 00 00 00 00 00 00-00 00 00 00 00 00 00 00 ................
00:00:07.672331 00007f8c6c001370/0190: 00 00 00 00 00 00 00 00-00 00 00 00 00 00 00 00 ................
00:00:07.672334 00007f8c6c001380/01a0: 00 00 00 00 00 00 00 00-00 00 00 00 00 00 00 00 ................
00:00:07.672337 00007f8c6c001390/01b0: 00 00 00 00 00 00 00 00-00 00 00 00 00 00 00 00 ................
00:00:07.672339 00007f8c6c0013a0/01c0: 00 00 00 00 00 00 00 00-00 00 00 00 00 00 00 00 ................
00:00:07.672342 00007f8c6c0013b0/01d0: 00 00 00 00 00 00 00 00-00 00 00 00 00 00 00 00 ................
00:00:07.672345 00007f8c6c0013c0/01e0: 00 00 00 00 00 00 00 00-00 00 00 00 00 00 00 00 ................
00:00:07.672348 00007f8c6c0013d0/01f0: 00 00 00 00 00 00 00 00-00 00 00 00 00 00 00 00 ................
00:00:07.672351 00007f8c6c0013e0/0200: 00 00 00 00 00 00 00 00-00 00 00 00 00 00 00 00 ................
00:00:07.672353 00007f8c6c0013f0/0210: 00 00 00 00 00 00 00 00-00 00 00 00 00 00 00 00 ................
00:00:07.672356 00007f8c6c001400/0220: 00 00 00 00                                     ....
00:02:11.042865 DISCOVER xid 0x000012d3 chaddr 08:00:27:59:74:42
00:02:11.042903  ciaddr 0.0.0.0
00:02:11.042914  params { 1 3 6 28 }
00:02:11.042935 > allocateAddress to client 08:00:27:59:74:42
00:02:11.042943 > .... noted expired binding 192.168.59.105 to 08:00:27:03:51:cf, expired, valid from 2022-11-16T01:26:49Z for 600s until 2022-11-16T01:36:49Z
00:02:11.042954 > ... found existing binding 192.168.59.104 to 08:00:27:59:74:42, acked, valid from 2023-09-15T16:36:07Z for 600s until 2023-09-15T16:46:07Z
00:02:11.042977 Lease time 600 secs (default)
00:02:11.042984 >>> requested option 1 (SubnetMask)
00:02:11.042988 ... always supplied
00:02:11.042992 >>> requested option 3 (Routers)
00:02:11.042996 ... not found
00:02:11.042999 >>> requested option 6 (DNSes)
00:02:11.043003 ... not found
00:02:11.043007 >>> requested option 28 (BroadcastAddress)
00:02:11.043011 ... not found
00:02:11.043017 encoding option 1 (SubnetMask)
00:02:11.043022 encoding option 51 (LeaseTime)
00:02:11.043027 OFFER xid 0x000012d3 chaddr 08:00:27:59:74:42
00:02:11.043038  ciaddr 0.0.0.0 yiaddr 192.168.59.104
00:02:11.043045 encoded message: 548 bytes
00:02:11.043046 00007f8c6c0011e0/0000: 02 01 06 00 d3 12 00 00-00 00 00 00 00 00 00 00 ................
00:02:11.043049 00007f8c6c0011f0/0010: c0 a8 3b 68 00 00 00 00-00 00 00 00 08 00 27 59 ..;h..........'Y
00:02:11.043051 00007f8c6c001200/0020: 74 42 00 00 00 00 00 00-00 00 00 00 00 00 00 00 tB..............
00:02:11.043053 00007f8c6c001210/0030: 00 00 00 00 00 00 00 00-00 00 00 00 00 00 00 00 ................
00:02:11.043055 00007f8c6c001220/0040: 00 00 00 00 00 00 00 00-00 00 00 00 00 00 00 00 ................
00:02:11.043056 00007f8c6c001230/0050: 00 00 00 00 00 00 00 00-00 00 00 00 00 00 00 00 ................
00:02:11.043058 00007f8c6c001240/0060: 00 00 00 00 00 00 00 00-00 00 00 00 00 00 00 00 ................
00:02:11.043060 00007f8c6c001250/0070: 00 00 00 00 00 00 00 00-00 00 00 00 00 00 00 00 ................
00:02:11.043062 00007f8c6c001260/0080: 00 00 00 00 00 00 00 00-00 00 00 00 00 00 00 00 ................
00:02:11.043071 00007f8c6c001270/0090: 00 00 00 00 00 00 00 00-00 00 00 00 00 00 00 00 ................
00:02:11.043073 00007f8c6c001280/00a0: 00 00 00 00 00 00 00 00-00 00 00 00 00 00 00 00 ................
00:02:11.043075 00007f8c6c001290/00b0: 00 00 00 00 00 00 00 00-00 00 00 00 00 00 00 00 ................
00:02:11.043076 00007f8c6c0012a0/00c0: 00 00 00 00 00 00 00 00-00 00 00 00 00 00 00 00 ................
00:02:11.043078 00007f8c6c0012b0/00d0: 00 00 00 00 00 00 00 00-00 00 00 00 00 00 00 00 ................
00:02:11.043080 00007f8c6c0012c0/00e0: 00 00 00 00 00 00 00 00-00 00 00 00 63 82 53 63 ............c.Sc
00:02:11.043082 00007f8c6c0012d0/00f0: 36 04 c0 a8 3b 64 35 01-02 01 04 ff ff ff 00 33 6...;d5........3
00:02:11.043084 00007f8c6c0012e0/0100: 04 00 00 02 58 ff 00 00-00 00 00 00 00 00 00 00 ....X...........
00:02:11.043086 00007f8c6c0012f0/0110: 00 00 00 00 00 00 00 00-00 00 00 00 00 00 00 00 ................
00:02:11.043087 00007f8c6c001300/0120: 00 00 00 00 00 00 00 00-00 00 00 00 00 00 00 00 ................
00:02:11.043089 00007f8c6c001310/0130: 00 00 00 00 00 00 00 00-00 00 00 00 00 00 00 00 ................
00:02:11.043091 00007f8c6c001320/0140: 00 00 00 00 00 00 00 00-00 00 00 00 00 00 00 00 ................
00:02:11.043093 00007f8c6c001330/0150: 00 00 00 00 00 00 00 00-00 00 00 00 00 00 00 00 ................
00:02:11.043094 00007f8c6c001340/0160: 00 00 00 00 00 00 00 00-00 00 00 00 00 00 00 00 ................
00:02:11.043096 00007f8c6c001350/0170: 00 00 00 00 00 00 00 00-00 00 00 00 00 00 00 00 ................
00:02:11.043098 00007f8c6c001360/0180: 00 00 00 00 00 00 00 00-00 00 00 00 00 00 00 00 ................
00:02:11.043100 00007f8c6c001370/0190: 00 00 00 00 00 00 00 00-00 00 00 00 00 00 00 00 ................
00:02:11.043101 00007f8c6c001380/01a0: 00 00 00 00 00 00 00 00-00 00 00 00 00 00 00 00 ................
00:02:11.043103 00007f8c6c001390/01b0: 00 00 00 00 00 00 00 00-00 00 00 00 00 00 00 00 ................
00:02:11.043105 00007f8c6c0013a0/01c0: 00 00 00 00 00 00 00 00-00 00 00 00 00 00 00 00 ................
00:02:11.043107 00007f8c6c0013b0/01d0: 00 00 00 00 00 00 00 00-00 00 00 00 00 00 00 00 ................
00:02:11.043109 00007f8c6c0013c0/01e0: 00 00 00 00 00 00 00 00-00 00 00 00 00 00 00 00 ................
00:02:11.043110 00007f8c6c0013d0/01f0: 00 00 00 00 00 00 00 00-00 00 00 00 00 00 00 00 ................
00:02:11.043112 00007f8c6c0013e0/0200: 00 00 00 00 00 00 00 00-00 00 00 00 00 00 00 00 ................
00:02:11.043114 00007f8c6c0013f0/0210: 00 00 00 00 00 00 00 00-00 00 00 00 00 00 00 00 ................
00:02:11.043116 00007f8c6c001400/0220: 00 00 00 00                                     ....
00:02:11.045808 REQUEST xid 0x000012d4 chaddr 08:00:27:59:74:42
00:02:11.045842  ciaddr 0.0.0.0
00:02:11.045852  for server 192.168.59.100 requested address 192.168.59.104
00:02:11.045865  params { 1 3 6 28 }
00:02:11.045882   54: c0 a8 3b 64
00:02:11.045888 > allocateAddress 192.168.59.104 to client 08:00:27:59:74:42
00:02:11.045902 > .... noted expired binding 192.168.59.105 to 08:00:27:03:51:cf, expired, valid from 2022-11-16T01:26:49Z for 600s until 2022-11-16T01:36:49Z
00:02:11.045919 > ... found existing binding 192.168.59.104 to 08:00:27:59:74:42, acked, valid from 2023-09-15T16:42:34Z for 600s until 2023-09-15T16:52:34Z
00:02:11.045926 Lease time 600 secs (default)
00:02:11.045930 writing leases to /home/gman72/.config/VirtualBox/HostInterfaceNetworking-vboxnet3-Dhcpd.leases
00:02:11.050230 >>> requested option 1 (SubnetMask)
00:02:11.050244 ... always supplied
00:02:11.050248 >>> requested option 3 (Routers)
00:02:11.050251 ... not found
00:02:11.050253 >>> requested option 6 (DNSes)
00:02:11.050256 ... not found
00:02:11.050258 >>> requested option 28 (BroadcastAddress)
00:02:11.050261 ... not found
00:02:11.050266 encoding option 1 (SubnetMask)
00:02:11.050269 encoding option 51 (LeaseTime)
00:02:11.050273 ACK xid 0x000012d4 chaddr 08:00:27:59:74:42
00:02:11.050282  ciaddr 0.0.0.0 yiaddr 192.168.59.104
00:02:11.050288 encoded message: 548 bytes
00:02:11.050290 00007f8c6c0011e0/0000: 02 01 06 00 d4 12 00 00-00 00 00 00 00 00 00 00 ................
00:02:11.050292 00007f8c6c0011f0/0010: c0 a8 3b 68 00 00 00 00-00 00 00 00 08 00 27 59 ..;h..........'Y
00:02:11.050294 00007f8c6c001200/0020: 74 42 00 00 00 00 00 00-00 00 00 00 00 00 00 00 tB..............
00:02:11.050296 00007f8c6c001210/0030: 00 00 00 00 00 00 00 00-00 00 00 00 00 00 00 00 ................
00:02:11.050298 00007f8c6c001220/0040: 00 00 00 00 00 00 00 00-00 00 00 00 00 00 00 00 ................
00:02:11.050300 00007f8c6c001230/0050: 00 00 00 00 00 00 00 00-00 00 00 00 00 00 00 00 ................
00:02:11.050301 00007f8c6c001240/0060: 00 00 00 00 00 00 00 00-00 00 00 00 00 00 00 00 ................
00:02:11.050303 00007f8c6c001250/0070: 00 00 00 00 00 00 00 00-00 00 00 00 00 00 00 00 ................
00:02:11.050305 00007f8c6c001260/0080: 00 00 00 00 00 00 00 00-00 00 00 00 00 00 00 00 ................
00:02:11.050307 00007f8c6c001270/0090: 00 00 00 00 00 00 00 00-00 00 00 00 00 00 00 00 ................
00:02:11.050309 00007f8c6c001280/00a0: 00 00 00 00 00 00 00 00-00 00 00 00 00 00 00 00 ................
00:02:11.050310 00007f8c6c001290/00b0: 00 00 00 00 00 00 00 00-00 00 00 00 00 00 00 00 ................
00:02:11.050312 00007f8c6c0012a0/00c0: 00 00 00 00 00 00 00 00-00 00 00 00 00 00 00 00 ................
00:02:11.050314 00007f8c6c0012b0/00d0: 00 00 00 00 00 00 00 00-00 00 00 00 00 00 00 00 ................
00:02:11.050316 00007f8c6c0012c0/00e0: 00 00 00 00 00 00 00 00-00 00 00 00 63 82 53 63 ............c.Sc
00:02:11.050317 00007f8c6c0012d0/00f0: 36 04 c0 a8 3b 64 35 01-05 01 04 ff ff ff 00 33 6...;d5........3
00:02:11.050319 00007f8c6c0012e0/0100: 04 00 00 02 58 ff 00 00-00 00 00 00 00 00 00 00 ....X...........
00:02:11.050321 00007f8c6c0012f0/0110: 00 00 00 00 00 00 00 00-00 00 00 00 00 00 00 00 ................
00:02:11.050323 00007f8c6c001300/0120: 00 00 00 00 00 00 00 00-00 00 00 00 00 00 00 00 ................
00:02:11.050325 00007f8c6c001310/0130: 00 00 00 00 00 00 00 00-00 00 00 00 00 00 00 00 ................
00:02:11.050327 00007f8c6c001320/0140: 00 00 00 00 00 00 00 00-00 00 00 00 00 00 00 00 ................
00:02:11.050328 00007f8c6c001330/0150: 00 00 00 00 00 00 00 00-00 00 00 00 00 00 00 00 ................
00:02:11.050330 00007f8c6c001340/0160: 00 00 00 00 00 00 00 00-00 00 00 00 00 00 00 00 ................
00:02:11.050332 00007f8c6c001350/0170: 00 00 00 00 00 00 00 00-00 00 00 00 00 00 00 00 ................
00:02:11.050334 00007f8c6c001360/0180: 00 00 00 00 00 00 00 00-00 00 00 00 00 00 00 00 ................
00:02:11.050336 00007f8c6c001370/0190: 00 00 00 00 00 00 00 00-00 00 00 00 00 00 00 00 ................
00:02:11.050337 00007f8c6c001380/01a0: 00 00 00 00 00 00 00 00-00 00 00 00 00 00 00 00 ................
00:02:11.050339 00007f8c6c001390/01b0: 00 00 00 00 00 00 00 00-00 00 00 00 00 00 00 00 ................
00:02:11.050341 00007f8c6c0013a0/01c0: 00 00 00 00 00 00 00 00-00 00 00 00 00 00 00 00 ................
00:02:11.050343 00007f8c6c0013b0/01d0: 00 00 00 00 00 00 00 00-00 00 00 00 00 00 00 00 ................
00:02:11.050344 00007f8c6c0013c0/01e0: 00 00 00 00 00 00 00 00-00 00 00 00 00 00 00 00 ................
00:02:11.050346 00007f8c6c0013d0/01f0: 00 00 00 00 00 00 00 00-00 00 00 00 00 00 00 00 ................
00:02:11.050348 00007f8c6c0013e0/0200: 00 00 00 00 00 00 00 00-00 00 00 00 00 00 00 00 ................
00:02:11.050350 00007f8c6c0013f0/0210: 00 00 00 00 00 00 00 00-00 00 00 00 00 00 00 00 ................
00:02:11.050352 00007f8c6c001400/0220: 00 00 00 00                                     ....
00:04:37.150254 DISCOVER xid 0x000013a5 chaddr 08:00:27:82:ee:5d
00:04:37.150298  ciaddr 0.0.0.0
00:04:37.150308  params { 1 3 6 28 }
00:04:37.150329 > allocateAddress to client 08:00:27:82:ee:5d
00:04:37.150337 > ... found existing binding 192.168.59.106 to 08:00:27:82:ee:5d, acked, valid from 2023-09-15T16:36:13Z for 600s until 2023-09-15T16:46:13Z
00:04:37.150349 Lease time 600 secs (default)
00:04:37.150356 >>> requested option 1 (SubnetMask)
00:04:37.150360 ... always supplied
00:04:37.150364 >>> requested option 3 (Routers)
00:04:37.150368 ... not found
00:04:37.150372 >>> requested option 6 (DNSes)
00:04:37.150376 ... not found
00:04:37.150379 >>> requested option 28 (BroadcastAddress)
00:04:37.150383 ... not found
00:04:37.150390 encoding option 1 (SubnetMask)
00:04:37.150394 encoding option 51 (LeaseTime)
00:04:37.150399 OFFER xid 0x000013a5 chaddr 08:00:27:82:ee:5d
00:04:37.150410  ciaddr 0.0.0.0 yiaddr 192.168.59.106
00:04:37.150422 encoded message: 548 bytes
00:04:37.150424 00007f8c6c0011e0/0000: 02 01 06 00 a5 13 00 00-00 00 00 00 00 00 00 00 ................
00:04:37.150428 00007f8c6c0011f0/0010: c0 a8 3b 6a 00 00 00 00-00 00 00 00 08 00 27 82 ..;j..........'.
00:04:37.150431 00007f8c6c001200/0020: ee 5d 00 00 00 00 00 00-00 00 00 00 00 00 00 00 .]..............
00:04:37.150434 00007f8c6c001210/0030: 00 00 00 00 00 00 00 00-00 00 00 00 00 00 00 00 ................
00:04:37.150438 00007f8c6c001220/0040: 00 00 00 00 00 00 00 00-00 00 00 00 00 00 00 00 ................
00:04:37.150441 00007f8c6c001230/0050: 00 00 00 00 00 00 00 00-00 00 00 00 00 00 00 00 ................
00:04:37.150444 00007f8c6c001240/0060: 00 00 00 00 00 00 00 00-00 00 00 00 00 00 00 00 ................
00:04:37.150447 00007f8c6c001250/0070: 00 00 00 00 00 00 00 00-00 00 00 00 00 00 00 00 ................
00:04:37.150450 00007f8c6c001260/0080: 00 00 00 00 00 00 00 00-00 00 00 00 00 00 00 00 ................
00:04:37.150453 00007f8c6c001270/0090: 00 00 00 00 00 00 00 00-00 00 00 00 00 00 00 00 ................
00:04:37.150457 00007f8c6c001280/00a0: 00 00 00 00 00 00 00 00-00 00 00 00 00 00 00 00 ................
00:04:37.150460 00007f8c6c001290/00b0: 00 00 00 00 00 00 00 00-00 00 00 00 00 00 00 00 ................
00:04:37.150463 00007f8c6c0012a0/00c0: 00 00 00 00 00 00 00 00-00 00 00 00 00 00 00 00 ................
00:04:37.150466 00007f8c6c0012b0/00d0: 00 00 00 00 00 00 00 00-00 00 00 00 00 00 00 00 ................
00:04:37.150469 00007f8c6c0012c0/00e0: 00 00 00 00 00 00 00 00-00 00 00 00 63 82 53 63 ............c.Sc
00:04:37.150472 00007f8c6c0012d0/00f0: 36 04 c0 a8 3b 64 35 01-02 01 04 ff ff ff 00 33 6...;d5........3
00:04:37.150475 00007f8c6c0012e0/0100: 04 00 00 02 58 ff 00 00-00 00 00 00 00 00 00 00 ....X...........
00:04:37.150479 00007f8c6c0012f0/0110: 00 00 00 00 00 00 00 00-00 00 00 00 00 00 00 00 ................
00:04:37.150481 00007f8c6c001300/0120: 00 00 00 00 00 00 00 00-00 00 00 00 00 00 00 00 ................
00:04:37.150484 00007f8c6c001310/0130: 00 00 00 00 00 00 00 00-00 00 00 00 00 00 00 00 ................
00:04:37.150487 00007f8c6c001320/0140: 00 00 00 00 00 00 00 00-00 00 00 00 00 00 00 00 ................
00:04:37.150490 00007f8c6c001330/0150: 00 00 00 00 00 00 00 00-00 00 00 00 00 00 00 00 ................
00:04:37.150494 00007f8c6c001340/0160: 00 00 00 00 00 00 00 00-00 00 00 00 00 00 00 00 ................
00:04:37.150497 00007f8c6c001350/0170: 00 00 00 00 00 00 00 00-00 00 00 00 00 00 00 00 ................
00:04:37.150500 00007f8c6c001360/0180: 00 00 00 00 00 00 00 00-00 00 00 00 00 00 00 00 ................
00:04:37.150503 00007f8c6c001370/0190: 00 00 00 00 00 00 00 00-00 00 00 00 00 00 00 00 ................
00:04:37.150506 00007f8c6c001380/01a0: 00 00 00 00 00 00 00 00-00 00 00 00 00 00 00 00 ................
00:04:37.150508 00007f8c6c001390/01b0: 00 00 00 00 00 00 00 00-00 00 00 00 00 00 00 00 ................
00:04:37.150511 00007f8c6c0013a0/01c0: 00 00 00 00 00 00 00 00-00 00 00 00 00 00 00 00 ................
00:04:37.150513 00007f8c6c0013b0/01d0: 00 00 00 00 00 00 00 00-00 00 00 00 00 00 00 00 ................
00:04:37.150516 00007f8c6c0013c0/01e0: 00 00 00 00 00 00 00 00-00 00 00 00 00 00 00 00 ................
00:04:37.150519 00007f8c6c0013d0/01f0: 00 00 00 00 00 00 00 00-00 00 00 00 00 00 00 00 ................
00:04:37.150522 00007f8c6c0013e0/0200: 00 00 00 00 00 00 00 00-00 00 00 00 00 00 00 00 ................
00:04:37.150526 00007f8c6c0013f0/0210: 00 00 00 00 00 00 00 00-00 00 00 00 00 00 00 00 ................
00:04:37.150529 00007f8c6c001400/0220: 00 00 00 00                                     ....
00:04:37.151304 REQUEST xid 0x000013a6 chaddr 08:00:27:82:ee:5d
00:04:37.151324  ciaddr 0.0.0.0
00:04:37.151331  for server 192.168.59.100 requested address 192.168.59.106
00:04:37.151342  params { 1 3 6 28 }
00:04:37.151358   54: c0 a8 3b 64
00:04:37.151364 > allocateAddress 192.168.59.106 to client 08:00:27:82:ee:5d
00:04:37.151370 > ... found existing binding 192.168.59.106 to 08:00:27:82:ee:5d, acked, valid from 2023-09-15T16:45:00Z for 600s until 2023-09-15T16:55:00Z
00:04:37.151379 Lease time 600 secs (default)
00:04:37.151383 writing leases to /home/gman72/.config/VirtualBox/HostInterfaceNetworking-vboxnet3-Dhcpd.leases
00:04:37.157479 >>> requested option 1 (SubnetMask)
00:04:37.157503 ... always supplied
00:04:37.157507 >>> requested option 3 (Routers)
00:04:37.157512 ... not found
00:04:37.157516 >>> requested option 6 (DNSes)
00:04:37.157519 ... not found
00:04:37.157523 >>> requested option 28 (BroadcastAddress)
00:04:37.157526 ... not found
00:04:37.157533 encoding option 1 (SubnetMask)
00:04:37.157538 encoding option 51 (LeaseTime)
00:04:37.157543 ACK xid 0x000013a6 chaddr 08:00:27:82:ee:5d
00:04:37.157556  ciaddr 0.0.0.0 yiaddr 192.168.59.106
00:04:37.157567 encoded message: 548 bytes
00:04:37.157569 00007f8c6c0011e0/0000: 02 01 06 00 a6 13 00 00-00 00 00 00 00 00 00 00 ................
00:04:37.157573 00007f8c6c0011f0/0010: c0 a8 3b 6a 00 00 00 00-00 00 00 00 08 00 27 82 ..;j..........'.
00:04:37.157576 00007f8c6c001200/0020: ee 5d 00 00 00 00 00 00-00 00 00 00 00 00 00 00 .]..............
00:04:37.157578 00007f8c6c001210/0030: 00 00 00 00 00 00 00 00-00 00 00 00 00 00 00 00 ................
00:04:37.157581 00007f8c6c001220/0040: 00 00 00 00 00 00 00 00-00 00 00 00 00 00 00 00 ................
00:04:37.157584 00007f8c6c001230/0050: 00 00 00 00 00 00 00 00-00 00 00 00 00 00 00 00 ................
00:04:37.157586 00007f8c6c001240/0060: 00 00 00 00 00 00 00 00-00 00 00 00 00 00 00 00 ................
00:04:37.157589 00007f8c6c001250/0070: 00 00 00 00 00 00 00 00-00 00 00 00 00 00 00 00 ................
00:04:37.157592 00007f8c6c001260/0080: 00 00 00 00 00 00 00 00-00 00 00 00 00 00 00 00 ................
00:04:37.157595 00007f8c6c001270/0090: 00 00 00 00 00 00 00 00-00 00 00 00 00 00 00 00 ................
00:04:37.157598 00007f8c6c001280/00a0: 00 00 00 00 00 00 00 00-00 00 00 00 00 00 00 00 ................
00:04:37.157601 00007f8c6c001290/00b0: 00 00 00 00 00 00 00 00-00 00 00 00 00 00 00 00 ................
00:04:37.157603 00007f8c6c0012a0/00c0: 00 00 00 00 00 00 00 00-00 00 00 00 00 00 00 00 ................
00:04:37.157606 00007f8c6c0012b0/00d0: 00 00 00 00 00 00 00 00-00 00 00 00 00 00 00 00 ................
00:04:37.157609 00007f8c6c0012c0/00e0: 00 00 00 00 00 00 00 00-00 00 00 00 63 82 53 63 ............c.Sc
00:04:37.157612 00007f8c6c0012d0/00f0: 36 04 c0 a8 3b 64 35 01-05 01 04 ff ff ff 00 33 6...;d5........3
00:04:37.157616 00007f8c6c0012e0/0100: 04 00 00 02 58 ff 00 00-00 00 00 00 00 00 00 00 ....X...........
00:04:37.157619 00007f8c6c0012f0/0110: 00 00 00 00 00 00 00 00-00 00 00 00 00 00 00 00 ................
00:04:37.157622 00007f8c6c001300/0120: 00 00 00 00 00 00 00 00-00 00 00 00 00 00 00 00 ................
00:04:37.157625 00007f8c6c001310/0130: 00 00 00 00 00 00 00 00-00 00 00 00 00 00 00 00 ................
00:04:37.157628 00007f8c6c001320/0140: 00 00 00 00 00 00 00 00-00 00 00 00 00 00 00 00 ................
00:04:37.157631 00007f8c6c001330/0150: 00 00 00 00 00 00 00 00-00 00 00 00 00 00 00 00 ................
00:04:37.157634 00007f8c6c001340/0160: 00 00 00 00 00 00 00 00-00 00 00 00 00 00 00 00 ................
00:04:37.157637 00007f8c6c001350/0170: 00 00 00 00 00 00 00 00-00 00 00 00 00 00 00 00 ................
00:04:37.157640 00007f8c6c001360/0180: 00 00 00 00 00 00 00 00-00 00 00 00 00 00 00 00 ................
00:04:37.157643 00007f8c6c001370/0190: 00 00 00 00 00 00 00 00-00 00 00 00 00 00 00 00 ................
00:04:37.157646 00007f8c6c001380/01a0: 00 00 00 00 00 00 00 00-00 00 00 00 00 00 00 00 ................
00:04:37.157649 00007f8c6c001390/01b0: 00 00 00 00 00 00 00 00-00 00 00 00 00 00 00 00 ................
00:04:37.157652 00007f8c6c0013a0/01c0: 00 00 00 00 00 00 00 00-00 00 00 00 00 00 00 00 ................
00:04:37.157655 00007f8c6c0013b0/01d0: 00 00 00 00 00 00 00 00-00 00 00 00 00 00 00 00 ................
00:04:37.157658 00007f8c6c0013c0/01e0: 00 00 00 00 00 00 00 00-00 00 00 00 00 00 00 00 ................
00:04:37.157661 00007f8c6c0013d0/01f0: 00 00 00 00 00 00 00 00-00 00 00 00 00 00 00 00 ................
00:04:37.157664 00007f8c6c0013e0/0200: 00 00 00 00 00 00 00 00-00 00 00 00 00 00 00 00 ................
00:04:37.157667 00007f8c6c0013f0/0210: 00 00 00 00 00 00 00 00-00 00 00 00 00 00 00 00 ................
00:04:37.157670 00007f8c6c001400/0220: 00 00 00 00                                     ....
00:08:58.170321 DISCOVER xid 0x0000174c chaddr 08:00:27:59:74:42
00:08:58.170369  ciaddr 0.0.0.0
00:08:58.170378  params { 1 3 6 28 }
00:08:58.170400 > allocateAddress to client 08:00:27:59:74:42
00:08:58.170408 > .... noted expired binding 192.168.59.105 to 08:00:27:03:51:cf, expired, valid from 2022-11-16T01:26:49Z for 600s until 2022-11-16T01:36:49Z
00:08:58.170420 > ... found existing binding 192.168.59.104 to 08:00:27:59:74:42, acked, valid from 2023-09-15T16:42:34Z for 600s until 2023-09-15T16:52:34Z
00:08:58.170427 Lease time 600 secs (default)
00:08:58.170434 >>> requested option 1 (SubnetMask)
00:08:58.170439 ... always supplied
00:08:58.170442 >>> requested option 3 (Routers)
00:08:58.170446 ... not found
00:08:58.170450 >>> requested option 6 (DNSes)
00:08:58.170453 ... not found
00:08:58.170457 >>> requested option 28 (BroadcastAddress)
00:08:58.170461 ... not found
00:08:58.170467 encoding option 1 (SubnetMask)
00:08:58.170472 encoding option 51 (LeaseTime)
00:08:58.170478 OFFER xid 0x0000174c chaddr 08:00:27:59:74:42
00:08:58.170489  ciaddr 0.0.0.0 yiaddr 192.168.59.104
00:08:58.170502 encoded message: 548 bytes
00:08:58.170504 00007f8c6c0011e0/0000: 02 01 06 00 4c 17 00 00-00 00 00 00 00 00 00 00 ....L...........
00:08:58.170508 00007f8c6c0011f0/0010: c0 a8 3b 68 00 00 00 00-00 00 00 00 08 00 27 59 ..;h..........'Y
00:08:58.170511 00007f8c6c001200/0020: 74 42 00 00 00 00 00 00-00 00 00 00 00 00 00 00 tB..............
00:08:58.170514 00007f8c6c001210/0030: 00 00 00 00 00 00 00 00-00 00 00 00 00 00 00 00 ................
00:08:58.170517 00007f8c6c001220/0040: 00 00 00 00 00 00 00 00-00 00 00 00 00 00 00 00 ................
00:08:58.170520 00007f8c6c001230/0050: 00 00 00 00 00 00 00 00-00 00 00 00 00 00 00 00 ................
00:08:58.170523 00007f8c6c001240/0060: 00 00 00 00 00 00 00 00-00 00 00 00 00 00 00 00 ................
00:08:58.170526 00007f8c6c001250/0070: 00 00 00 00 00 00 00 00-00 00 00 00 00 00 00 00 ................
00:08:58.170529 00007f8c6c001260/0080: 00 00 00 00 00 00 00 00-00 00 00 00 00 00 00 00 ................
00:08:58.170532 00007f8c6c001270/0090: 00 00 00 00 00 00 00 00-00 00 00 00 00 00 00 00 ................
00:08:58.170535 00007f8c6c001280/00a0: 00 00 00 00 00 00 00 00-00 00 00 00 00 00 00 00 ................
00:08:58.170538 00007f8c6c001290/00b0: 00 00 00 00 00 00 00 00-00 00 00 00 00 00 00 00 ................
00:08:58.170541 00007f8c6c0012a0/00c0: 00 00 00 00 00 00 00 00-00 00 00 00 00 00 00 00 ................
00:08:58.170544 00007f8c6c0012b0/00d0: 00 00 00 00 00 00 00 00-00 00 00 00 00 00 00 00 ................
00:08:58.170546 00007f8c6c0012c0/00e0: 00 00 00 00 00 00 00 00-00 00 00 00 63 82 53 63 ............c.Sc
00:08:58.170548 00007f8c6c0012d0/00f0: 36 04 c0 a8 3b 64 35 01-02 01 04 ff ff ff 00 33 6...;d5........3
00:08:58.170550 00007f8c6c0012e0/0100: 04 00 00 02 58 ff 00 00-00 00 00 00 00 00 00 00 ....X...........
00:08:58.170552 00007f8c6c0012f0/0110: 00 00 00 00 00 00 00 00-00 00 00 00 00 00 00 00 ................
00:08:58.170554 00007f8c6c001300/0120: 00 00 00 00 00 00 00 00-00 00 00 00 00 00 00 00 ................
00:08:58.170556 00007f8c6c001310/0130: 00 00 00 00 00 00 00 00-00 00 00 00 00 00 00 00 ................
00:08:58.170558 00007f8c6c001320/0140: 00 00 00 00 00 00 00 00-00 00 00 00 00 00 00 00 ................
00:08:58.170560 00007f8c6c001330/0150: 00 00 00 00 00 00 00 00-00 00 00 00 00 00 00 00 ................
00:08:58.170561 00007f8c6c001340/0160: 00 00 00 00 00 00 00 00-00 00 00 00 00 00 00 00 ................
00:08:58.170563 00007f8c6c001350/0170: 00 00 00 00 00 00 00 00-00 00 00 00 00 00 00 00 ................
00:08:58.170565 00007f8c6c001360/0180: 00 00 00 00 00 00 00 00-00 00 00 00 00 00 00 00 ................
00:08:58.170567 00007f8c6c001370/0190: 00 00 00 00 00 00 00 00-00 00 00 00 00 00 00 00 ................
00:08:58.170569 00007f8c6c001380/01a0: 00 00 00 00 00 00 00 00-00 00 00 00 00 00 00 00 ................
00:08:58.170570 00007f8c6c001390/01b0: 00 00 00 00 00 00 00 00-00 00 00 00 00 00 00 00 ................
00:08:58.170572 00007f8c6c0013a0/01c0: 00 00 00 00 00 00 00 00-00 00 00 00 00 00 00 00 ................
00:08:58.170576 00007f8c6c0013b0/01d0: 00 00 00 00 00 00 00 00-00 00 00 00 00 00 00 00 ................
00:08:58.170579 00007f8c6c0013c0/01e0: 00 00 00 00 00 00 00 00-00 00 00 00 00 00 00 00 ................
00:08:58.170582 00007f8c6c0013d0/01f0: 00 00 00 00 00 00 00 00-00 00 00 00 00 00 00 00 ................
00:08:58.170585 00007f8c6c0013e0/0200: 00 00 00 00 00 00 00 00-00 00 00 00 00 00 00 00 ................
00:08:58.170588 00007f8c6c0013f0/0210: 00 00 00 00 00 00 00 00-00 00 00 00 00 00 00 00 ................
00:08:58.170591 00007f8c6c001400/0220: 00 00 00 00                                     ....
00:08:58.171039 REQUEST xid 0x0000174d chaddr 08:00:27:59:74:42
00:08:58.171055  ciaddr 0.0.0.0
00:08:58.171062  for server 192.168.59.100 requested address 192.168.59.104
00:08:58.171074  params { 1 3 6 28 }
00:08:58.171093   54: c0 a8 3b 64
00:08:58.171099 > allocateAddress 192.168.59.104 to client 08:00:27:59:74:42
00:08:58.171106 > .... noted expired binding 192.168.59.105 to 08:00:27:03:51:cf, expired, valid from 2022-11-16T01:26:49Z for 600s until 2022-11-16T01:36:49Z
00:08:58.171116 > ... found existing binding 192.168.59.104 to 08:00:27:59:74:42, acked, valid from 2023-09-15T16:49:21Z for 600s until 2023-09-15T16:59:21Z
00:08:58.171124 Lease time 600 secs (default)
00:08:58.171128 writing leases to /home/gman72/.config/VirtualBox/HostInterfaceNetworking-vboxnet3-Dhcpd.leases
00:08:58.175404 >>> requested option 1 (SubnetMask)
00:08:58.175420 ... always supplied
00:08:58.175423 >>> requested option 3 (Routers)
00:08:58.175425 ... not found
00:08:58.175427 >>> requested option 6 (DNSes)
00:08:58.175439 ... not found
00:08:58.175441 >>> requested option 28 (BroadcastAddress)
00:08:58.175443 ... not found
00:08:58.175448 encoding option 1 (SubnetMask)
00:08:58.175451 encoding option 51 (LeaseTime)
00:08:58.175454 ACK xid 0x0000174d chaddr 08:00:27:59:74:42
00:08:58.175463  ciaddr 0.0.0.0 yiaddr 192.168.59.104
00:08:58.175474 encoded message: 548 bytes
00:08:58.175477 00007f8c6c0011e0/0000: 02 01 06 00 4d 17 00 00-00 00 00 00 00 00 00 00 ....M...........
00:08:58.175481 00007f8c6c0011f0/0010: c0 a8 3b 68 00 00 00 00-00 00 00 00 08 00 27 59 ..;h..........'Y
00:08:58.175484 00007f8c6c001200/0020: 74 42 00 00 00 00 00 00-00 00 00 00 00 00 00 00 tB..............
00:08:58.175487 00007f8c6c001210/0030: 00 00 00 00 00 00 00 00-00 00 00 00 00 00 00 00 ................
00:08:58.175491 00007f8c6c001220/0040: 00 00 00 00 00 00 00 00-00 00 00 00 00 00 00 00 ................
00:08:58.175493 00007f8c6c001230/0050: 00 00 00 00 00 00 00 00-00 00 00 00 00 00 00 00 ................
00:08:58.175496 00007f8c6c001240/0060: 00 00 00 00 00 00 00 00-00 00 00 00 00 00 00 00 ................
00:08:58.175499 00007f8c6c001250/0070: 00 00 00 00 00 00 00 00-00 00 00 00 00 00 00 00 ................
00:08:58.175503 00007f8c6c001260/0080: 00 00 00 00 00 00 00 00-00 00 00 00 00 00 00 00 ................
00:08:58.175506 00007f8c6c001270/0090: 00 00 00 00 00 00 00 00-00 00 00 00 00 00 00 00 ................
00:08:58.175509 00007f8c6c001280/00a0: 00 00 00 00 00 00 00 00-00 00 00 00 00 00 00 00 ................
00:08:58.175511 00007f8c6c001290/00b0: 00 00 00 00 00 00 00 00-00 00 00 00 00 00 00 00 ................
00:08:58.175514 00007f8c6c0012a0/00c0: 00 00 00 00 00 00 00 00-00 00 00 00 00 00 00 00 ................
00:08:58.175518 00007f8c6c0012b0/00d0: 00 00 00 00 00 00 00 00-00 00 00 00 00 00 00 00 ................
00:08:58.175521 00007f8c6c0012c0/00e0: 00 00 00 00 00 00 00 00-00 00 00 00 63 82 53 63 ............c.Sc
00:08:58.175524 00007f8c6c0012d0/00f0: 36 04 c0 a8 3b 64 35 01-05 01 04 ff ff ff 00 33 6...;d5........3
00:08:58.175527 00007f8c6c0012e0/0100: 04 00 00 02 58 ff 00 00-00 00 00 00 00 00 00 00 ....X...........
00:08:58.175530 00007f8c6c0012f0/0110: 00 00 00 00 00 00 00 00-00 00 00 00 00 00 00 00 ................
00:08:58.175533 00007f8c6c001300/0120: 00 00 00 00 00 00 00 00-00 00 00 00 00 00 00 00 ................
00:08:58.175536 00007f8c6c001310/0130: 00 00 00 00 00 00 00 00-00 00 00 00 00 00 00 00 ................
00:08:58.175539 00007f8c6c001320/0140: 00 00 00 00 00 00 00 00-00 00 00 00 00 00 00 00 ................
00:08:58.175542 00007f8c6c001330/0150: 00 00 00 00 00 00 00 00-00 00 00 00 00 00 00 00 ................
00:08:58.175545 00007f8c6c001340/0160: 00 00 00 00 00 00 00 00-00 00 00 00 00 00 00 00 ................
00:08:58.175548 00007f8c6c001350/0170: 00 00 00 00 00 00 00 00-00 00 00 00 00 00 00 00 ................
00:08:58.175551 00007f8c6c001360/0180: 00 00 00 00 00 00 00 00-00 00 00 00 00 00 00 00 ................
00:08:58.175555 00007f8c6c001370/0190: 00 00 00 00 00 00 00 00-00 00 00 00 00 00 00 00 ................
00:08:58.175558 00007f8c6c001380/01a0: 00 00 00 00 00 00 00 00-00 00 00 00 00 00 00 00 ................
00:08:58.175561 00007f8c6c001390/01b0: 00 00 00 00 00 00 00 00-00 00 00 00 00 00 00 00 ................
00:08:58.175564 00007f8c6c0013a0/01c0: 00 00 00 00 00 00 00 00-00 00 00 00 00 00 00 00 ................
00:08:58.175566 00007f8c6c0013b0/01d0: 00 00 00 00 00 00 00 00-00 00 00 00 00 00 00 00 ................
00:08:58.175569 00007f8c6c0013c0/01e0: 00 00 00 00 00 00 00 00-00 00 00 00 00 00 00 00 ................
00:08:58.175573 00007f8c6c0013d0/01f0: 00 00 00 00 00 00 00 00-00 00 00 00 00 00 00 00 ................
00:08:58.175575 00007f8c6c0013e0/0200: 00 00 00 00 00 00 00 00-00 00 00 00 00 00 00 00 ................
00:08:58.175577 00007f8c6c0013f0/0210: 00 00 00 00 00 00 00 00-00 00 00 00 00 00 00 00 ................
00:08:58.175579 00007f8c6c001400/0220: 00 00 00 00                                     ....
