00:00:00.003606 VirtualBox DHCP Server 6.1.32 r149290 linux.amd64 (Feb 10 2022 14:02:19) release log
00:00:00.003609 Log opened 2022-08-28T22:34:50.632432000Z
00:00:00.003610 Build Type: release
00:00:00.003613 OS Product: Linux
00:00:00.003615 OS Release: 5.16.15-zen1-1-zen
00:00:00.003617 OS Version: #1 ZEN SMP PREEMPT Thu, 17 Mar 2022 00:30:11 +0000
00:00:00.003647 DMI Product Name: System Product Name
00:00:00.003662 DMI Product Version: System Version
00:00:00.003671 Firmware type: BIOS
00:00:00.003723 Host RAM: 32068MB (31.3GB) total, 23268MB (22.7GB) available
00:00:00.003727 Executable: /usr/lib/virtualbox/VBoxNetDHCP
00:00:00.003728 Process ID: 9672
00:00:00.003729 Package type: LINUX_64BITS_GENERIC (OSE)
00:00:00.003768 --config:  HostInterfaceNetworking-vboxnet4
00:00:00.003777 --comment: HostInterfaceNetworking-vboxnet4
00:00:00.003948 IP address:   192.168.60.100/24
00:00:00.003958 Address pool: 192.168.60.101 - 192.168.60.254
00:00:00.003992 MAC address is not specified: will use generated MAC 08:00:27:aa:0b:6b
00:00:00.004002 Db::i_enterFixedAddressAssignment: 08:00:27:aa:0b:6b: 192.168.60.100
00:00:00.004011 loading leases from /home/gman72/.config/VirtualBox/HostInterfaceNetworking-vboxnet4-Dhcpd.leases
00:00:00.004110 > LOAD: EXPIRED lease 192.168.60.105 to 08:00:27:03:51:cf, acked, valid from 2022-08-28T22:34:01Z for 600s until 2022-08-28T22:44:01Z
00:00:00.004131 > LOAD: EXPIRED lease 192.168.60.104 to 08:00:27:59:74:42, acked, valid from 2022-08-28T22:31:34Z for 600s until 2022-08-28T22:41:34Z
00:00:00.004147 > LOAD:         lease 192.168.60.103 to 08:00:27:ca:6d:ea, expired, valid from 2022-04-22T15:43:02Z for 600s until 2022-04-22T15:53:02Z
00:00:00.004160 > LOAD:         lease 192.168.60.102 to 08:00:27:59:ce:ff, expired, valid from 2022-07-24T02:01:54Z for 600s until 2022-07-24T02:11:54Z
00:00:00.004173 > LOAD:         lease 192.168.60.101 to 08:00:27:f7:ad:08, expired, valid from 2022-04-22T15:44:18Z for 600s until 2022-04-22T15:54:18Z
00:00:08.503728 DISCOVER xid 0x000014df chaddr 08:00:27:59:ce:ff
00:00:08.503795  ciaddr 0.0.0.0
00:00:08.503804  params { 1 3 6 28 }
00:00:08.503826 > allocateAddress to client 08:00:27:59:ce:ff
00:00:08.503833 > .... noted expired binding 192.168.60.103 to 08:00:27:ca:6d:ea, expired, valid from 2022-04-22T15:43:02Z for 600s until 2022-04-22T15:53:02Z
00:00:08.503845 > ... found existing binding 192.168.60.102 to 08:00:27:59:ce:ff, expired, valid from 2022-07-24T02:01:54Z for 600s until 2022-07-24T02:11:54Z
00:00:08.503853 Lease time 600 secs (default)
00:00:08.503860 >>> requested option 1 (SubnetMask)
00:00:08.503864 ... always supplied
00:00:08.503867 >>> requested option 3 (Routers)
00:00:08.503871 ... not found
00:00:08.503874 >>> requested option 6 (DNSes)
00:00:08.503877 ... not found
00:00:08.503881 >>> requested option 28 (BroadcastAddress)
00:00:08.503884 ... not found
00:00:08.503891 encoding option 1 (SubnetMask)
00:00:08.503894 encoding option 51 (LeaseTime)
00:00:08.503898 OFFER xid 0x000014df chaddr 08:00:27:59:ce:ff
00:00:08.503905  ciaddr 0.0.0.0 yiaddr 192.168.60.102
00:00:08.503911 encoded message: 548 bytes
00:00:08.503913 00007f55140011e0/0000: 02 01 06 00 df 14 00 00-00 00 00 00 00 00 00 00 ................
00:00:08.503915 00007f55140011f0/0010: c0 a8 3c 66 00 00 00 00-00 00 00 00 08 00 27 59 ..<f..........'Y
00:00:08.503917 00007f5514001200/0020: ce ff 00 00 00 00 00 00-00 00 00 00 00 00 00 00 ................
00:00:08.503919 00007f5514001210/0030: 00 00 00 00 00 00 00 00-00 00 00 00 00 00 00 00 ................
00:00:08.503921 00007f5514001220/0040: 00 00 00 00 00 00 00 00-00 00 00 00 00 00 00 00 ................
00:00:08.503923 00007f5514001230/0050: 00 00 00 00 00 00 00 00-00 00 00 00 00 00 00 00 ................
00:00:08.503924 00007f5514001240/0060: 00 00 00 00 00 00 00 00-00 00 00 00 00 00 00 00 ................
00:00:08.503926 00007f5514001250/0070: 00 00 00 00 00 00 00 00-00 00 00 00 00 00 00 00 ................
00:00:08.503928 00007f5514001260/0080: 00 00 00 00 00 00 00 00-00 00 00 00 00 00 00 00 ................
00:00:08.503929 00007f5514001270/0090: 00 00 00 00 00 00 00 00-00 00 00 00 00 00 00 00 ................
00:00:08.503931 00007f5514001280/00a0: 00 00 00 00 00 00 00 00-00 00 00 00 00 00 00 00 ................
00:00:08.503934 00007f5514001290/00b0: 00 00 00 00 00 00 00 00-00 00 00 00 00 00 00 00 ................
00:00:08.503938 00007f55140012a0/00c0: 00 00 00 00 00 00 00 00-00 00 00 00 00 00 00 00 ................
00:00:08.503940 00007f55140012b0/00d0: 00 00 00 00 00 00 00 00-00 00 00 00 00 00 00 00 ................
00:00:08.503943 00007f55140012c0/00e0: 00 00 00 00 00 00 00 00-00 00 00 00 63 82 53 63 ............c.Sc
00:00:08.503946 00007f55140012d0/00f0: 36 04 c0 a8 3c 64 35 01-02 01 04 ff ff ff 00 33 6...<d5........3
00:00:08.503949 00007f55140012e0/0100: 04 00 00 02 58 ff 00 00-00 00 00 00 00 00 00 00 ....X...........
00:00:08.503951 00007f55140012f0/0110: 00 00 00 00 00 00 00 00-00 00 00 00 00 00 00 00 ................
00:00:08.503954 00007f5514001300/0120: 00 00 00 00 00 00 00 00-00 00 00 00 00 00 00 00 ................
00:00:08.503956 00007f5514001310/0130: 00 00 00 00 00 00 00 00-00 00 00 00 00 00 00 00 ................
00:00:08.503959 00007f5514001320/0140: 00 00 00 00 00 00 00 00-00 00 00 00 00 00 00 00 ................
00:00:08.503962 00007f5514001330/0150: 00 00 00 00 00 00 00 00-00 00 00 00 00 00 00 00 ................
00:00:08.503965 00007f5514001340/0160: 00 00 00 00 00 00 00 00-00 00 00 00 00 00 00 00 ................
00:00:08.503967 00007f5514001350/0170: 00 00 00 00 00 00 00 00-00 00 00 00 00 00 00 00 ................
00:00:08.503970 00007f5514001360/0180: 00 00 00 00 00 00 00 00-00 00 00 00 00 00 00 00 ................
00:00:08.503973 00007f5514001370/0190: 00 00 00 00 00 00 00 00-00 00 00 00 00 00 00 00 ................
00:00:08.503976 00007f5514001380/01a0: 00 00 00 00 00 00 00 00-00 00 00 00 00 00 00 00 ................
00:00:08.503979 00007f5514001390/01b0: 00 00 00 00 00 00 00 00-00 00 00 00 00 00 00 00 ................
00:00:08.503982 00007f55140013a0/01c0: 00 00 00 00 00 00 00 00-00 00 00 00 00 00 00 00 ................
00:00:08.503985 00007f55140013b0/01d0: 00 00 00 00 00 00 00 00-00 00 00 00 00 00 00 00 ................
00:00:08.503988 00007f55140013c0/01e0: 00 00 00 00 00 00 00 00-00 00 00 00 00 00 00 00 ................
00:00:08.503990 00007f55140013d0/01f0: 00 00 00 00 00 00 00 00-00 00 00 00 00 00 00 00 ................
00:00:08.503993 00007f55140013e0/0200: 00 00 00 00 00 00 00 00-00 00 00 00 00 00 00 00 ................
00:00:08.503996 00007f55140013f0/0210: 00 00 00 00 00 00 00 00-00 00 00 00 00 00 00 00 ................
00:00:08.503999 00007f5514001400/0220: 00 00 00 00                                     ....
00:00:08.504349 REQUEST xid 0x000014e0 chaddr 08:00:27:59:ce:ff
00:00:08.504368  ciaddr 0.0.0.0
00:00:08.504375  for server 192.168.60.100 requested address 192.168.60.102
00:00:08.504386  params { 1 3 6 28 }
00:00:08.504405   54: c0 a8 3c 64
00:00:08.504411 > allocateAddress 192.168.60.102 to client 08:00:27:59:ce:ff
00:00:08.504417 > .... noted expired binding 192.168.60.103 to 08:00:27:ca:6d:ea, expired, valid from 2022-04-22T15:43:02Z for 600s until 2022-04-22T15:53:02Z
00:00:08.504426 > ... found existing binding 192.168.60.102 to 08:00:27:59:ce:ff, offered, valid from 2022-08-28T22:34:59Z for 600s until 2022-08-28T22:44:59Z
00:00:08.504434 Lease time 600 secs (default)
00:00:08.504438 writing leases to /home/gman72/.config/VirtualBox/HostInterfaceNetworking-vboxnet4-Dhcpd.leases
00:00:08.508899 >>> requested option 1 (SubnetMask)
00:00:08.508916 ... always supplied
00:00:08.508920 >>> requested option 3 (Routers)
00:00:08.508924 ... not found
00:00:08.508927 >>> requested option 6 (DNSes)
00:00:08.508931 ... not found
00:00:08.508934 >>> requested option 28 (BroadcastAddress)
00:00:08.508939 ... not found
00:00:08.508944 encoding option 1 (SubnetMask)
00:00:08.508949 encoding option 51 (LeaseTime)
00:00:08.508954 ACK xid 0x000014e0 chaddr 08:00:27:59:ce:ff
00:00:08.508967  ciaddr 0.0.0.0 yiaddr 192.168.60.102
00:00:08.508978 encoded message: 548 bytes
00:00:08.508980 00007f55140011e0/0000: 02 01 06 00 e0 14 00 00-00 00 00 00 00 00 00 00 ................
00:00:08.508984 00007f55140011f0/0010: c0 a8 3c 66 00 00 00 00-00 00 00 00 08 00 27 59 ..<f..........'Y
00:00:08.508987 00007f5514001200/0020: ce ff 00 00 00 00 00 00-00 00 00 00 00 00 00 00 ................
00:00:08.508990 00007f5514001210/0030: 00 00 00 00 00 00 00 00-00 00 00 00 00 00 00 00 ................
00:00:08.508993 00007f5514001220/0040: 00 00 00 00 00 00 00 00-00 00 00 00 00 00 00 00 ................
00:00:08.508996 00007f5514001230/0050: 00 00 00 00 00 00 00 00-00 00 00 00 00 00 00 00 ................
00:00:08.508999 00007f5514001240/0060: 00 00 00 00 00 00 00 00-00 00 00 00 00 00 00 00 ................
00:00:08.509002 00007f5514001250/0070: 00 00 00 00 00 00 00 00-00 00 00 00 00 00 00 00 ................
00:00:08.509004 00007f5514001260/0080: 00 00 00 00 00 00 00 00-00 00 00 00 00 00 00 00 ................
00:00:08.509007 00007f5514001270/0090: 00 00 00 00 00 00 00 00-00 00 00 00 00 00 00 00 ................
00:00:08.509010 00007f5514001280/00a0: 00 00 00 00 00 00 00 00-00 00 00 00 00 00 00 00 ................
00:00:08.509013 00007f5514001290/00b0: 00 00 00 00 00 00 00 00-00 00 00 00 00 00 00 00 ................
00:00:08.509017 00007f55140012a0/00c0: 00 00 00 00 00 00 00 00-00 00 00 00 00 00 00 00 ................
00:00:08.509019 00007f55140012b0/00d0: 00 00 00 00 00 00 00 00-00 00 00 00 00 00 00 00 ................
00:00:08.509022 00007f55140012c0/00e0: 00 00 00 00 00 00 00 00-00 00 00 00 63 82 53 63 ............c.Sc
00:00:08.509025 00007f55140012d0/00f0: 36 04 c0 a8 3c 64 35 01-05 01 04 ff ff ff 00 33 6...<d5........3
00:00:08.509028 00007f55140012e0/0100: 04 00 00 02 58 ff 00 00-00 00 00 00 00 00 00 00 ....X...........
00:00:08.509031 00007f55140012f0/0110: 00 00 00 00 00 00 00 00-00 00 00 00 00 00 00 00 ................
00:00:08.509034 00007f5514001300/0120: 00 00 00 00 00 00 00 00-00 00 00 00 00 00 00 00 ................
00:00:08.509037 00007f5514001310/0130: 00 00 00 00 00 00 00 00-00 00 00 00 00 00 00 00 ................
00:00:08.509040 00007f5514001320/0140: 00 00 00 00 00 00 00 00-00 00 00 00 00 00 00 00 ................
00:00:08.509043 00007f5514001330/0150: 00 00 00 00 00 00 00 00-00 00 00 00 00 00 00 00 ................
00:00:08.509046 00007f5514001340/0160: 00 00 00 00 00 00 00 00-00 00 00 00 00 00 00 00 ................
00:00:08.509049 00007f5514001350/0170: 00 00 00 00 00 00 00 00-00 00 00 00 00 00 00 00 ................
00:00:08.509052 00007f5514001360/0180: 00 00 00 00 00 00 00 00-00 00 00 00 00 00 00 00 ................
00:00:08.509054 00007f5514001370/0190: 00 00 00 00 00 00 00 00-00 00 00 00 00 00 00 00 ................
00:00:08.509057 00007f5514001380/01a0: 00 00 00 00 00 00 00 00-00 00 00 00 00 00 00 00 ................
00:00:08.509060 00007f5514001390/01b0: 00 00 00 00 00 00 00 00-00 00 00 00 00 00 00 00 ................
00:00:08.509063 00007f55140013a0/01c0: 00 00 00 00 00 00 00 00-00 00 00 00 00 00 00 00 ................
00:00:08.509066 00007f55140013b0/01d0: 00 00 00 00 00 00 00 00-00 00 00 00 00 00 00 00 ................
00:00:08.509069 00007f55140013c0/01e0: 00 00 00 00 00 00 00 00-00 00 00 00 00 00 00 00 ................
00:00:08.509072 00007f55140013d0/01f0: 00 00 00 00 00 00 00 00-00 00 00 00 00 00 00 00 ................
00:00:08.509075 00007f55140013e0/0200: 00 00 00 00 00 00 00 00-00 00 00 00 00 00 00 00 ................
00:00:08.509078 00007f55140013f0/0210: 00 00 00 00 00 00 00 00-00 00 00 00 00 00 00 00 ................
00:00:08.509081 00007f5514001400/0220: 00 00 00 00                                     ....
