00:00:00.002336 VirtualBox DHCP Server 6.1.32 r149290 linux.amd64 (Feb 10 2022 14:02:19) release log
00:00:00.002337 Log opened 2022-08-28T22:55:07.417507000Z
00:00:00.002338 Build Type: release
00:00:00.002340 OS Product: Linux
00:00:00.002341 OS Release: 5.16.15-zen1-1-zen
00:00:00.002343 OS Version: #1 ZEN SMP PREEMPT Thu, 17 Mar 2022 00:30:11 +0000
00:00:00.002367 DMI Product Name: System Product Name
00:00:00.002377 DMI Product Version: System Version
00:00:00.002384 Firmware type: BIOS
00:00:00.002432 Host RAM: 32068MB (31.3GB) total, 23296MB (22.7GB) available
00:00:00.002435 Executable: /usr/lib/virtualbox/VBoxNetDHCP
00:00:00.002436 Process ID: 37957
00:00:00.002436 Package type: LINUX_64BITS_GENERIC (OSE)
00:00:00.002454 --config:  HostInterfaceNetworking-vboxnet7
00:00:00.002457 --comment: HostInterfaceNetworking-vboxnet7
00:00:00.002585 IP address:   192.168.63.100/24
00:00:00.002592 Address pool: 192.168.63.101 - 192.168.63.254
00:00:00.002613 MAC address is not specified: will use generated MAC 08:00:27:f6:23:a0
00:00:00.002618 Db::i_enterFixedAddressAssignment: 08:00:27:f6:23:a0: 192.168.63.100
00:00:00.002623 loading leases from /home/gman72/.config/VirtualBox/HostInterfaceNetworking-vboxnet7-Dhcpd.leases
00:00:00.002671 > LOAD: EXPIRED lease 192.168.63.105 to 08:00:27:03:51:cf, acked, valid from 2022-08-28T22:54:19Z for 600s until 2022-08-28T23:04:19Z
00:00:00.002682 > LOAD:         lease 192.168.63.104 to 08:00:27:59:74:42, expired, valid from 2022-07-24T02:48:36Z for 600s until 2022-07-24T02:58:36Z
00:00:00.002689 > LOAD:         lease 192.168.63.103 to 08:00:27:ca:6d:ea, expired, valid from 2022-04-22T16:03:28Z for 600s until 2022-04-22T16:13:28Z
00:00:00.002695 > LOAD: EXPIRED lease 192.168.63.102 to 08:00:27:59:ce:ff, acked, valid from 2022-08-28T22:51:53Z for 600s until 2022-08-28T23:01:53Z
00:00:00.002700 > LOAD:         lease 192.168.63.101 to 08:00:27:f7:ad:08, expired, valid from 2022-04-22T16:04:42Z for 600s until 2022-04-22T16:14:42Z
00:00:09.341221 DISCOVER xid 0x0000184b chaddr 08:00:27:59:ce:ff
00:00:09.341274  ciaddr 0.0.0.0
00:00:09.341282  params { 1 3 6 28 }
00:00:09.341301 > allocateAddress to client 08:00:27:59:ce:ff
00:00:09.341308 > .... noted expired binding 192.168.63.104 to 08:00:27:59:74:42, expired, valid from 2022-07-24T02:48:36Z for 600s until 2022-07-24T02:58:36Z
00:00:09.341319 > ... found existing binding 192.168.63.102 to 08:00:27:59:ce:ff, acked, valid from 2022-08-28T22:51:53Z for 600s until 2022-08-28T23:01:53Z
00:00:09.341328 Lease time 600 secs (default)
00:00:09.341334 >>> requested option 1 (SubnetMask)
00:00:09.341338 ... always supplied
00:00:09.341342 >>> requested option 3 (Routers)
00:00:09.341345 ... not found
00:00:09.341348 >>> requested option 6 (DNSes)
00:00:09.341351 ... not found
00:00:09.341354 >>> requested option 28 (BroadcastAddress)
00:00:09.341357 ... not found
00:00:09.341365 encoding option 1 (SubnetMask)
00:00:09.341370 encoding option 51 (LeaseTime)
00:00:09.341374 OFFER xid 0x0000184b chaddr 08:00:27:59:ce:ff
00:00:09.341383  ciaddr 0.0.0.0 yiaddr 192.168.63.102
00:00:09.341394 encoded message: 548 bytes
00:00:09.341396 00007f5c440011e0/0000: 02 01 06 00 4b 18 00 00-00 00 00 00 00 00 00 00 ....K...........
00:00:09.341399 00007f5c440011f0/0010: c0 a8 3f 66 00 00 00 00-00 00 00 00 08 00 27 59 ..?f..........'Y
00:00:09.341409 00007f5c44001200/0020: ce ff 00 00 00 00 00 00-00 00 00 00 00 00 00 00 ................
00:00:09.341412 00007f5c44001210/0030: 00 00 00 00 00 00 00 00-00 00 00 00 00 00 00 00 ................
00:00:09.341414 00007f5c44001220/0040: 00 00 00 00 00 00 00 00-00 00 00 00 00 00 00 00 ................
00:00:09.341424 00007f5c44001230/0050: 00 00 00 00 00 00 00 00-00 00 00 00 00 00 00 00 ................
00:00:09.341427 00007f5c44001240/0060: 00 00 00 00 00 00 00 00-00 00 00 00 00 00 00 00 ................
00:00:09.341429 00007f5c44001250/0070: 00 00 00 00 00 00 00 00-00 00 00 00 00 00 00 00 ................
00:00:09.341432 00007f5c44001260/0080: 00 00 00 00 00 00 00 00-00 00 00 00 00 00 00 00 ................
00:00:09.341434 00007f5c44001270/0090: 00 00 00 00 00 00 00 00-00 00 00 00 00 00 00 00 ................
00:00:09.341437 00007f5c44001280/00a0: 00 00 00 00 00 00 00 00-00 00 00 00 00 00 00 00 ................
00:00:09.341440 00007f5c44001290/00b0: 00 00 00 00 00 00 00 00-00 00 00 00 00 00 00 00 ................
00:00:09.341443 00007f5c440012a0/00c0: 00 00 00 00 00 00 00 00-00 00 00 00 00 00 00 00 ................
00:00:09.341453 00007f5c440012b0/00d0: 00 00 00 00 00 00 00 00-00 00 00 00 00 00 00 00 ................
00:00:09.341456 00007f5c440012c0/00e0: 00 00 00 00 00 00 00 00-00 00 00 00 63 82 53 63 ............c.Sc
00:00:09.341458 00007f5c440012d0/00f0: 36 04 c0 a8 3f 64 35 01-02 01 04 ff ff ff 00 33 6...?d5........3
00:00:09.341461 00007f5c440012e0/0100: 04 00 00 02 58 ff 00 00-00 00 00 00 00 00 00 00 ....X...........
00:00:09.341464 00007f5c440012f0/0110: 00 00 00 00 00 00 00 00-00 00 00 00 00 00 00 00 ................
00:00:09.341467 00007f5c44001300/0120: 00 00 00 00 00 00 00 00-00 00 00 00 00 00 00 00 ................
00:00:09.341469 00007f5c44001310/0130: 00 00 00 00 00 00 00 00-00 00 00 00 00 00 00 00 ................
00:00:09.341472 00007f5c44001320/0140: 00 00 00 00 00 00 00 00-00 00 00 00 00 00 00 00 ................
00:00:09.341475 00007f5c44001330/0150: 00 00 00 00 00 00 00 00-00 00 00 00 00 00 00 00 ................
00:00:09.341478 00007f5c44001340/0160: 00 00 00 00 00 00 00 00-00 00 00 00 00 00 00 00 ................
00:00:09.341480 00007f5c44001350/0170: 00 00 00 00 00 00 00 00-00 00 00 00 00 00 00 00 ................
00:00:09.341483 00007f5c44001360/0180: 00 00 00 00 00 00 00 00-00 00 00 00 00 00 00 00 ................
00:00:09.341485 00007f5c44001370/0190: 00 00 00 00 00 00 00 00-00 00 00 00 00 00 00 00 ................
00:00:09.341488 00007f5c44001380/01a0: 00 00 00 00 00 00 00 00-00 00 00 00 00 00 00 00 ................
00:00:09.341490 00007f5c44001390/01b0: 00 00 00 00 00 00 00 00-00 00 00 00 00 00 00 00 ................
00:00:09.341492 00007f5c440013a0/01c0: 00 00 00 00 00 00 00 00-00 00 00 00 00 00 00 00 ................
00:00:09.341494 00007f5c440013b0/01d0: 00 00 00 00 00 00 00 00-00 00 00 00 00 00 00 00 ................
00:00:09.341497 00007f5c440013c0/01e0: 00 00 00 00 00 00 00 00-00 00 00 00 00 00 00 00 ................
00:00:09.341499 00007f5c440013d0/01f0: 00 00 00 00 00 00 00 00-00 00 00 00 00 00 00 00 ................
00:00:09.341501 00007f5c440013e0/0200: 00 00 00 00 00 00 00 00-00 00 00 00 00 00 00 00 ................
00:00:09.341505 00007f5c440013f0/0210: 00 00 00 00 00 00 00 00-00 00 00 00 00 00 00 00 ................
00:00:09.341507 00007f5c44001400/0220: 00 00 00 00                                     ....
00:00:09.342038 REQUEST xid 0x0000184c chaddr 08:00:27:59:ce:ff
00:00:09.342053  ciaddr 0.0.0.0
00:00:09.342059  for server 192.168.63.100 requested address 192.168.63.102
00:00:09.342070  params { 1 3 6 28 }
00:00:09.342088   54: c0 a8 3f 64
00:00:09.342093 > allocateAddress 192.168.63.102 to client 08:00:27:59:ce:ff
00:00:09.342099 > .... noted expired binding 192.168.63.104 to 08:00:27:59:74:42, expired, valid from 2022-07-24T02:48:36Z for 600s until 2022-07-24T02:58:36Z
00:00:09.342107 > ... found existing binding 192.168.63.102 to 08:00:27:59:ce:ff, acked, valid from 2022-08-28T22:55:16Z for 600s until 2022-08-28T23:05:16Z
00:00:09.342114 Lease time 600 secs (default)
00:00:09.342118 writing leases to /home/gman72/.config/VirtualBox/HostInterfaceNetworking-vboxnet7-Dhcpd.leases
00:00:09.346447 >>> requested option 1 (SubnetMask)
00:00:09.346460 ... always supplied
00:00:09.346463 >>> requested option 3 (Routers)
00:00:09.346467 ... not found
00:00:09.346470 >>> requested option 6 (DNSes)
00:00:09.346473 ... not found
00:00:09.346476 >>> requested option 28 (BroadcastAddress)
00:00:09.346479 ... not found
00:00:09.346484 encoding option 1 (SubnetMask)
00:00:09.346488 encoding option 51 (LeaseTime)
00:00:09.346492 ACK xid 0x0000184c chaddr 08:00:27:59:ce:ff
00:00:09.346503  ciaddr 0.0.0.0 yiaddr 192.168.63.102
00:00:09.346512 encoded message: 548 bytes
00:00:09.346514 00007f5c440011e0/0000: 02 01 06 00 4c 18 00 00-00 00 00 00 00 00 00 00 ....L...........
00:00:09.346517 00007f5c440011f0/0010: c0 a8 3f 66 00 00 00 00-00 00 00 00 08 00 27 59 ..?f..........'Y
00:00:09.346520 00007f5c44001200/0020: ce ff 00 00 00 00 00 00-00 00 00 00 00 00 00 00 ................
00:00:09.346523 00007f5c44001210/0030: 00 00 00 00 00 00 00 00-00 00 00 00 00 00 00 00 ................
00:00:09.346526 00007f5c44001220/0040: 00 00 00 00 00 00 00 00-00 00 00 00 00 00 00 00 ................
00:00:09.346529 00007f5c44001230/0050: 00 00 00 00 00 00 00 00-00 00 00 00 00 00 00 00 ................
00:00:09.346532 00007f5c44001240/0060: 00 00 00 00 00 00 00 00-00 00 00 00 00 00 00 00 ................
00:00:09.346535 00007f5c44001250/0070: 00 00 00 00 00 00 00 00-00 00 00 00 00 00 00 00 ................
00:00:09.346538 00007f5c44001260/0080: 00 00 00 00 00 00 00 00-00 00 00 00 00 00 00 00 ................
00:00:09.346541 00007f5c44001270/0090: 00 00 00 00 00 00 00 00-00 00 00 00 00 00 00 00 ................
00:00:09.346544 00007f5c44001280/00a0: 00 00 00 00 00 00 00 00-00 00 00 00 00 00 00 00 ................
00:00:09.346547 00007f5c44001290/00b0: 00 00 00 00 00 00 00 00-00 00 00 00 00 00 00 00 ................
00:00:09.346550 00007f5c440012a0/00c0: 00 00 00 00 00 00 00 00-00 00 00 00 00 00 00 00 ................
00:00:09.346553 00007f5c440012b0/00d0: 00 00 00 00 00 00 00 00-00 00 00 00 00 00 00 00 ................
00:00:09.346556 00007f5c440012c0/00e0: 00 00 00 00 00 00 00 00-00 00 00 00 63 82 53 63 ............c.Sc
00:00:09.346559 00007f5c440012d0/00f0: 36 04 c0 a8 3f 64 35 01-05 01 04 ff ff ff 00 33 6...?d5........3
00:00:09.346562 00007f5c440012e0/0100: 04 00 00 02 58 ff 00 00-00 00 00 00 00 00 00 00 ....X...........
00:00:09.346565 00007f5c440012f0/0110: 00 00 00 00 00 00 00 00-00 00 00 00 00 00 00 00 ................
00:00:09.346568 00007f5c44001300/0120: 00 00 00 00 00 00 00 00-00 00 00 00 00 00 00 00 ................
00:00:09.346571 00007f5c44001310/0130: 00 00 00 00 00 00 00 00-00 00 00 00 00 00 00 00 ................
00:00:09.346574 00007f5c44001320/0140: 00 00 00 00 00 00 00 00-00 00 00 00 00 00 00 00 ................
00:00:09.346576 00007f5c44001330/0150: 00 00 00 00 00 00 00 00-00 00 00 00 00 00 00 00 ................
00:00:09.346579 00007f5c44001340/0160: 00 00 00 00 00 00 00 00-00 00 00 00 00 00 00 00 ................
00:00:09.346582 00007f5c44001350/0170: 00 00 00 00 00 00 00 00-00 00 00 00 00 00 00 00 ................
00:00:09.346585 00007f5c44001360/0180: 00 00 00 00 00 00 00 00-00 00 00 00 00 00 00 00 ................
00:00:09.346588 00007f5c44001370/0190: 00 00 00 00 00 00 00 00-00 00 00 00 00 00 00 00 ................
00:00:09.346591 00007f5c44001380/01a0: 00 00 00 00 00 00 00 00-00 00 00 00 00 00 00 00 ................
00:00:09.346594 00007f5c44001390/01b0: 00 00 00 00 00 00 00 00-00 00 00 00 00 00 00 00 ................
00:00:09.346596 00007f5c440013a0/01c0: 00 00 00 00 00 00 00 00-00 00 00 00 00 00 00 00 ................
00:00:09.346599 00007f5c440013b0/01d0: 00 00 00 00 00 00 00 00-00 00 00 00 00 00 00 00 ................
00:00:09.346602 00007f5c440013c0/01e0: 00 00 00 00 00 00 00 00-00 00 00 00 00 00 00 00 ................
00:00:09.346605 00007f5c440013d0/01f0: 00 00 00 00 00 00 00 00-00 00 00 00 00 00 00 00 ................
00:00:09.346608 00007f5c440013e0/0200: 00 00 00 00 00 00 00 00-00 00 00 00 00 00 00 00 ................
00:00:09.346611 00007f5c440013f0/0210: 00 00 00 00 00 00 00 00-00 00 00 00 00 00 00 00 ................
00:00:09.346614 00007f5c44001400/0220: 00 00 00 00                                     ....
