00:00:00.493559 VirtualBox GUI VM Selector Window 6.1.36 r152435 linux.amd64 (Jul 21 2022 10:08:57) release log
00:00:00.493561 Log opened 2022-09-01T04:28:41.168725000Z
00:00:00.493562 Build Type: release
00:00:00.493564 OS Product: Linux
00:00:00.493565 OS Release: 5.19.5-zen1-1-zen
00:00:00.493566 OS Version: #1 ZEN SMP PREEMPT_DYNAMIC Mon, 29 Aug 2022 15:51:08 +0000
00:00:00.493583 DMI Product Name: System Product Name
00:00:00.493592 DMI Product Version: System Version
00:00:00.493598 Firmware type: BIOS
00:00:00.493632 Host RAM: 32068MB (31.3GB) total, 30216MB (29.5GB) available
00:00:00.493635 Executable: /usr/lib/virtualbox/VirtualBox
00:00:00.493635 Process ID: 2174
00:00:00.493636 Package type: LINUX_64BITS_GENERIC (OSE)
00:00:00.493661 Qt version: 5.15.5
00:00:00.634492 GUI: UIMediumEnumerator: Medium-enumeration started...
00:00:01.581589 GUI: UIDesktopWidgetWatchdog::sltHandleHostScreenAvailableGeometryCalculated: Screen 0 work area is actually resized to: 1920x0 x 1920x1050
00:00:01.586547 GUI: UIDesktopWidgetWatchdog::sltHandleHostScreenAvailableGeometryCalculated: Screen 1 work area is actually resized to: 3840x0 x 1920x1050
00:00:01.590687 GUI: UIDesktopWidgetWatchdog::sltHandleHostScreenAvailableGeometryCalculated: Screen 2 work area is actually resized to: 0x0 x 1920x1050
00:00:01.663530 GUI: UIMediumEnumerator: Medium-enumeration finished!
00:00:30.794797 ERROR [COM]: aRC=NS_ERROR_UNEXPECTED (0x8000ffff) aIID={c0447716-ff5a-4795-b57a-ecd5fffa18a4} aComponent={SessionWrap} aText={The session is not locked (session state: Unlocked)}, preserve=false aResultDetail=0
