Handbrake Version: 1.4.0 (2021071900)
[11:25:50] gtkgui: Modified Preset: /Hardware/H.265 NVENC 2160p 4K
[11:25:50] Starting work at: Thu Jul 22 11:25:50 2021

[11:25:50] 1 job(s) to process
[11:25:50] json job:
{
    "Audio": {
        "AudioList": [
            {
                "Bitrate": 160,
                "CompressionLevel": -1.0,
                "DRC": 0.0,
                "DitherMethod": "auto",
                "Encoder": "av_aac",
                "Gain": 0.0,
                "Mixdown": "stereo",
                "NormalizeMixLevel": false,
                "PresetEncoder": "av_aac",
                "Quality": -3.0,
                "Samplerate": 0,
                "Track": 0
            }
        ],
        "CopyMask": [
            "copy:aac"
        ],
        "FallbackEncoder": "none"
    },
    "Destination": {
        "AlignAVStart": false,
        "ChapterList": [
            {
                "Duration": {
                    "Hours": 0,
                    "Minutes": 1,
                    "Seconds": 49,
                    "Ticks": 9823563
                },
                "Name": ""
            }
        ],
        "ChapterMarkers": false,
        "File": "/home/gman72/Videos/GX010632(1).m4v",
        "InlineParameterSets": false,
        "Mp4Options": {
            "IpodAtom": false,
            "Mp4Optimize": false
        },
        "Mux": "m4v"
    },
    "Filters": {
        "FilterList": [
            {
                "ID": 6,
                "Settings": {
                    "mode": 0
                }
            },
            {
                "ID": 13,
                "Settings": {
                    "crop-bottom": 0,
                    "crop-left": 0,
                    "crop-right": 0,
                    "crop-top": 0,
                    "height": 2160,
                    "width": 3840
                }
            }
        ]
    },
    "Metadata": {
        "Name": "GX010632"
    },
    "PAR": {
        "Den": 1,
        "Num": 1
    },
    "SequenceID": 0,
    "Source": {
        "Angle": 0,
        "Path": "/home/gman72/Downloads/GX010632.MP4",
        "Range": {
            "End": 1,
            "Start": 1,
            "Type": "chapter"
        },
        "Title": 1
    },
    "Subtitle": {
        "Search": {
            "Burn": true,
            "Default": false,
            "Enable": false,
            "Forced": false
        },
        "SubtitleList": []
    },
    "Video": {
        "ColorFormat": 0,
        "ColorMatrix": 1,
        "ColorPrimaries": 1,
        "ColorRange": 2,
        "ColorTransfer": 1,
        "Encoder": "nvenc_h265",
        "Level": "auto",
        "Options": "rc-lookahead=10",
        "Preset": "medium",
        "Profile": "auto",
        "QSV": {
            "AdapterIndex": 1,
            "AsyncDepth": 0,
            "Decode": false
        },
        "Quality": 18.0,
        "Tune": "",
        "Turbo": false,
        "TwoPass": false
    }
}
[11:25:50] CPU: Intel(R) Core(TM) i5-2500S CPU @ 2.70GHz
[11:25:50]  - Intel microarchitecture Sandy Bridge
[11:25:50]  - logical processor count: 4
[11:25:50] Intel Quick Sync Video support: no
[11:25:50] hb_scan: path=/home/gman72/Downloads/GX010632.MP4, title_index=1
udfread ERROR: ECMA 167 Volume Recognition failed
disc.c:333: failed opening UDF image /home/gman72/Downloads/GX010632.MP4
disc.c:437: error opening file BDMV/index.bdmv
disc.c:437: error opening file BDMV/BACKUP/index.bdmv
bluray.c:2646: nav_get_title_list(/home/gman72/Downloads/GX010632.MP4/) failed
[11:25:50] bd: not a bd - trying as a stream/file instead
libdvdread: DVDOpenFileUDF:UDFFindFile /VIDEO_TS/VIDEO_TS.IFO failed
libdvdnav: vm: vm: failed to read VIDEO_TS.IFO
[11:25:50] dvd: not a dvd - trying as a stream/file instead
Input #0, mov,mp4,m4a,3gp,3g2,mj2, from '/home/gman72/Downloads/GX010632.MP4':
  Metadata:
    major_brand     : mp41
    minor_version   : 538120216
    compatible_brands: mp41
    creation_time   : 2021-07-18T05:57:14.000000Z
    location        : +38.4211-097.1128/
    location-eng    : +38.4211-097.1128/
    firmware        : HD9.01.01.60.00
  Duration: 00:01:49.15, start: 0.000000, bitrate: 60140 kb/s
  Stream #0:0(eng): Video: hevc (Main) (hvc1 / 0x31637668), yuvj420p(pc, bt709), 5120x2880 [SAR 1:1 DAR 16:9], 59889 kb/s, 23.98 fps, 23.98 tbr, 24k tbn, 23.97 tbc (default)
    Metadata:
      rotate          : 180
      creation_time   : 2021-07-18T05:57:14.000000Z
      handler_name    : GoPro H.265
      vendor_id       : [0][0][0][0]
      encoder         : GoPro H.265 encoder
      timecode        : 05:56:53:02
    Side data:
      displaymatrix: rotation of -180.00 degrees
  Stream #0:1(eng): Audio: aac (LC) (mp4a / 0x6134706D), 48000 Hz, stereo, fltp, 189 kb/s (default)
    Metadata:
      creation_time   : 2021-07-18T05:57:14.000000Z
      handler_name    : GoPro AAC  
      vendor_id       : [0][0][0][0]
      timecode        : 05:56:53:02
  Stream #0:2(eng): Data: none (tmcd / 0x64636D74) (default)
    Metadata:
      creation_time   : 2021-07-18T05:57:14.000000Z
      handler_name    : GoPro TCD  
      timecode        : 05:56:53:02
  Stream #0:3(eng): Data: bin_data (gpmd / 0x646D7067), 41 kb/s (default)
    Metadata:
      creation_time   : 2021-07-18T05:57:14.000000Z
      handler_name    : GoPro MET  
  Stream #0:4(eng): Data: none (fdsc / 0x63736466), 9 kb/s (default)
    Metadata:
      creation_time   : 2021-07-18T05:57:14.000000Z
      handler_name    : GoPro SOS  
[11:25:50] scan: decoding previews for title 1
[11:25:50] Auto-Rotating video 180 degrees
[11:25:50] scan: audio 0x1: aac, rate=48000Hz, bitrate=189267 English (AAC LC) (2.0 ch) (189 kbps)
[11:25:57] scan: 10 previews, 5120x2880, 23.976 fps, autocrop = 0/0/0/0, aspect 16:9, PAR 1:1, color profile: 1-1-1
[11:25:57] libhb: scan thread found 1 valid title(s)
[11:25:57] Starting Task: Encoding Pass
[11:25:57] Skipping vfr filter
[11:25:57] job configuration:
[11:25:57]  * source
[11:25:57]    + /home/gman72/Downloads/GX010632.MP4
[11:25:57]    + title 1, chapter(s) 1 to 1
[11:25:57]    + container: mov,mp4,m4a,3gp,3g2,mj2
[11:25:57]    + data rate: 60140 kbps
[11:25:57]  * destination
[11:25:57]    + /home/gman72/Videos/GX010632(1).m4v
[11:25:57]    + container: MPEG-4 (libavformat)
[11:25:57]  * video track
[11:25:57]    + decoder: hevc 8-bit
[11:25:57]      + bitrate 59889 kbps
[11:25:57]    + filters
[11:25:57]      + Crop and Scale (width=3840:height=2160:crop-top=0:crop-bottom=0:crop-left=0:crop-right=0)
[11:25:57]        + source: 5120 * 2880, crop (0/0/0/0): 5120 * 2880, scale: 3840 * 2160
[11:25:57]    + Output geometry
[11:25:57]      + storage dimensions: 3840 x 2160
[11:25:57]      + pixel aspect ratio: 1 : 1
[11:25:57]      + display dimensions: 3840 x 2160
[11:25:57]    + encoder: H.265 (NVEnc)
[11:25:57]      + preset:  medium
[11:25:57]      + options: rc-lookahead=10
[11:25:57]      + profile: auto
[11:25:57]      + level:   auto
[11:25:57]      + quality: 18.00 (CQ)
[11:25:57]      + color profile: 1-1-1
[11:25:57]  * audio track 1
[11:25:57]    + decoder: English (AAC LC) (2.0 ch) (189 kbps) (track 1, id 0x1)
[11:25:57]      + bitrate: 189 kbps, samplerate: 48000 Hz
[11:25:57]    + mixdown: Stereo
[11:25:57]    + encoder: AAC (libavcodec)
[11:25:57]      + bitrate: 160 kbps, samplerate: 48000 Hz
[11:25:57] sync: expecting 2616 video frames
[11:25:57] encavcodecInit: H.265 (Nvidia NVENC)
[11:25:57] encavcodec: encoding at rc=vbr, multipass=fullres, 18.00
[11:25:57] encavcodec: encoding with stored aspect 1/1
[11:25:57] Auto-Rotating video 180 degrees
[11:25:59] sync: first pts video is 0
[11:25:59] sync: Chapter 1 at frame 1 time 0
[11:25:59] sync: first pts audio 0x1 is 0
[11:29:35] reader: done. 1 scr changes
[11:29:38] work: average encoding speed for job is 11.901686 fps
[11:29:38] aac-decoder done: 5113 frames, 0 decoder errors
[11:29:38] hevc-decoder done: 2616 frames, 1 decoder errors
[11:29:38] sync: got 2616 frames, 2616 expected
[11:29:38] sync: framerate min 23.976 fps, max 23.976 fps, avg 23.976 fps
[11:29:38] mux: track 0, 2616 frames, 274381869 bytes, 20118.00 kbps, fifo 128
[11:29:38] mux: track 1, 5114 frames, 2189216 bytes, 160.52 kbps, fifo 512
[11:29:38] Finished work at: Thu Jul 22 11:29:38 2021

[11:29:38] libhb: work result = 0
