Handbrake Version: 1.4.0 (2021071900)
[13:32:27] gtkgui: Modified Preset: /Matroska/H.265 MKV 2160p60
[13:32:27] Starting work at: Thu Jul 22 13:32:27 2021

[13:32:27] 1 job(s) to process
[13:32:27] json job:
{
    "Audio": {
        "AudioList": [
            {
                "Bitrate": 160,
                "CompressionLevel": -1.0,
                "DRC": 0.0,
                "DitherMethod": "auto",
                "Encoder": "av_aac",
                "Gain": 0.0,
                "Mixdown": "stereo",
                "NormalizeMixLevel": false,
                "PresetEncoder": "av_aac",
                "Quality": -3.0,
                "Samplerate": 0,
                "Track": 0
            }
        ],
        "CopyMask": [
            "copy:aac"
        ],
        "FallbackEncoder": "av_aac"
    },
    "Destination": {
        "AlignAVStart": false,
        "ChapterList": [
            {
                "Duration": {
                    "Hours": 0,
                    "Minutes": 1,
                    "Seconds": 49,
                    "Ticks": 9823563
                },
                "Name": ""
            }
        ],
        "ChapterMarkers": false,
        "File": "/home/gman72/Videos/GX010632(1).mkv",
        "InlineParameterSets": false,
        "Mp4Options": {
            "IpodAtom": false,
            "Mp4Optimize": false
        },
        "Mux": "mkv"
    },
    "Filters": {
        "FilterList": [
            {
                "ID": 3,
                "Settings": {
                    "block-height": "16",
                    "block-thresh": "40",
                    "block-width": "16",
                    "filter-mode": "2",
                    "mode": "3",
                    "motion-thresh": "1",
                    "spatial-metric": "2",
                    "spatial-thresh": "1"
                }
            },
            {
                "ID": 4,
                "Settings": {
                    "mode": "7"
                }
            },
            {
                "ID": 6,
                "Settings": {
                    "mode": 2,
                    "rate": "27000000/450000"
                }
            },
            {
                "ID": 13,
                "Settings": {
                    "crop-bottom": 0,
                    "crop-left": 0,
                    "crop-right": 0,
                    "crop-top": 0,
                    "height": 2160,
                    "width": 3840
                }
            }
        ]
    },
    "Metadata": {
        "Name": "GX010632"
    },
    "PAR": {
        "Den": 1,
        "Num": 1
    },
    "SequenceID": 0,
    "Source": {
        "Angle": 0,
        "Path": "/home/gman72/Videos/GX010632.MP4",
        "Range": {
            "End": 1,
            "Start": 1,
            "Type": "chapter"
        },
        "Title": 1
    },
    "Subtitle": {
        "Search": {
            "Burn": true,
            "Default": false,
            "Enable": false,
            "Forced": false
        },
        "SubtitleList": []
    },
    "Video": {
        "ColorFormat": 0,
        "ColorMatrix": 1,
        "ColorPrimaries": 1,
        "ColorRange": 2,
        "ColorTransfer": 1,
        "Encoder": "nvenc_h265",
        "Level": "auto",
        "Options": "",
        "Preset": "medium",
        "Profile": "auto",
        "QSV": {
            "AdapterIndex": 1,
            "AsyncDepth": 0,
            "Decode": false
        },
        "Quality": 0.0,
        "Tune": "",
        "Turbo": false,
        "TwoPass": false
    }
}
[13:32:27] CPU: Intel(R) Core(TM) i5-2500S CPU @ 2.70GHz
[13:32:27]  - Intel microarchitecture Sandy Bridge
[13:32:27]  - logical processor count: 4
[13:32:27] Intel Quick Sync Video support: no
[13:32:27] hb_scan: path=/home/gman72/Videos/GX010632.MP4, title_index=1
udfread ERROR: ECMA 167 Volume Recognition failed
disc.c:333: failed opening UDF image /home/gman72/Videos/GX010632.MP4
disc.c:437: error opening file BDMV/index.bdmv
disc.c:437: error opening file BDMV/BACKUP/index.bdmv
bluray.c:2646: nav_get_title_list(/home/gman72/Videos/GX010632.MP4/) failed
[13:32:27] bd: not a bd - trying as a stream/file instead
libdvdread: DVDOpenFileUDF:UDFFindFile /VIDEO_TS/VIDEO_TS.IFO failed
libdvdnav: vm: vm: failed to read VIDEO_TS.IFO
[13:32:27] dvd: not a dvd - trying as a stream/file instead
Input #0, mov,mp4,m4a,3gp,3g2,mj2, from '/home/gman72/Videos/GX010632.MP4':
  Metadata:
    major_brand     : mp41
    minor_version   : 538120216
    compatible_brands: mp41
    creation_time   : 2021-07-18T05:57:14.000000Z
    location        : +38.4211-097.1128/
    location-eng    : +38.4211-097.1128/
    firmware        : HD9.01.01.60.00
  Duration: 00:01:49.15, start: 0.000000, bitrate: 60140 kb/s
  Stream #0:0(eng): Video: hevc (Main) (hvc1 / 0x31637668), yuvj420p(pc, bt709), 5120x2880 [SAR 1:1 DAR 16:9], 59889 kb/s, 23.98 fps, 23.98 tbr, 24k tbn, 23.97 tbc (default)
    Metadata:
      rotate          : 180
      creation_time   : 2021-07-18T05:57:14.000000Z
      handler_name    : GoPro H.265
      vendor_id       : [0][0][0][0]
      encoder         : GoPro H.265 encoder
      timecode        : 05:56:53:02
    Side data:
      displaymatrix: rotation of -180.00 degrees
  Stream #0:1(eng): Audio: aac (LC) (mp4a / 0x6134706D), 48000 Hz, stereo, fltp, 189 kb/s (default)
    Metadata:
      creation_time   : 2021-07-18T05:57:14.000000Z
      handler_name    : GoPro AAC  
      vendor_id       : [0][0][0][0]
      timecode        : 05:56:53:02
  Stream #0:2(eng): Data: none (tmcd / 0x64636D74) (default)
    Metadata:
      creation_time   : 2021-07-18T05:57:14.000000Z
      handler_name    : GoPro TCD  
      timecode        : 05:56:53:02
  Stream #0:3(eng): Data: bin_data (gpmd / 0x646D7067), 41 kb/s (default)
    Metadata:
      creation_time   : 2021-07-18T05:57:14.000000Z
      handler_name    : GoPro MET  
  Stream #0:4(eng): Data: none (fdsc / 0x63736466), 9 kb/s (default)
    Metadata:
      creation_time   : 2021-07-18T05:57:14.000000Z
      handler_name    : GoPro SOS  
[13:32:27] scan: decoding previews for title 1
[13:32:27] Auto-Rotating video 180 degrees
[13:32:27] scan: audio 0x1: aac, rate=48000Hz, bitrate=189267 English (AAC LC) (2.0 ch) (189 kbps)
[13:32:34] scan: 10 previews, 5120x2880, 23.976 fps, autocrop = 0/0/0/0, aspect 16:9, PAR 1:1, color profile: 1-1-1
[13:32:34] libhb: scan thread found 1 valid title(s)
[13:32:34] Starting Task: Encoding Pass
[13:32:34] job configuration:
[13:32:34]  * source
[13:32:34]    + /home/gman72/Videos/GX010632.MP4
[13:32:34]    + title 1, chapter(s) 1 to 1
[13:32:34]    + container: mov,mp4,m4a,3gp,3g2,mj2
[13:32:34]    + data rate: 60140 kbps
[13:32:34]  * destination
[13:32:34]    + /home/gman72/Videos/GX010632(1).mkv
[13:32:34]    + container: Matroska (libavformat)
[13:32:34]  * video track
[13:32:34]    + decoder: hevc 8-bit
[13:32:34]      + bitrate 59889 kbps
[13:32:34]    + filters
[13:32:34]      + Comb Detect (mode=3:spatial-metric=2:motion-thresh=1:spatial-thresh=1:filter-mode=2:block-thresh=40:block-width=16:block-height=16)
[13:32:34]      + Decomb (mode=39)
[13:32:34]      + Framerate Shaper (mode=2:rate=27000000/450000)
[13:32:34]        + frame rate: 23.976 fps -> peak rate limited to 60.000 fps
[13:32:34]      + Crop and Scale (width=3840:height=2160:crop-top=0:crop-bottom=0:crop-left=0:crop-right=0)
[13:32:34]        + source: 5120 * 2880, crop (0/0/0/0): 5120 * 2880, scale: 3840 * 2160
[13:32:34]    + Output geometry
[13:32:34]      + storage dimensions: 3840 x 2160
[13:32:34]      + pixel aspect ratio: 1 : 1
[13:32:34]      + display dimensions: 3840 x 2160
[13:32:34]    + encoder: H.265 (NVEnc)
[13:32:34]      + preset:  medium
[13:32:34]      + profile: auto
[13:32:34]      + level:   auto
[13:32:34]      + quality: 0.00 (CQ)
[13:32:34]      + color profile: 1-1-1
[13:32:34]  * audio track 1
[13:32:34]    + decoder: English (AAC LC) (2.0 ch) (189 kbps) (track 1, id 0x1)
[13:32:34]      + bitrate: 189 kbps, samplerate: 48000 Hz
[13:32:34]    + mixdown: Stereo
[13:32:34]    + encoder: AAC (libavcodec)
[13:32:34]      + bitrate: 160 kbps, samplerate: 48000 Hz
[13:32:34] sync: expecting 2616 video frames
[13:32:34] encavcodecInit: H.265 (Nvidia NVENC)
[13:32:34] encavcodec: encoding at rc=vbr, multipass=fullres, 0.00
[13:32:34] encavcodec: encoding with stored aspect 1/1
[13:32:34] Auto-Rotating video 180 degrees
[13:32:36] sync: first pts video is 0
[13:32:36] sync: Chapter 1 at frame 1 time 0
[13:32:36] sync: first pts audio 0x1 is 0
[13:38:44] reader: done. 1 scr changes
[13:38:49] work: average encoding speed for job is 6.995605 fps
[13:38:49] comb detect: heavy 73 | light 388 | uncombed 2155 | total 2616
[13:38:49] decomb: deinterlaced 73 | blended 388 | unfiltered 2155 | total 2616
[13:38:49] vfr: 2616 frames output, 0 dropped and 0 duped for CFR/PFR
[13:38:49] vfr: lost time: 0 (0 frames)
[13:38:49] vfr: gained time: 0 (0 frames) (0 not accounted for)
[13:38:49] aac-decoder done: 5113 frames, 0 decoder errors
[13:38:49] hevc-decoder done: 2616 frames, 1 decoder errors
[13:38:49] sync: got 2616 frames, 2616 expected
[13:38:49] sync: framerate min 23.976 fps, max 23.976 fps, avg 23.976 fps
[13:38:49] mux: track 0, 2616 frames, 274318022 bytes, 20113.32 kbps, fifo 128
[13:38:49] mux: track 1, 5114 frames, 2189216 bytes, 160.52 kbps, fifo 512
[13:38:49] Finished work at: Thu Jul 22 13:38:49 2021

[13:38:49] libhb: work result = 0
