Handbrake Version: 1.4.0 (2021071900)
[23:37:12] gtkgui: Preset: /General/HQ 1080p30 Surround
[23:37:12] Starting work at: Fri Sep  3 23:37:12 2021

[23:37:12] 1 job(s) to process
[23:37:12] json job:
{
    "Audio": {
        "AudioList": [
            {
                "Bitrate": 160,
                "CompressionLevel": -1.0,
                "DRC": 0.0,
                "DitherMethod": "auto",
                "Encoder": "av_aac",
                "Gain": 0.0,
                "Mixdown": "stereo",
                "NormalizeMixLevel": false,
                "PresetEncoder": "av_aac",
                "Quality": -3.0,
                "Samplerate": 0,
                "Track": 0
            },
            {
                "Bitrate": 640,
                "CompressionLevel": -1.0,
                "DRC": 0.0,
                "DitherMethod": "auto",
                "Encoder": "ac3",
                "Gain": 0.0,
                "Mixdown": "5point1",
                "NormalizeMixLevel": false,
                "PresetEncoder": "copy:ac3",
                "Quality": -3.0,
                "Samplerate": 0,
                "Track": 0
            }
        ],
        "CopyMask": [
            "copy:aac",
            "copy:ac3"
        ],
        "FallbackEncoder": "av_aac"
    },
    "Destination": {
        "AlignAVStart": true,
        "ChapterList": [
            {
                "Duration": {
                    "Hours": 0,
                    "Minutes": 3,
                    "Seconds": 1,
                    "Ticks": 16287480
                },
                "Name": "00:00:00.000"
            },
            {
                "Duration": {
                    "Hours": 0,
                    "Minutes": 4,
                    "Seconds": 55,
                    "Ticks": 26509050
                },
                "Name": "00:03:00.972"
            },
            {
                "Duration": {
                    "Hours": 0,
                    "Minutes": 2,
                    "Seconds": 44,
                    "Ticks": 14793480
                },
                "Name": "00:07:55.517"
            },
            {
                "Duration": {
                    "Hours": 0,
                    "Minutes": 3,
                    "Seconds": 27,
                    "Ticks": 18644940
                },
                "Name": "00:10:39.889"
            },
            {
                "Duration": {
                    "Hours": 0,
                    "Minutes": 3,
                    "Seconds": 51,
                    "Ticks": 20758230
                },
                "Name": "00:14:07.055"
            },
            {
                "Duration": {
                    "Hours": 0,
                    "Minutes": 4,
                    "Seconds": 18,
                    "Ticks": 23254470
                },
                "Name": "00:17:57.702"
            },
            {
                "Duration": {
                    "Hours": 0,
                    "Minutes": 3,
                    "Seconds": 34,
                    "Ticks": 19215450
                },
                "Name": "00:22:16.085"
            },
            {
                "Duration": {
                    "Hours": 0,
                    "Minutes": 3,
                    "Seconds": 1,
                    "Ticks": 16264980
                },
                "Name": "00:25:49.590"
            },
            {
                "Duration": {
                    "Hours": 0,
                    "Minutes": 2,
                    "Seconds": 18,
                    "Ticks": 12387330
                },
                "Name": "00:28:50.312"
            },
            {
                "Duration": {
                    "Hours": 0,
                    "Minutes": 4,
                    "Seconds": 6,
                    "Ticks": 22158450
                },
                "Name": "00:31:07.949"
            },
            {
                "Duration": {
                    "Hours": 0,
                    "Minutes": 2,
                    "Seconds": 46,
                    "Ticks": 14958630
                },
                "Name": "00:35:14.154"
            },
            {
                "Duration": {
                    "Hours": 0,
                    "Minutes": 4,
                    "Seconds": 48,
                    "Ticks": 25882110
                },
                "Name": "00:38:00.361"
            },
            {
                "Duration": {
                    "Hours": 0,
                    "Minutes": 5,
                    "Seconds": 28,
                    "Ticks": 29534580
                },
                "Name": "00:42:47.940"
            },
            {
                "Duration": {
                    "Hours": 0,
                    "Minutes": 4,
                    "Seconds": 0,
                    "Ticks": 21599010
                },
                "Name": "00:48:16.102"
            },
            {
                "Duration": {
                    "Hours": 0,
                    "Minutes": 5,
                    "Seconds": 41,
                    "Ticks": 30675690
                },
                "Name": "00:52:16.091"
            },
            {
                "Duration": {
                    "Hours": 0,
                    "Minutes": 5,
                    "Seconds": 17,
                    "Ticks": 28521000
                },
                "Name": "00:57:56.932"
            },
            {
                "Duration": {
                    "Hours": 0,
                    "Minutes": 4,
                    "Seconds": 37,
                    "Ticks": 24898590
                },
                "Name": "01:03:13.832"
            },
            {
                "Duration": {
                    "Hours": 0,
                    "Minutes": 4,
                    "Seconds": 6,
                    "Ticks": 22105800
                },
                "Name": "01:07:50.483"
            },
            {
                "Duration": {
                    "Hours": 0,
                    "Minutes": 5,
                    "Seconds": 26,
                    "Ticks": 29361870
                },
                "Name": "01:11:56.103"
            },
            {
                "Duration": {
                    "Hours": 0,
                    "Minutes": 4,
                    "Seconds": 11,
                    "Ticks": 22631400
                },
                "Name": "01:17:22.346"
            },
            {
                "Duration": {
                    "Hours": 0,
                    "Minutes": 4,
                    "Seconds": 6,
                    "Ticks": 22147110
                },
                "Name": "01:21:33.806"
            },
            {
                "Duration": {
                    "Hours": 0,
                    "Minutes": 4,
                    "Seconds": 2,
                    "Ticks": 21809250
                },
                "Name": "01:25:39.885"
            },
            {
                "Duration": {
                    "Hours": 0,
                    "Minutes": 3,
                    "Seconds": 48,
                    "Ticks": 20529270
                },
                "Name": "01:29:42.210"
            },
            {
                "Duration": {
                    "Hours": 0,
                    "Minutes": 4,
                    "Seconds": 13,
                    "Ticks": 22728960
                },
                "Name": "01:33:30.313"
            },
            {
                "Duration": {
                    "Hours": 0,
                    "Minutes": 5,
                    "Seconds": 6,
                    "Ticks": 27556290
                },
                "Name": "01:37:42.857"
            },
            {
                "Duration": {
                    "Hours": 0,
                    "Minutes": 4,
                    "Seconds": 13,
                    "Ticks": 22728960
                },
                "Name": "01:42:49.038"
            },
            {
                "Duration": {
                    "Hours": 0,
                    "Minutes": 4,
                    "Seconds": 6,
                    "Ticks": 22173390
                },
                "Name": "01:47:01.582"
            },
            {
                "Duration": {
                    "Hours": 0,
                    "Minutes": 4,
                    "Seconds": 18,
                    "Ticks": 23239440
                },
                "Name": "01:51:07.953"
            },
            {
                "Duration": {
                    "Hours": 0,
                    "Minutes": 5,
                    "Seconds": 27,
                    "Ticks": 29436930
                },
                "Name": "01:55:26.169"
            },
            {
                "Duration": {
                    "Hours": 0,
                    "Minutes": 3,
                    "Seconds": 16,
                    "Ticks": 17683920
                },
                "Name": "02:00:53.246"
            },
            {
                "Duration": {
                    "Hours": 0,
                    "Minutes": 5,
                    "Seconds": 23,
                    "Ticks": 29027700
                },
                "Name": "02:04:09.734"
            },
            {
                "Duration": {
                    "Hours": 0,
                    "Minutes": 5,
                    "Seconds": 0,
                    "Ticks": 27012060
                },
                "Name": "02:09:32.264"
            },
            {
                "Duration": {
                    "Hours": 0,
                    "Minutes": 3,
                    "Seconds": 34,
                    "Ticks": 19215450
                },
                "Name": "02:14:32.398"
            },
            {
                "Duration": {
                    "Hours": 0,
                    "Minutes": 3,
                    "Seconds": 14,
                    "Ticks": 17484930
                },
                "Name": "02:18:05.903"
            },
            {
                "Duration": {
                    "Hours": 0,
                    "Minutes": 5,
                    "Seconds": 15,
                    "Ticks": 28370880
                },
                "Name": "02:21:20.180"
            },
            {
                "Duration": {
                    "Hours": 0,
                    "Minutes": 5,
                    "Seconds": 8,
                    "Ticks": 27687600
                },
                "Name": "02:26:35.412"
            },
            {
                "Duration": {
                    "Hours": 0,
                    "Minutes": 9,
                    "Seconds": 16,
                    "Ticks": 50007510
                },
                "Name": "02:31:43.052"
            }
        ],
        "ChapterMarkers": true,
        "File": "/home/gman72/Downloads/omv/Harry.Potter.and.the.Chamber.of.Secrets.2002.m4v",
        "InlineParameterSets": false,
        "Mp4Options": {
            "IpodAtom": false,
            "Mp4Optimize": false
        },
        "Mux": "m4v"
    },
    "Filters": {
        "FilterList": [
            {
                "ID": 3,
                "Settings": {
                    "block-height": "16",
                    "block-thresh": "40",
                    "block-width": "16",
                    "filter-mode": "2",
                    "mode": "3",
                    "motion-thresh": "1",
                    "spatial-metric": "2",
                    "spatial-thresh": "1"
                }
            },
            {
                "ID": 4,
                "Settings": {
                    "mode": "7"
                }
            },
            {
                "ID": 6,
                "Settings": {
                    "mode": 2,
                    "rate": "27000000/900000"
                }
            },
            {
                "ID": 13,
                "Settings": {
                    "crop-bottom": 0,
                    "crop-left": 0,
                    "crop-right": 0,
                    "crop-top": 0,
                    "height": 1080,
                    "width": 1920
                }
            }
        ]
    },
    "Metadata": {
        "Name": "Harry.Potter.and.the.Chamber.of.Secrets.2002"
    },
    "PAR": {
        "Den": 20,
        "Num": 27
    },
    "SequenceID": 0,
    "Source": {
        "Angle": 0,
        "Path": "/home/gman72/omv/media/movies/Harry Potter and the Chamber of Secrets (2002)/Harry.Potter.and.the.Chamber.of.Secrets.2002.mkv",
        "Range": {
            "End": 37,
            "Start": 1,
            "Type": "chapter"
        },
        "Title": 1
    },
    "Subtitle": {
        "Search": {
            "Burn": true,
            "Default": false,
            "Enable": true,
            "Forced": true
        },
        "SubtitleList": []
    },
    "Video": {
        "ColorFormat": 0,
        "ColorMatrix": 9,
        "ColorPrimaries": 9,
        "ColorRange": 1,
        "ColorTransfer": 16,
        "ContentLightLevel": {
            "MaxCLL": 2856,
            "MaxFALL": 222
        },
        "Encoder": "x264",
        "Level": "4.0",
        "Mastering": {
            "DisplayPrimaries": [
                [
                    [
                        34000,
                        50000
                    ],
                    [
                        16000,
                        50000
                    ]
                ],
                [
                    [
                        13250,
                        50000
                    ],
                    [
                        34500,
                        50000
                    ]
                ],
                [
                    [
                        7500,
                        50000
                    ],
                    [
                        3000,
                        50000
                    ]
                ]
            ],
            "HasLuminance": true,
            "HasPrimaries": true,
            "MaxLuminance": [
                40000000,
                10000
            ],
            "MinLuminance": [
                50,
                10000
            ],
            "WhitePoint": [
                [
                    15635,
                    50000
                ],
                [
                    16450,
                    50000
                ]
            ]
        },
        "Options": "",
        "Preset": "slow",
        "Profile": "high",
        "QSV": {
            "AdapterIndex": 1,
            "AsyncDepth": 0,
            "Decode": false
        },
        "Quality": 20.0,
        "Tune": "",
        "Turbo": false,
        "TwoPass": false
    }
}
[23:37:12] CPU: Intel(R) Core(TM) i5-2500S CPU @ 2.70GHz
[23:37:12]  - Intel microarchitecture Sandy Bridge
[23:37:12]  - logical processor count: 4
[23:37:12] Intel Quick Sync Video support: no
[23:37:12] hb_scan: path=/home/gman72/omv/media/movies/Harry Potter and the Chamber of Secrets (2002)/Harry.Potter.and.the.Chamber.of.Secrets.2002.mkv, title_index=1
udfread ERROR: ECMA 167 Volume Recognition failed
disc.c:333: failed opening UDF image /home/gman72/omv/media/movies/Harry Potter and the Chamber of Secrets (2002)/Harry.Potter.and.the.Chamber.of.Secrets.2002.mkv
disc.c:437: error opening file BDMV/index.bdmv
disc.c:437: error opening file BDMV/BACKUP/index.bdmv
bluray.c:2646: nav_get_title_list(/home/gman72/omv/media/movies/Harry Potter and the Chamber of Secrets (2002)/Harry.Potter.and.the.Chamber.of.Secrets.2002.mkv/) failed
[23:37:12] bd: not a bd - trying as a stream/file instead
libdvdread: DVDOpenFileUDF:UDFFindFile /VIDEO_TS/VIDEO_TS.IFO failed
libdvdnav: vm: vm: failed to read VIDEO_TS.IFO
[23:37:12] dvd: not a dvd - trying as a stream/file instead
Input #0, matroska,webm, from '/home/gman72/omv/media/movies/Harry Potter and the Chamber of Secrets (2002)/Harry.Potter.and.the.Chamber.of.Secrets.2002.mkv':
  Metadata:
    encoder         : libebml v1.3.5 + libmatroska v1.4.8
    creation_time   : 2017-12-31T21:05:30.000000Z
  Duration: 02:40:58.69, start: 0.000000, bitrate: 15846 kb/s
  Chapters:
    Chapter #0:0: start 0.000000, end 180.972000
      Metadata:
        title           : 00:00:00.000
    Chapter #0:1: start 180.972000, end 475.517000
      Metadata:
        title           : 00:03:00.972
    Chapter #0:2: start 475.517000, end 639.889000
      Metadata:
        title           : 00:07:55.517
    Chapter #0:3: start 639.889000, end 847.055000
      Metadata:
        title           : 00:10:39.889
    Chapter #0:4: start 847.055000, end 1077.702000
      Metadata:
        title           : 00:14:07.055
    Chapter #0:5: start 1077.702000, end 1336.085000
      Metadata:
        title           : 00:17:57.702
    Chapter #0:6: start 1336.085000, end 1549.590000
      Metadata:
        title           : 00:22:16.085
    Chapter #0:7: start 1549.590000, end 1730.312000
      Metadata:
        title           : 00:25:49.590
    Chapter #0:8: start 1730.312000, end 1867.949000
      Metadata:
        title           : 00:28:50.312
    Chapter #0:9: start 1867.949000, end 2114.154000
      Metadata:
        title           : 00:31:07.949
    Chapter #0:10: start 2114.154000, end 2280.361000
      Metadata:
        title           : 00:35:14.154
    Chapter #0:11: start 2280.361000, end 2567.940000
      Metadata:
        title           : 00:38:00.361
    Chapter #0:12: start 2567.940000, end 2896.102000
      Metadata:
        title           : 00:42:47.940
    Chapter #0:13: start 2896.102000, end 3136.091000
      Metadata:
        title           : 00:48:16.102
    Chapter #0:14: start 3136.091000, end 3476.932000
      Metadata:
        title           : 00:52:16.091
    Chapter #0:15: start 3476.932000, end 3793.832000
      Metadata:
        title           : 00:57:56.932
    Chapter #0:16: start 3793.832000, end 4070.483000
      Metadata:
        title           : 01:03:13.832
    Chapter #0:17: start 4070.483000, end 4316.103000
      Metadata:
        title           : 01:07:50.483
    Chapter #0:18: start 4316.103000, end 4642.346000
      Metadata:
        title           : 01:11:56.103
    Chapter #0:19: start 4642.346000, end 4893.806000
      Metadata:
        title           : 01:17:22.346
    Chapter #0:20: start 4893.806000, end 5139.885000
      Metadata:
        title           : 01:21:33.806
    Chapter #0:21: start 5139.885000, end 5382.210000
      Metadata:
        title           : 01:25:39.885
    Chapter #0:22: start 5382.210000, end 5610.313000
      Metadata:
        title           : 01:29:42.210
    Chapter #0:23: start 5610.313000, end 5862.857000
      Metadata:
        title           : 01:33:30.313
    Chapter #0:24: start 5862.857000, end 6169.038000
      Metadata:
        title           : 01:37:42.857
    Chapter #0:25: start 6169.038000, end 6421.582000
      Metadata:
        title           : 01:42:49.038
    Chapter #0:26: start 6421.582000, end 6667.953000
      Metadata:
        title           : 01:47:01.582
    Chapter #0:27: start 6667.953000, end 6926.169000
      Metadata:
        title           : 01:51:07.953
    Chapter #0:28: start 6926.169000, end 7253.246000
      Metadata:
        title           : 01:55:26.169
    Chapter #0:29: start 7253.246000, end 7449.734000
      Metadata:
        title           : 02:00:53.246
    Chapter #0:30: start 7449.734000, end 7772.264000
      Metadata:
        title           : 02:04:09.734
    Chapter #0:31: start 7772.264000, end 8072.398000
      Metadata:
        title           : 02:09:32.264
    Chapter #0:32: start 8072.398000, end 8285.903000
      Metadata:
        title           : 02:14:32.398
    Chapter #0:33: start 8285.903000, end 8480.180000
      Metadata:
        title           : 02:18:05.903
    Chapter #0:34: start 8480.180000, end 8795.412000
      Metadata:
        title           : 02:21:20.180
    Chapter #0:35: start 8795.412000, end 9103.052000
      Metadata:
        title           : 02:26:35.412
    Chapter #0:36: start 9103.052000, end 9658.691000
      Metadata:
        title           : 02:31:43.052
  Stream #0:0: Video: hevc (Main 10), yuv420p10le(tv, bt2020nc/bt2020/smpte2084), 3840x1600 [SAR 1:1 DAR 12:5], 23.98 fps, 23.98 tbr, 1k tbn, 23.98 tbc (default)
    Metadata:
      BPS             : 11589717
      BPS-eng         : 11589717
      DURATION        : 02:40:58.691000000
      DURATION-eng    : 02:40:58.691000000
      NUMBER_OF_FRAMES: 231577
      NUMBER_OF_FRAMES-eng: 231577
      NUMBER_OF_BYTES : 13992687169
      NUMBER_OF_BYTES-eng: 13992687169
      _STATISTICS_WRITING_APP: mkvmerge v19.0.0 ('Brave Captain') 64-bit
      _STATISTICS_WRITING_APP-eng: mkvmerge v19.0.0 ('Brave Captain') 64-bit
      _STATISTICS_WRITING_DATE_UTC: 2017-12-31 21:05:30
      _STATISTICS_WRITING_DATE_UTC-eng: 2017-12-31 21:05:30
      _STATISTICS_TAGS: BPS DURATION NUMBER_OF_FRAMES NUMBER_OF_BYTES
      _STATISTICS_TAGS-eng: BPS DURATION NUMBER_OF_FRAMES NUMBER_OF_BYTES
  Stream #0:1(eng): Audio: dts (DTS-HD MA), 48000 Hz, 7.1, s32p (24 bit) (default)
    Metadata:
      BPS             : 4150839
      BPS-eng         : 4150839
      DURATION        : 02:40:58.688000000
      DURATION-eng    : 02:40:58.688000000
      NUMBER_OF_FRAMES: 905502
      NUMBER_OF_FRAMES-eng: 905502
      NUMBER_OF_BYTES : 5011458344
      NUMBER_OF_BYTES-eng: 5011458344
      _STATISTICS_WRITING_APP: mkvmerge v19.0.0 ('Brave Captain') 64-bit
      _STATISTICS_WRITING_APP-eng: mkvmerge v19.0.0 ('Brave Captain') 64-bit
      _STATISTICS_WRITING_DATE_UTC: 2017-12-31 21:05:30
      _STATISTICS_WRITING_DATE_UTC-eng: 2017-12-31 21:05:30
      _STATISTICS_TAGS: BPS DURATION NUMBER_OF_FRAMES NUMBER_OF_BYTES
      _STATISTICS_TAGS-eng: BPS DURATION NUMBER_OF_FRAMES NUMBER_OF_BYTES
  Stream #0:2(eng): Subtitle: hdmv_pgs_subtitle
    Metadata:
      title           : SDH
      BPS             : 26868
      BPS-eng         : 26868
      DURATION        : 02:39:41.614000000
      DURATION-eng    : 02:39:41.614000000
      NUMBER_OF_FRAMES: 3158
      NUMBER_OF_FRAMES-eng: 3158
      NUMBER_OF_BYTES : 32180654
      NUMBER_OF_BYTES-eng: 32180654
      _STATISTICS_WRITING_APP: mkvmerge v19.0.0 ('Brave Captain') 64-bit
      _STATISTICS_WRITING_APP-eng: mkvmerge v19.0.0 ('Brave Captain') 64-bit
      _STATISTICS_WRITING_DATE_UTC: 2017-12-31 21:05:30
      _STATISTICS_WRITING_DATE_UTC-eng: 2017-12-31 21:05:30
      _STATISTICS_TAGS: BPS DURATION NUMBER_OF_FRAMES NUMBER_OF_BYTES
      _STATISTICS_TAGS-eng: BPS DURATION NUMBER_OF_FRAMES NUMBER_OF_BYTES
  Stream #0:3(fre): Subtitle: hdmv_pgs_subtitle
    Metadata:
      BPS             : 21388
      BPS-eng         : 21388
      DURATION        : 02:40:28.869000000
      DURATION-eng    : 02:40:28.869000000
      NUMBER_OF_FRAMES: 3298
      NUMBER_OF_FRAMES-eng: 3298
      NUMBER_OF_BYTES : 25742799
      NUMBER_OF_BYTES-eng: 25742799
      _STATISTICS_WRITING_APP: mkvmerge v19.0.0 ('Brave Captain') 64-bit
      _STATISTICS_WRITING_APP-eng: mkvmerge v19.0.0 ('Brave Captain') 64-bit
      _STATISTICS_WRITING_DATE_UTC: 2017-12-31 21:05:30
      _STATISTICS_WRITING_DATE_UTC-eng: 2017-12-31 21:05:30
      _STATISTICS_TAGS: BPS DURATION NUMBER_OF_FRAMES NUMBER_OF_BYTES
      _STATISTICS_TAGS-eng: BPS DURATION NUMBER_OF_FRAMES NUMBER_OF_BYTES
  Stream #0:4(ger): Subtitle: hdmv_pgs_subtitle
    Metadata:
      BPS             : 29948
      BPS-eng         : 29948
      DURATION        : 02:40:28.911000000
      DURATION-eng    : 02:40:28.911000000
      NUMBER_OF_FRAMES: 3188
      NUMBER_OF_FRAMES-eng: 3188
      NUMBER_OF_BYTES : 36046261
      NUMBER_OF_BYTES-eng: 36046261
      _STATISTICS_WRITING_APP: mkvmerge v19.0.0 ('Brave Captain') 64-bit
      _STATISTICS_WRITING_APP-eng: mkvmerge v19.0.0 ('Brave Captain') 64-bit
      _STATISTICS_WRITING_DATE_UTC: 2017-12-31 21:05:30
      _STATISTICS_WRITING_DATE_UTC-eng: 2017-12-31 21:05:30
      _STATISTICS_TAGS: BPS DURATION NUMBER_OF_FRAMES NUMBER_OF_BYTES
      _STATISTICS_TAGS-eng: BPS DURATION NUMBER_OF_FRAMES NUMBER_OF_BYTES
  Stream #0:5(ita): Subtitle: hdmv_pgs_subtitle
    Metadata:
      BPS             : 26591
      BPS-eng         : 26591
      DURATION        : 02:40:28.911000000
      DURATION-eng    : 02:40:28.911000000
      NUMBER_OF_FRAMES: 3170
      NUMBER_OF_FRAMES-eng: 3170
      NUMBER_OF_BYTES : 32005833
      NUMBER_OF_BYTES-eng: 32005833
      _STATISTICS_WRITING_APP: mkvmerge v19.0.0 ('Brave Captain') 64-bit
      _STATISTICS_WRITING_APP-eng: mkvmerge v19.0.0 ('Brave Captain') 64-bit
      _STATISTICS_WRITING_DATE_UTC: 2017-12-31 21:05:30
      _STATISTICS_WRITING_DATE_UTC-eng: 2017-12-31 21:05:30
      _STATISTICS_TAGS: BPS DURATION NUMBER_OF_FRAMES NUMBER_OF_BYTES
      _STATISTICS_TAGS-eng: BPS DURATION NUMBER_OF_FRAMES NUMBER_OF_BYTES
  Stream #0:6(spa): Subtitle: hdmv_pgs_subtitle
    Metadata:
      BPS             : 24977
      BPS-eng         : 24977
      DURATION        : 02:40:28.869000000
      DURATION-eng    : 02:40:28.869000000
      NUMBER_OF_FRAMES: 3024
      NUMBER_OF_FRAMES-eng: 3024
      NUMBER_OF_BYTES : 30063129
      NUMBER_OF_BYTES-eng: 30063129
      _STATISTICS_WRITING_APP: mkvmerge v19.0.0 ('Brave Captain') 64-bit
      _STATISTICS_WRITING_APP-eng: mkvmerge v19.0.0 ('Brave Captain') 64-bit
      _STATISTICS_WRITING_DATE_UTC: 2017-12-31 21:05:30
      _STATISTICS_WRITING_DATE_UTC-eng: 2017-12-31 21:05:30
      _STATISTICS_TAGS: BPS DURATION NUMBER_OF_FRAMES NUMBER_OF_BYTES
      _STATISTICS_TAGS-eng: BPS DURATION NUMBER_OF_FRAMES NUMBER_OF_BYTES
  Stream #0:7(spa): Subtitle: hdmv_pgs_subtitle
    Metadata:
      BPS             : 25127
      BPS-eng         : 25127
      DURATION        : 02:40:30.788000000
      DURATION-eng    : 02:40:30.788000000
      NUMBER_OF_FRAMES: 3020
      NUMBER_OF_FRAMES-eng: 3020
      NUMBER_OF_BYTES : 30249968
      NUMBER_OF_BYTES-eng: 30249968
      _STATISTICS_WRITING_APP: mkvmerge v19.0.0 ('Brave Captain') 64-bit
      _STATISTICS_WRITING_APP-eng: mkvmerge v19.0.0 ('Brave Captain') 64-bit
      _STATISTICS_WRITING_DATE_UTC: 2017-12-31 21:05:30
      _STATISTICS_WRITING_DATE_UTC-eng: 2017-12-31 21:05:30
      _STATISTICS_TAGS: BPS DURATION NUMBER_OF_FRAMES NUMBER_OF_BYTES
      _STATISTICS_TAGS-eng: BPS DURATION NUMBER_OF_FRAMES NUMBER_OF_BYTES
  Stream #0:8(por): Subtitle: hdmv_pgs_subtitle
    Metadata:
      BPS             : 25830
      BPS-eng         : 25830
      DURATION        : 02:40:28.869000000
      DURATION-eng    : 02:40:28.869000000
      NUMBER_OF_FRAMES: 2912
      NUMBER_OF_FRAMES-eng: 2912
      NUMBER_OF_BYTES : 31089564
      NUMBER_OF_BYTES-eng: 31089564
      _STATISTICS_WRITING_APP: mkvmerge v19.0.0 ('Brave Captain') 64-bit
      _STATISTICS_WRITING_APP-eng: mkvmerge v19.0.0 ('Brave Captain') 64-bit
      _STATISTICS_WRITING_DATE_UTC: 2017-12-31 21:05:30
      _STATISTICS_WRITING_DATE_UTC-eng: 2017-12-31 21:05:30
      _STATISTICS_TAGS: BPS DURATION NUMBER_OF_FRAMES NUMBER_OF_BYTES
      _STATISTICS_TAGS-eng: BPS DURATION NUMBER_OF_FRAMES NUMBER_OF_BYTES
  Stream #0:9(pol): Subtitle: hdmv_pgs_subtitle
    Metadata:
      BPS             : 22455
      BPS-eng         : 22455
      DURATION        : 02:40:30.788000000
      DURATION-eng    : 02:40:30.788000000
      NUMBER_OF_FRAMES: 2938
      NUMBER_OF_FRAMES-eng: 2938
      NUMBER_OF_BYTES : 27033067
      NUMBER_OF_BYTES-eng: 27033067
      _STATISTICS_WRITING_APP: mkvmerge v19.0.0 ('Brave Captain') 64-bit
      _STATISTICS_WRITING_APP-eng: mkvmerge v19.0.0 ('Brave Captain') 64-bit
      _STATISTICS_WRITING_DATE_UTC: 2017-12-31 21:05:30
      _STATISTICS_WRITING_DATE_UTC-eng: 2017-12-31 21:05:30
      _STATISTICS_TAGS: BPS DURATION NUMBER_OF_FRAMES NUMBER_OF_BYTES
      _STATISTICS_TAGS-eng: BPS DURATION NUMBER_OF_FRAMES NUMBER_OF_BYTES
  Stream #0:10(jpn): Subtitle: hdmv_pgs_subtitle
    Metadata:
      BPS             : 20421
      BPS-eng         : 20421
      DURATION        : 02:39:29.143000000
      DURATION-eng    : 02:39:29.143000000
      NUMBER_OF_FRAMES: 3524
      NUMBER_OF_FRAMES-eng: 3524
      NUMBER_OF_BYTES : 24426641
      NUMBER_OF_BYTES-eng: 24426641
      _STATISTICS_WRITING_APP: mkvmerge v19.0.0 ('Brave Captain') 64-bit
      _STATISTICS_WRITING_APP-eng: mkvmerge v19.0.0 ('Brave Captain') 64-bit
      _STATISTICS_WRITING_DATE_UTC: 2017-12-31 21:05:30
      _STATISTICS_WRITING_DATE_UTC-eng: 2017-12-31 21:05:30
      _STATISTICS_TAGS: BPS DURATION NUMBER_OF_FRAMES NUMBER_OF_BYTES
      _STATISTICS_TAGS-eng: BPS DURATION NUMBER_OF_FRAMES NUMBER_OF_BYTES
[23:37:12] scan: decoding previews for title 1
[23:37:12] scan: audio 0x1: dca, rate=48000Hz, bitrate=1 English (DTS-HD MA) (7.1 ch)
[23:37:16] scan: 10 previews, 3840x1600, 23.976 fps, autocrop = 0/0/0/0, aspect 2.40:1, PAR 1:1, color profile: 9-16-9
[23:37:16] scan: mastering display metadata: r(0.6800,0.3200) g(0.2650,0.6900) b(0.1500 0.0600) wp(0.3127, 0.3290) min_luminance=0.005000, max_luminance=4000.000000
[23:37:16] scan: content light level: max_cll=2856, max_fall=222
[23:37:16] libhb: scan thread found 1 valid title(s)
[23:37:16] Starting Task: Subtitle Scan
[23:37:16] job configuration:
[23:37:16]  * source
[23:37:16]    + /home/gman72/omv/media/movies/Harry Potter and the Chamber of Secrets (2002)/Harry.Potter.and.the.Chamber.of.Secrets.2002.mkv
[23:37:16]    + title 1, chapter(s) 1 to 37
[23:37:16]    + container: matroska,webm
[23:37:16]    + data rate: 15846 kbps
[23:37:16]  * destination
[23:37:16]    + /home/gman72/Downloads/omv/Harry.Potter.and.the.Chamber.of.Secrets.2002.m4v
[23:37:16]    + container: MPEG-4 (libavformat)
[23:37:16]      + align initial A/V stream timestamps
[23:37:16]      + chapter markers
[23:37:16]  * video track
[23:37:16]    + decoder: hevc 8-bit
[23:37:16]    + filters
[23:37:16]      + Comb Detect (mode=3:spatial-metric=2:motion-thresh=1:spatial-thresh=1:filter-mode=2:block-thresh=40:block-width=16:block-height=16)
[23:37:16]      + Decomb (mode=39)
[23:37:16]      + Framerate Shaper (mode=2:rate=27000000/900000)
[23:37:16]        + frame rate: 23.976 fps -> peak rate limited to 30.000 fps
[23:37:16]      + Crop and Scale (width=1920:height=1080:crop-top=0:crop-bottom=0:crop-left=0:crop-right=0)
[23:37:16]        + source: 3840 * 1600, crop (0/0/0/0): 3840 * 1600, scale: 1920 * 1080
[23:37:16]    + Output geometry
[23:37:16]      + storage dimensions: 1920 x 1080
[23:37:16]      + pixel aspect ratio: 27 : 20
[23:37:16]      + display dimensions: 2592 x 1080
[23:37:16]  * Foreign Audio Search: Render/Burn-in, Forced Only
[23:37:16]    + subtitle, English [PGS] (track 0, id 0x2, Picture)
[23:37:16] sync: expecting 231577 video frames
[23:40:07] reader: done. 1 scr changes
[23:40:07] work: average encoding speed for job is 0.000000 fps
[23:40:07] comb detect: heavy 0 | light 0 | uncombed 0 | total 0
[23:40:07] decomb: deinterlaced 0 | blended 0 | unfiltered 0 | total 0
[23:40:07] vfr: 0 frames output, 0 dropped and 0 duped for CFR/PFR
[23:40:07] vfr: lost time: 0 (0 frames)
[23:40:07] vfr: gained time: 0 (0 frames) (0 not accounted for)
[23:40:07] hevc-decoder done: 0 frames, 0 decoder errors
[23:40:07] sync: got 0 frames, 231577 expected
[23:40:07] Subtitle track 0 (id 0x2) 'English [PGS]': 1579 hits (0 forced)
[23:40:07] No candidate detected during subtitle scan
[23:40:07] Starting Task: Encoding Pass
[23:40:07] job configuration:
[23:40:07]  * source
[23:40:07]    + /home/gman72/omv/media/movies/Harry Potter and the Chamber of Secrets (2002)/Harry.Potter.and.the.Chamber.of.Secrets.2002.mkv
[23:40:07]    + title 1, chapter(s) 1 to 37
[23:40:07]    + container: matroska,webm
[23:40:07]    + data rate: 15846 kbps
[23:40:07]  * destination
[23:40:07]    + /home/gman72/Downloads/omv/Harry.Potter.and.the.Chamber.of.Secrets.2002.m4v
[23:40:07]    + container: MPEG-4 (libavformat)
[23:40:07]      + align initial A/V stream timestamps
[23:40:07]      + chapter markers
[23:40:07]  * video track
[23:40:07]    + decoder: hevc 8-bit
[23:40:07]    + filters
[23:40:07]      + Comb Detect (mode=3:spatial-metric=2:motion-thresh=1:spatial-thresh=1:filter-mode=2:block-thresh=40:block-width=16:block-height=16)
[23:40:07]      + Decomb (mode=39)
[23:40:07]      + Framerate Shaper (mode=2:rate=27000000/900000)
[23:40:07]        + frame rate: 23.976 fps -> peak rate limited to 30.000 fps
[23:40:07]      + Crop and Scale (width=1920:height=1080:crop-top=0:crop-bottom=0:crop-left=0:crop-right=0)
[23:40:07]        + source: 3840 * 1600, crop (0/0/0/0): 3840 * 1600, scale: 1920 * 1080
[23:40:07]    + Output geometry
[23:40:07]      + storage dimensions: 1920 x 1080
[23:40:07]      + pixel aspect ratio: 27 : 20
[23:40:07]      + display dimensions: 2592 x 1080
[23:40:07]    + encoder: H.264 (libx264)
[23:40:07]      + preset:  slow
[23:40:07]      + profile: high
[23:40:07]      + level:   4.0
[23:40:07]      + quality: 20.00 (RF)
[23:40:07]      + color profile: 9-16-9
[23:40:07]      + mastering display metadata: r(0.6800,0.3200) g(0.2650,0.6900) b(0.1500 0.0600) wp(0.3127, 0.3290) min_luminance=0.005000, max_luminance=4000.000000
[23:40:07]      + content light level: max_cll=2856, max_fall=222
[23:40:07]  * audio track 1
[23:40:07]    + decoder: English (DTS-HD MA) (7.1 ch) (track 1, id 0x1)
[23:40:07]      + samplerate: 48000 Hz
[23:40:07]    + mixdown: Stereo
[23:40:07]    + encoder: AAC (libavcodec)
[23:40:07]      + bitrate: 160 kbps, samplerate: 48000 Hz
[23:40:07]  * audio track 2
[23:40:07]    + decoder: English (DTS-HD MA) (7.1 ch) (track 1, id 0x1)
[23:40:07]      + samplerate: 48000 Hz
[23:40:07]    + mixdown: 5.1 Channels
[23:40:07]    + encoder: AC3 (libavcodec)
[23:40:07]      + bitrate: 640 kbps, samplerate: 48000 Hz
[23:40:07] sync: expecting 231577 video frames
[23:40:07] encx264: min-keyint: 24, keyint: 240
[23:40:07] encx264: encoding at constant RF 20.000000
[23:40:07] encx264: unparsed options: level=4.0:ref=4:direct=auto:subme=8:trellis=2:vbv-bufsize=31250:vbv-maxrate=25000:rc-lookahead=50
x264 [info]: using SAR=27/20
x264 [info]: using cpu capabilities: MMX2 SSE2Fast SSSE3 SSE4.2 AVX
x264 [info]: profile High, level 4.0, 4:2:0, 8-bit
[23:40:07] sync: first pts video is 0
[23:40:07] sync: "00:00:00.000" (1) at frame 1 time 0
[23:40:07] sync: first pts audio 0x1 is 0
[23:40:07] sync: first pts audio 0x1 is 0
[23:50:31] sync: "00:03:00.972" (2) at frame 4340 time 16287521
[00:08:41] sync: "00:07:55.517" (3) at frame 11402 time 42796503
[00:19:13] sync: "00:10:39.889" (4) at frame 15343 time 57590032
[00:30:37] sync: "00:14:07.055" (5) at frame 20310 time 76234908
[00:43:14] sync: "00:17:57.702" (6) at frame 25843 time 97004407
[00:56:21] sync: "00:22:16.085" (7) at frame 32035 time 120247627
[01:08:44] sync: "00:25:49.590" (8) at frame 37154 time 139463073
[01:20:01] sync: "00:28:50.312" (9) at frame 41487 time 155728072
[01:26:59] sync: "00:31:07.949" (10) at frame 44787 time 168115447
[01:41:07] sync: "00:35:14.154" (11) at frame 50690 time 190273833
[01:50:18] sync: "00:38:00.361" (12) at frame 54675 time 205232527
[02:05:15] sync: "00:42:47.940" (13) at frame 61570 time 231114633
[02:22:16] sync: "00:48:16.102" (14) at frame 69438 time 260649138
[02:34:21] sync: "00:52:16.091" (15) at frame 75192 time 282248216
[02:56:40] sync: "00:57:56.932" (16) at frame 83364 time 312923861
[03:13:11] sync: "01:03:13.832" (17) at frame 90965 time 341456115
[03:28:58] sync: "01:07:50.483" (18) at frame 97598 time 366354738
[03:42:24] sync: "01:11:56.103" (19) at frame 103484 time 388449311
[03:59:49] sync: "01:17:22.346" (20) at frame 111306 time 417811143
[04:14:47] sync: "01:21:33.806" (21) at frame 117335 time 440442502
[04:27:10] sync: "01:25:39.885" (22) at frame 123235 time 462589627
[04:41:28] sync: "01:29:42.210" (23) at frame 129045 time 484398915
[04:53:07] sync: "01:33:30.313" (24) at frame 134514 time 504928173
[05:08:39] sync: "01:37:42.857" (25) at frame 140569 time 527657130
[05:27:16] sync: "01:42:49.038" (26) at frame 147911 time 555217162
[05:40:33] sync: "01:47:01.582" (27) at frame 153965 time 577942365
[05:54:49] sync: "01:51:07.953" (28) at frame 159874 time 600123273
[06:09:28] sync: "01:55:26.169" (29) at frame 166063 time 623355232
[06:26:39] sync: "02:00:53.246" (30) at frame 173906 time 652795893
[06:37:03] sync: "02:04:09.734" (31) at frame 178616 time 670476056
[06:55:27] sync: "02:09:32.264" (32) at frame 186349 time 699503805
[07:13:20] sync: "02:14:32.398" (33) at frame 193545 time 726515790
[07:26:00] sync: "02:18:05.903" (34) at frame 198664 time 745731236
[07:36:28] sync: "02:21:20.180" (35) at frame 203322 time 763216203
[07:53:18] sync: "02:26:35.412" (36) at frame 210880 time 791587046
[08:12:21] sync: "02:31:43.052" (37) at frame 218256 time 819274706
[08:25:37] reader: done. 1 scr changes
[08:25:43] work: average encoding speed for job is 7.343203 fps
[08:25:43] comb detect: heavy 5476 | light 9403 | uncombed 216698 | total 231577
[08:25:43] decomb: deinterlaced 5476 | blended 9403 | unfiltered 216698 | total 231577
[08:25:43] vfr: 231577 frames output, 0 dropped and 0 duped for CFR/PFR
[08:25:43] vfr: lost time: 0 (0 frames)
[08:25:43] vfr: gained time: 0 (0 frames) (0 not accounted for)
[08:25:43] dca-decoder done: 905502 frames, 0 decoder errors
[08:25:43] dca-decoder done: 905502 frames, 0 decoder errors
[08:25:43] hevc-decoder done: 231577 frames, 0 decoder errors
[08:25:43] sync: got 231577 frames, 231577 expected
[08:25:43] sync: framerate min 23.976 fps, max 23.976 fps, avg 23.976 fps
x264 [info]: frame I:3200  Avg QP:16.17  size:110977
x264 [info]: frame P:70294 Avg QP:19.03  size: 34219
x264 [info]: frame B:158083 Avg QP:20.18  size: 11935
x264 [info]: consecutive B-frames:  8.3%  1.4%  2.3% 88.0%
x264 [info]: mb I  I16..4: 11.5% 80.2%  8.3%
x264 [info]: mb P  I16..4:  2.7%  8.2%  0.3%  P16..4: 49.0% 13.0%  6.3%  0.0%  0.0%    skip:20.5%
x264 [info]: mb B  I16..4:  0.1%  0.7%  0.0%  B16..8: 43.4%  3.9%  0.5%  direct: 2.9%  skip:48.5%  L0:45.8% L1:50.6% BI: 3.6%
x264 [info]: 8x8 transform intra:76.0% inter:78.6%
x264 [info]: direct mvs  spatial:100.0% temporal:0.0%
x264 [info]: coded y,uvDC,uvAC intra: 64.8% 53.2% 16.7% inter: 15.4% 14.1% 0.2%
x264 [info]: i16 v,h,dc,p: 29% 11%  9% 51%
x264 [info]: i8 v,h,dc,ddl,ddr,vr,hd,vl,hu: 16%  6%  8%  9% 12% 15% 10% 13% 10%
x264 [info]: i4 v,h,dc,ddl,ddr,vr,hd,vl,hu: 14%  4%  4% 12% 17% 17% 11% 11% 10%
x264 [info]: i8c dc,h,v,p: 39% 26% 23% 11%
x264 [info]: Weighted P-Frames: Y:4.4% UV:1.0%
x264 [info]: ref P L0: 57.0% 10.1% 22.0%  9.1%  1.7%  0.0%
x264 [info]: ref B L0: 87.2%  9.9%  2.9%
x264 [info]: ref B L1: 95.6%  4.4%
x264 [info]: kb/s:3849.23
[08:25:43] mux: track 0, 231577 frames, 4647179626 bytes, 3849.10 kbps, fifo 4096
[08:25:43] mux: track 1, 452752 frames, 193668304 bytes, 160.41 kbps, fifo 8192
[08:25:43] mux: track 2, 301834 frames, 772695040 bytes, 640.00 kbps, fifo 4096
[08:25:43] Finished work at: Sat Sep  4 08:25:43 2021

[08:25:43] libhb: work result = 0
