Handbrake Version: 1.4.0 (2021071900)
[20:21:42] gtkgui: Modified Preset: /General/Fast 1080p30
[20:21:42] Starting work at: Fri Sep  3 20:21:42 2021

[20:21:42] 1 job(s) to process
[20:21:42] json job:
{
    "Audio": {
        "AudioList": [
            {
                "Bitrate": 160,
                "CompressionLevel": -1.0,
                "DRC": 0.0,
                "DitherMethod": "auto",
                "Encoder": "av_aac",
                "Gain": 0.0,
                "Mixdown": "stereo",
                "NormalizeMixLevel": false,
                "PresetEncoder": "av_aac",
                "Quality": -3.0,
                "Samplerate": 0,
                "Track": 0
            }
        ],
        "CopyMask": [
            "copy:aac"
        ],
        "FallbackEncoder": "av_aac"
    },
    "Destination": {
        "AlignAVStart": true,
        "ChapterList": [
            {
                "Duration": {
                    "Hours": 2,
                    "Minutes": 40,
                    "Seconds": 56,
                    "Ticks": 869048730
                },
                "Name": ""
            }
        ],
        "ChapterMarkers": false,
        "File": "/home/gman72/Videos/HarryPotterandtheChamberofSecrets.m4v",
        "InlineParameterSets": false,
        "Mp4Options": {
            "IpodAtom": false,
            "Mp4Optimize": false
        },
        "Mux": "m4v"
    },
    "Filters": {
        "FilterList": [
            {
                "ID": 3,
                "Settings": {
                    "block-height": "16",
                    "block-thresh": "40",
                    "block-width": "16",
                    "filter-mode": "2",
                    "mode": "3",
                    "motion-thresh": "1",
                    "spatial-metric": "2",
                    "spatial-thresh": "1"
                }
            },
            {
                "ID": 4,
                "Settings": {
                    "mode": "7"
                }
            },
            {
                "ID": 6,
                "Settings": {
                    "mode": 2,
                    "rate": "27000000/900000"
                }
            },
            {
                "ID": 13,
                "Settings": {
                    "crop-bottom": 0,
                    "crop-left": 0,
                    "crop-right": 0,
                    "crop-top": 0,
                    "height": 536,
                    "width": 1280
                }
            }
        ]
    },
    "Metadata": {
        "Name": "Harry Potter and the Chamber of Secrets (2002)"
    },
    "PAR": {
        "Den": 1,
        "Num": 1
    },
    "SequenceID": 0,
    "Source": {
        "Angle": 0,
        "Path": "/home/gman72/omv/media/movies/Harry Potter and the Chamber of Secrets (2002)/Harry Potter and the Chamber of Secrets (2002).mkv",
        "Range": {
            "End": 1,
            "Start": 1,
            "Type": "chapter"
        },
        "Title": 1
    },
    "Subtitle": {
        "Search": {
            "Burn": true,
            "Default": false,
            "Enable": true,
            "Forced": true
        },
        "SubtitleList": []
    },
    "Video": {
        "ColorFormat": 0,
        "ColorMatrix": 1,
        "ColorPrimaries": 1,
        "ColorRange": 0,
        "ColorTransfer": 1,
        "Encoder": "x264",
        "Level": "4.0",
        "Options": "",
        "Preset": "fast",
        "Profile": "main",
        "QSV": {
            "AdapterIndex": 1,
            "AsyncDepth": 0,
            "Decode": false
        },
        "Quality": 19.0,
        "Tune": "",
        "Turbo": false,
        "TwoPass": false
    }
}
[20:21:42] CPU: Intel(R) Core(TM) i5-2500S CPU @ 2.70GHz
[20:21:42]  - Intel microarchitecture Sandy Bridge
[20:21:42]  - logical processor count: 4
[20:21:42] Intel Quick Sync Video support: no
[20:21:42] hb_scan: path=/home/gman72/omv/media/movies/Harry Potter and the Chamber of Secrets (2002)/Harry Potter and the Chamber of Secrets (2002).mkv, title_index=1
udfread ERROR: ECMA 167 Volume Recognition failed
disc.c:333: failed opening UDF image /home/gman72/omv/media/movies/Harry Potter and the Chamber of Secrets (2002)/Harry Potter and the Chamber of Secrets (2002).mkv
disc.c:437: error opening file BDMV/index.bdmv
disc.c:437: error opening file BDMV/BACKUP/index.bdmv
bluray.c:2646: nav_get_title_list(/home/gman72/omv/media/movies/Harry Potter and the Chamber of Secrets (2002)/Harry Potter and the Chamber of Secrets (2002).mkv/) failed
[20:21:42] bd: not a bd - trying as a stream/file instead
libdvdread: DVDOpenFileUDF:UDFFindFile /VIDEO_TS/VIDEO_TS.IFO failed
libdvdnav: vm: vm: failed to read VIDEO_TS.IFO
[20:21:42] dvd: not a dvd - trying as a stream/file instead
Input #0, matroska,webm, from '/home/gman72/omv/media/movies/Harry Potter and the Chamber of Secrets (2002)/Harry Potter and the Chamber of Secrets (2002).mkv':
  Metadata:
    encoder         : libebml v0.7.7 + libmatroska v0.8.1
    creation_time   : 2007-11-23T22:33:49.000000Z
  Duration: 02:40:56.10, start: 0.000000, bitrate: 5824 kb/s
  Stream #0:0(eng): Video: h264 (High), yuv420p(progressive), 1280x536, SAR 1:1 DAR 160:67, 23.98 fps, 23.98 tbr, 1k tbn, 47.95 tbc (default)
  Stream #0:1(eng): Audio: dts (DTS), 48000 Hz, 5.1(side), fltp, 1536 kb/s (default)
  Stream #0:2(eng): Subtitle: ass (default)
  Stream #0:3: Attachment: ttf
    Metadata:
      filename        : CronosPro-Bold.ttf
      mimetype        : application/x-truetype-font
  Stream #0:4: Attachment: ttf
    Metadata:
      filename        : CronosPro-Semibold.ttf
      mimetype        : application/x-truetype-font
  Stream #0:5: Attachment: ttf
    Metadata:
      filename        : CronosPro-SemiboldIt.ttf
      mimetype        : application/x-truetype-font
  Stream #0:6: Attachment: ttf
    Metadata:
      filename        : CronosPro-Bold.ttf
      mimetype        : application/x-truetype-font
  Stream #0:7: Attachment: ttf
    Metadata:
      filename        : CronosPro-Semibold.ttf
      mimetype        : application/x-truetype-font
  Stream #0:8: Attachment: ttf
    Metadata:
      filename        : CronosPro-SemiboldIt.ttf
      mimetype        : application/x-truetype-font
[20:21:42] scan: decoding previews for title 1
[20:21:42] scan: audio 0x1: dca, rate=48000Hz, bitrate=1536000 English (DTS) (5.1 ch) (1536 kbps)
[20:21:42] scan: 10 previews, 1280x536, 23.976 fps, autocrop = 0/0/0/0, aspect 2.39:1, PAR 1:1, color profile: 1-1-1
[20:21:42] libhb: scan thread found 1 valid title(s)
[20:21:42] Skipping subtitle scan.  No suitable subtitle tracks.
[20:21:42] Starting Task: Encoding Pass
[20:21:42] Skipping crop/scale filter
[20:21:42] job configuration:
[20:21:42]  * source
[20:21:42]    + /home/gman72/omv/media/movies/Harry Potter and the Chamber of Secrets (2002)/Harry Potter and the Chamber of Secrets (2002).mkv
[20:21:42]    + title 1, chapter(s) 1 to 1
[20:21:42]    + container: matroska,webm
[20:21:42]    + data rate: 5824 kbps
[20:21:42]  * destination
[20:21:42]    + /home/gman72/Videos/HarryPotterandtheChamberofSecrets.m4v
[20:21:42]    + container: MPEG-4 (libavformat)
[20:21:42]      + align initial A/V stream timestamps
[20:21:42]  * video track
[20:21:42]    + decoder: h264 8-bit
[20:21:42]    + filters
[20:21:42]      + Comb Detect (mode=3:spatial-metric=2:motion-thresh=1:spatial-thresh=1:filter-mode=2:block-thresh=40:block-width=16:block-height=16)
[20:21:42]      + Decomb (mode=39)
[20:21:42]      + Framerate Shaper (mode=2:rate=27000000/900000)
[20:21:42]        + frame rate: 23.976 fps -> peak rate limited to 30.000 fps
[20:21:42]    + Output geometry
[20:21:42]      + storage dimensions: 1280 x 536
[20:21:42]      + pixel aspect ratio: 1 : 1
[20:21:42]      + display dimensions: 1280 x 536
[20:21:42]    + encoder: H.264 (libx264)
[20:21:42]      + preset:  fast
[20:21:42]      + profile: main
[20:21:42]      + level:   4.0
[20:21:42]      + quality: 19.00 (RF)
[20:21:42]      + color profile: 1-1-1
[20:21:42]  * audio track 1
[20:21:42]    + decoder: English (DTS) (5.1 ch) (1536 kbps) (track 1, id 0x1)
[20:21:42]      + bitrate: 1536 kbps, samplerate: 48000 Hz
[20:21:42]    + mixdown: Stereo
[20:21:42]    + encoder: AAC (libavcodec)
[20:21:42]      + bitrate: 160 kbps, samplerate: 48000 Hz
[20:21:42] sync: expecting 231514 video frames
[20:21:42] encx264: min-keyint: 24, keyint: 240
[20:21:42] encx264: encoding at constant RF 19.000000
[20:21:42] encx264: unparsed options: level=4.0:ref=2:8x8dct=0:weightp=1:subme=6:vbv-bufsize=25000:vbv-maxrate=20000:rc-lookahead=30
x264 [info]: using SAR=1/1
x264 [info]: using cpu capabilities: MMX2 SSE2Fast SSSE3 SSE4.2 AVX
x264 [info]: profile Main, level 4.0, 4:2:0, 8-bit
[20:21:42] sync: first pts video is 0
[20:21:42] sync: Chapter 1 at frame 1 time 0
[20:21:42] sync: first pts audio 0x1 is 0
[21:46:24] reader: done. 1 scr changes
[21:46:26] work: average encoding speed for job is 45.542522 fps
[21:46:26] comb detect: heavy 10 | light 372 | uncombed 231133 | total 231515
[21:46:26] decomb: deinterlaced 10 | blended 372 | unfiltered 231133 | total 231515
[21:46:26] vfr: 231515 frames output, 0 dropped and 0 duped for CFR/PFR
[21:46:26] vfr: lost time: 0 (0 frames)
[21:46:26] vfr: gained time: 0 (0 frames) (0 not accounted for)
[21:46:26] dca-decoder done: 905206 frames, 0 decoder errors
[21:46:26] h264-decoder done: 231515 frames, 0 decoder errors
[21:46:26] sync: got 231515 frames, 231514 expected
[21:46:26] sync: framerate min 23.976 fps, max 23.976 fps, avg 23.976 fps
x264 [info]: frame I:3116  Avg QP:15.39  size: 69306
x264 [info]: frame P:65730 Avg QP:18.20  size: 20784
x264 [info]: frame B:162669 Avg QP:20.38  size:  7025
x264 [info]: consecutive B-frames:  4.4%  4.2%  4.4% 87.0%
x264 [info]: mb I  I16..4: 20.3%  0.0% 79.7%
x264 [info]: mb P  I16..4:  5.1%  0.0%  7.7%  P16..4: 42.8% 22.3% 10.9%  0.0%  0.0%    skip:11.1%
x264 [info]: mb B  I16..4:  5.3%  0.0%  1.4%  B16..8: 29.9%  9.5%  0.7%  direct:13.6%  skip:39.6%  L0:43.2% L1:42.4% BI:14.4%
x264 [info]: coded y,uvDC,uvAC intra: 55.5% 65.3% 24.9% inter: 19.9% 25.6% 0.5%
x264 [info]: i16 v,h,dc,p: 36% 20% 24% 20%
x264 [info]: i4 v,h,dc,ddl,ddr,vr,hd,vl,hu: 26% 17% 18%  6%  8%  7%  6%  6%  5%
x264 [info]: i8c dc,h,v,p: 55% 18% 21%  6%
x264 [info]: Weighted P-Frames: Y:6.2% UV:2.0%
x264 [info]: ref P L0: 66.2% 33.8%
x264 [info]: ref B L0: 81.4% 18.6%
x264 [info]: ref B L1: 96.2%  3.8%
x264 [info]: kb/s:2257.46
[21:46:26] mux: track 0, 231515 frames, 2724675008 bytes, 2257.37 kbps, fifo 4096
[21:46:26] mux: track 1, 452604 frames, 193751867 bytes, 160.52 kbps, fifo 8192
[21:46:26] Finished work at: Fri Sep  3 21:46:26 2021

[21:46:26] libhb: work result = 0
